<openmm.openmm.HarmonicBondForce; proxy of <Swig Object of type 'OpenMM::HarmonicBondForce *' at 0x2af9aae63a20> >
<openmm.openmm.HarmonicAngleForce; proxy of <Swig Object of type 'OpenMM::HarmonicAngleForce *' at 0x2af9aae63a50> >
<openmm.openmm.NonbondedForce; proxy of <Swig Object of type 'OpenMM::NonbondedForce *' at 0x2af9aae63f90> >
<openmm.openmm.CMMotionRemover; proxy of <Swig Object of type 'OpenMM::CMMotionRemover *' at 0x2af9aae63a20> >
<openmm.openmm.MonteCarloBarostat; proxy of <Swig Object of type 'OpenMM::MonteCarloBarostat *' at 0x2af9aae63a50> >
#"Progress (%)"	"Step"	"Total Energy (kJ/mole)"	"Temperature (K)"	"Box Volume (nm^3)"	"Density (g/mL)"
0.1%	10000	-32387.7958673322	300.51952423615205	30.53198296955851	0.9758779422306779
0.2%	20000	-32207.106578961422	303.2876676298252	30.156855917940725	0.988017079553347
0.3%	30000	-32277.623506734555	301.964931367134	30.23422430773776	0.9854887762054934
0.4%	40000	-32389.15585447516	298.48135837565775	29.966903342139723	0.9942798684392653
0.5%	50000	-32116.362596962543	302.91931394006133	30.102858251279578	0.9897893570052723
0.6%	60000	-32057.165851815545	301.2276326302539	30.51133266156045	0.9765384240358849
0.7%	70000	-32192.983193171618	307.8112818894675	29.940985981437088	0.9951405318123984
0.8%	80000	-33098.899488037394	291.0665310976472	30.248566038158756	0.9850215271351267
0.9%	90000	-32458.57814636425	299.50135606604255	30.320099159917337	0.9826976011986135
1.0%	100000	-32581.705715933815	295.7295272362574	30.424573599423777	0.9793231321775754
1.1%	110000	-32738.09620953485	297.84570075376905	30.179698871958692	0.9872692513920072
1.2%	120000	-32280.7601609751	307.5068972736462	30.421738394868026	0.9794144018272536
1.3%	130000	-32037.52632784698	305.20948318481805	30.39329539966984	0.980330968417414
1.4%	140000	-32450.92530910502	302.9255978980724	30.513134085095935	0.9764807715084369
1.5%	150000	-32528.175556369533	295.30285172629397	30.28181605870756	0.9839399544198456
1.6%	160000	-32496.60789515503	298.8639861294303	30.43918006319089	0.9788531967911177
1.7%	170000	-31801.05331825366	306.2466589603648	30.276715192777285	0.9841057235846635
1.8%	180000	-32199.410741317028	304.11169183871857	30.87649965513333	0.964989200373989
1.9%	190000	-31959.320184654498	298.8233450475697	31.07127356092159	0.9589400529120479
2.0%	200000	-32430.777190331544	293.2788657682912	30.697191527888126	0.970625885611911
2.1%	210000	-32397.766457256803	297.50156646013346	30.896371832345846	0.9643685308500058
2.2%	220000	-32250.903758682718	306.96121768407124	30.28515140490695	0.9838315917326816
2.3%	230000	-31926.097714011732	295.26697308566014	30.367921285945634	0.9811500903206144
2.4%	240000	-32079.42266414076	295.24633568942374	30.94529088126244	0.9628440342306239
2.5%	250000	-32322.50790827241	296.90538161078325	30.13304145893659	0.9887979198236023
2.6%	260000	-32200.13073031226	303.0670867070276	30.20513009781844	0.9864380195040721
2.7%	270000	-32073.48962234537	306.2152446149201	30.454245296500716	0.9783689736018004
2.8%	280000	-32502.92542486306	290.1354548604555	30.001761524853038	0.9931246432937846
2.9%	290000	-32458.11972225021	298.99502310811636	29.90904613189787	0.9962032416934254
3.0%	300000	-32444.3472100356	290.7470896155104	30.54410614331508	0.9754906093094475
3.1%	310000	-32060.960194217332	296.4699743033099	30.93063382349466	0.9633002958355948
3.2%	320000	-32289.107583850564	299.425919042632	30.45562016431139	0.9783248067780251
3.3%	330000	-31901.456700275594	306.40912099610637	30.359120892121	0.9814345026139272
3.4%	340000	-32402.40052093583	302.0160712127188	30.236419720855828	0.9854172216032301
3.5%	350000	-32093.266274549474	305.8013831843014	29.937681892217718	0.9952503610608604
3.6%	360000	-32129.08788478555	298.3286708666667	30.1397070001328	0.9885792424068217
3.7%	370000	-32515.317682959372	293.5981526209736	30.38358895465786	0.9806441482939809
3.8%	380000	-32414.224885647593	302.0306954003349	30.416334562740573	0.9795884067192556
3.9%	390000	-32224.795732382976	304.7751483776861	29.88656204219351	0.9969526996945963
4.0%	400000	-32415.094034122943	301.4583134242379	30.031825883665807	0.9921304428166825
4.1%	410000	-32552.02272234502	299.2682485497317	30.159270031072214	0.9879379932557202
4.2%	420000	-32424.668307598622	296.2356923585413	30.568117321027277	0.9747243639391249
4.3%	430000	-32261.30314868217	297.5479118334716	30.11331163300004	0.9894457665660097
4.4%	440000	-32240.46327938669	300.099994123564	30.202122042716315	0.9865362662402883
4.5%	450000	-31952.811392730044	300.597555264875	30.50368237213667	0.9767833387804778
4.6%	460000	-31812.35702100926	300.2238308887841	30.03038402481268	0.992178078306833
4.7%	470000	-32411.753923350887	295.66214381200615	30.54731922498172	0.9753880035465761
4.8%	480000	-32427.71909774508	285.9579921268661	30.078598330877142	0.9905876724969709
4.9%	490000	-32651.015428711602	287.84639371078134	30.359533669555102	0.9814211587325575
5.0%	500000	-32054.13972843456	305.98896199161754	30.29049609126137	0.9836579969765066
5.1%	510000	-31611.45947864669	306.3580398440601	30.24778012729052	0.9850471203892553
5.2%	520000	-32756.622258637042	297.273292575622	30.48914085179679	0.977249206771235
5.3%	530000	-32618.252807979414	293.33018770591576	30.080811916493015	0.9905147771699038
5.4%	540000	-31832.904900638794	305.6284198955422	30.871595029207928	0.9651425099469286
5.5%	550000	-32054.269068631984	297.8676848771523	30.213885681888325	0.986152162825443
5.6%	560000	-32181.14758969989	306.2988657224207	30.15733901980078	0.988001252132745
5.7%	570000	-32521.88661293307	294.9929412366851	30.574074656040505	0.9745344396438892
5.8%	580000	-32271.291644343582	293.4355962115586	30.735374588216395	0.969420061142776
5.9%	590000	-32445.485739339318	297.1101514440984	30.15961252387737	0.9879267742238322
6.0%	600000	-31921.212934236217	298.35887288198023	30.45531981058861	0.9783344551251656
6.1%	610000	-32261.74359242164	303.17140179761344	30.355386414262828	0.9815552438019736
6.2%	620000	-32165.272988256707	311.9904172014616	30.29060024762843	0.983654614599051
6.3%	630000	-32303.40104346996	306.77758598983064	30.150673540226137	0.9882196718691078
6.4%	640000	-32418.455832088774	296.218449918397	30.32321174125472	0.9825967304122376
6.5%	650000	-32194.353639414476	307.5169762122018	30.517429921806375	0.9763433155707637
6.6%	660000	-32538.04086435301	301.5573591994827	30.063378727908084	0.9910891580824035
6.7%	670000	-32235.232382688147	296.56787300122534	30.86628060690762	0.9653086839976074
6.8%	680000	-32501.095114587282	295.22240100965973	30.39595441501715	0.9802452097978661
6.9%	690000	-32166.932171321183	300.0169273889009	30.518652795220532	0.976304193782141
7.0%	700000	-32723.840417006228	294.42407176114307	30.507136387168046	0.976672747465327
7.1%	710000	-32583.550749915128	295.95348857811865	30.243171025397018	0.9851972429588747
7.2%	720000	-32352.254018721113	313.6763130216655	29.83108702681862	0.9988066705637729
7.3%	730000	-32369.202516791353	297.09953363016274	30.29080681257882	0.9836479066705393
7.4%	740000	-32709.06849520089	306.4385982975027	30.071277495848516	0.9908288304901006
7.5%	750000	-32540.649497234204	306.37115266845217	30.04666003127789	0.9916406243335678
7.6%	760000	-31846.3472285326	309.45280782650025	30.21796265026864	0.9860191124529695
7.7%	770000	-32355.46856418949	296.146831905134	29.770956886774467	1.0008240187197777
7.8%	780000	-32309.215037109272	300.9682885317925	29.93479671842854	0.9953462852217092
7.9%	790000	-32484.72043115244	290.891259537109	30.61101957991093	0.9733582586092208
8.0%	800000	-32278.846982422227	297.4064530292857	30.24969256196097	0.9849848441112005
8.1%	810000	-32170.74390581803	296.2748076258442	30.270833907951843	0.9842969243317703
8.2%	820000	-32625.373298700142	300.43460340100813	30.624276790244423	0.9729368930614691
8.3%	830000	-32305.383702313935	300.1132668544223	30.020727759570107	0.9924972156298429
8.4%	840000	-32408.402076274797	304.79855270173704	30.537822164508604	0.9756913427567048
8.5%	850000	-32036.39905472094	305.36374101283417	29.977994921993304	0.9939119941172403
8.6%	860000	-32055.470694560034	297.9942245262298	30.804810012541317	0.9672349448162305
8.7%	870000	-32457.489074348414	298.12436836465446	30.337786659762056	0.9821246700265561
8.8%	880000	-32208.58957165078	294.29385102601805	30.669237622201813	0.9715105761541841
8.9%	890000	-32316.319618736336	300.0478886135594	30.32083481598326	0.9826737586014134
9.0%	900000	-32158.186792220862	298.12899087153454	30.433288195381756	0.9790427022301297
9.1%	910000	-31811.087891692237	299.46824259474835	30.74557617757723	0.969098401033861
9.2%	920000	-32055.98820567032	300.0096367719532	30.558382826892817	0.9750348662538985
9.3%	930000	-32340.8924194235	306.69990627996367	29.923894766441766	0.9957089123962932
9.4%	940000	-32675.09689217893	301.0919747422375	29.793446064207185	1.000068560325089
9.5%	950000	-32595.639563594887	296.64460402900175	29.996155382620103	0.9933102536806597
9.6%	960000	-32286.578105644265	300.21681511678565	30.632039510654703	0.9726903330152451
9.7%	970000	-32666.065892221464	303.9229610590598	30.309088381345173	0.9830545985966894
9.8%	980000	-32577.145182067004	299.1211063187236	30.138512949239264	0.9886184087031058
9.9%	990000	-31951.994918122597	299.39773531049167	30.342091902666574	0.9819853162443399
10.0%	1000000	-31959.8385129589	306.5189654104223	29.732705309569113	1.002111594028598
10.1%	1010000	-32590.356119379867	294.24158610412076	30.531930464305336	0.9758796204317497
10.2%	1020000	-32356.01731686549	298.1421084859955	30.668457496579098	0.9715352888510416
10.3%	1030000	-32188.37749856891	298.64484686147404	30.338894842894824	0.9820887961425787
10.4%	1040000	-32715.25567071367	286.05468228201545	30.131664715392784	0.988843098912282
10.5%	1050000	-32149.361239295395	311.9755366522857	30.232572900019786	0.985542607011637
10.6%	1060000	-32145.455870584527	302.50969128265484	30.358537133024665	0.9814533744494129
10.7%	1070000	-32719.012614721374	296.00851062101304	30.549430633662503	0.975320590090577
10.8%	1080000	-32380.083581901563	294.85349562103227	30.6267242723043	0.9728591424809632
10.9%	1090000	-32126.862532996747	303.12696906278217	30.221683052856825	0.9858977298002707
11.0%	1100000	-32317.492988773884	306.9588827093148	30.277054058499413	0.9840947093130628
11.1%	1110000	-32094.28357863886	295.13615491598256	30.40969454776896	0.9798023017216015
11.2%	1120000	-32474.739535647386	299.1940750277412	30.2079820990959	0.9863448877456338
11.3%	1130000	-32297.314996712783	302.09313771155746	30.5095345002293	0.9765959789498241
11.4%	1140000	-32030.680972871778	303.9592277892648	29.831068355789984	0.998807295708931
11.5%	1150000	-32253.316844077257	294.56786087246894	30.184204013901116	0.9871218965665871
11.6%	1160000	-31969.89174126537	318.9237468392264	29.770641699644194	1.000834614623405
11.7%	1170000	-32517.844619891548	293.8538018743227	30.013743279779707	0.9927281790481668
11.8%	1180000	-32050.3139516394	303.4901151128571	29.71216553314779	1.0028043455571798
11.9%	1190000	-32148.828132021998	310.2709728151361	30.1583128484115	0.9879693490255791
12.0%	1200000	-32209.90525592171	306.8938276221102	29.879431617136422	0.9971906124033024
12.1%	1210000	-32540.130919950258	289.05871242020294	30.807808211703634	0.9671408140367416
12.2%	1220000	-32273.036378876946	300.76783091105267	30.507321918380487	0.9766668078001055
12.3%	1230000	-32170.369395052257	296.1181046381694	30.254626065325773	0.9848242264908664
12.4%	1240000	-32305.418885734107	295.9852275195531	30.19047789270603	0.9869167629093213
12.5%	1250000	-32093.111170080898	305.3319164459023	30.34444142769165	0.9819092825799777
12.6%	1260000	-31999.74045080127	297.2993659966468	30.280157563716315	0.9839938464606204
12.7%	1270000	-32066.820241074485	305.55002678788975	29.686495548345867	1.0036714729103506
12.8%	1280000	-32172.6705072177	300.5686202497222	30.33152790492628	0.9823273264026915
12.9%	1290000	-32113.86850362731	307.90147868707635	30.21717619493963	0.9860447753402126
13.0%	1300000	-32142.13361493667	302.8077194791158	30.84599047652209	0.9659436527166538
13.1%	1310000	-31908.77753369455	304.2510866574334	30.2461574763385	0.9850999663631258
13.2%	1320000	-32188.605711816228	304.5317300812186	30.096350722371664	0.9900033724157408
13.3%	1330000	-32108.483860719076	312.82763713390244	30.392108991781292	0.980369237311311
13.4%	1340000	-31852.34607570822	319.3333399746391	30.02267992240228	0.9924326805456866
13.5%	1350000	-32013.72360170883	303.6384812186206	30.26354002598995	0.9845341518859615
13.6%	1360000	-32600.509043620783	298.4180532281514	30.57402604475272	0.9745359891085892
13.7%	1370000	-32339.840299381816	303.1001774488987	30.43395222585014	0.9790213407526815
13.8%	1380000	-32667.38880556909	291.09842380918167	30.01967722305194	0.9925319480009291
13.9%	1390000	-31779.157609808666	311.89564220101136	30.555805471388172	0.9751171095932898
14.0%	1400000	-32074.077238146623	306.5804567334884	30.655326299391227	0.9719514456170237
14.1%	1410000	-32470.715166019043	302.59992895720563	30.360704118024827	0.9813833235463599
14.2%	1420000	-31958.569706696027	305.5802523151751	30.188557605775618	0.9869795404486117
14.3%	1430000	-32194.44025270635	302.76453730314586	30.381881218760633	0.980699269344662
14.4%	1440000	-32012.477748603502	307.28041403375136	30.505989896297415	0.9767094532530222
14.5%	1450000	-32164.08810546802	300.63989774901165	30.283707166654498	0.9838785109295599
14.6%	1460000	-32499.622944383358	294.23021127502255	30.124142797974173	0.9890900103739579
14.7%	1470000	-32492.570963292324	297.9807477508128	29.92623255893765	0.9956311291063686
14.8%	1480000	-32505.380679573806	296.9960833853274	30.33879048297921	0.9820921743492328
14.9%	1490000	-32049.350027433073	300.9905392064753	30.55367555928138	0.975185085497964
15.0%	1500000	-32114.433337436465	300.2050262193995	30.370358153497683	0.9810713644522295
15.1%	1510000	-31961.801824872324	299.369015055409	30.73456218373035	0.9694456857539817
15.2%	1520000	-32456.184934304038	289.1559586760129	29.89984322025341	0.9965098643852467
15.3%	1530000	-32458.822983477206	299.84891006397555	30.015261877066372	0.9926779527890965
15.4%	1540000	-32551.41432119714	299.084468289437	30.049521542877486	0.9915461938400536
15.5%	1550000	-32033.006812726322	300.0894314465354	30.53972461628958	0.9756305627151023
15.6%	1560000	-31966.0796669118	317.6966919216953	30.5051393889062	0.976736684684371
15.7%	1570000	-32336.221848093846	294.8995258752863	30.676635062437242	0.9712763036725198
15.8%	1580000	-31943.419052663667	307.19971681849603	30.06722424471639	0.9909624004547317
15.9%	1590000	-32220.241022984206	301.9765592553425	30.401531859680585	0.9800653746685222
16.0%	1600000	-32183.280618762714	297.2165750838883	29.986270478978145	0.9936376960730401
16.1%	1610000	-32796.78586550191	291.0220253943894	30.35487216539718	0.9815718725549443
16.2%	1620000	-31971.581141246425	302.826193203723	30.71115591467604	0.9701845412570874
16.3%	1630000	-32411.275728028908	294.4952651816452	29.658129131965406	1.004631431064929
16.4%	1640000	-32256.216972228547	304.26611059217026	30.341486372235472	0.982004913899662
16.5%	1650000	-32512.131906534254	288.93911516160125	30.660717911013915	0.9717805303525446
16.6%	1660000	-31809.806645847333	305.0440279311059	30.316248148138907	0.9828224312903308
16.7%	1670000	-32171.65076317865	299.2995885963264	30.45181482797805	0.9784470607374056
16.8%	1680000	-31954.24257036572	305.38640345588306	30.812632166860887	0.9669894006848282
16.9%	1690000	-32378.353826032893	309.24992358635075	30.74852945372723	0.9690053229177488
17.0%	1700000	-32199.686754838505	308.040311355515	29.79175048619729	1.0001254785736509
17.1%	1710000	-32126.084047839453	296.77646528915307	30.17896899300458	0.9872931285181211
17.2%	1720000	-32018.844459769258	303.34415895663386	30.36745460480432	0.9811651684445437
17.3%	1730000	-32640.198048108665	303.3701912528825	29.58826107382754	1.0070037113100447
17.4%	1740000	-32716.00273859728	290.88114894941714	29.931223216517257	0.9954651200527118
17.5%	1750000	-31967.777849016886	307.3627159084088	31.011464716048987	0.960789468842314
17.6%	1760000	-32283.446051970997	297.24640926443243	30.390177214526513	0.9804315553090165
17.7%	1770000	-32366.411351997347	304.30170078812347	30.179028910894715	0.9872911683317486
17.8%	1780000	-32239.773202640412	304.61874316031157	30.25939718487427	0.9846689453367135
17.9%	1790000	-32118.68697651144	301.94538555788455	30.506449761468314	0.976694729984233
18.0%	1800000	-32717.69456530892	292.11304648107284	30.39666309733592	0.9802223558929486
18.1%	1810000	-32040.260494475428	303.13988786101754	30.967223630665178	0.962162093312427
18.2%	1820000	-32188.405091570632	303.65948851362947	30.363265469608194	0.9813005370709668
18.3%	1830000	-32918.66671022208	291.2319595630214	30.136809993252196	0.9886742730642772
18.4%	1840000	-32577.40087748383	297.36275205753884	30.11336376210617	0.9894440537409736
18.5%	1850000	-32209.139761791972	288.31898742522935	30.367724855799228	0.9811564367774794
18.6%	1860000	-32112.561588927114	301.4690588095804	30.231462777679784	0.9855787968868378
18.7%	1870000	-32314.941370156652	299.23125275674334	30.20134867957253	0.9865615283832613
18.8%	1880000	-32475.487838664034	301.4632193788622	30.413953759195632	0.9796650888754056
18.9%	1890000	-32335.14001677645	298.9734405521028	30.317588098936262	0.9827789933461193
19.0%	1900000	-32231.13476230664	307.62898785627397	30.451231748996197	0.9784657960030485
19.1%	1910000	-31768.702367189282	300.9474042701146	30.87611760077231	0.9650011409403876
19.2%	1920000	-32792.47938282968	292.4174598783228	30.303364193338695	0.9832402937989483
19.3%	1930000	-32524.665226117184	300.2321841045559	30.247904956085332	0.9850430552401135
19.4%	1940000	-31892.349420519953	300.97042764355854	30.19749826902742	0.9866873224764819
19.5%	1950000	-32143.461062034534	300.04093390749057	30.550282413556843	0.9752933969387125
19.6%	1960000	-32208.47168157826	303.15403593719344	30.737779572592643	0.9693442118090413
19.7%	1970000	-32730.48346099694	293.23154532541463	30.238831539032017	0.9853386257367488
19.8%	1980000	-32474.684086161607	304.44991752118625	30.080181415138405	0.9905355390429837
19.9%	1990000	-32235.713658147433	301.1250273505857	30.315692482668585	0.9828404457390798
20.0%	2000000	-32439.964827159594	298.34684089746463	29.968134829516075	0.9942390102706302
20.1%	2010000	-31789.54463218985	317.95861239890934	30.060816415920723	0.9911736361483072
20.2%	2020000	-32397.147321230674	301.66256149175973	30.128055460305646	0.9889615594943076
20.3%	2030000	-32472.882754976803	296.02129133552006	29.866487468720543	0.9976227952403163
20.4%	2040000	-32177.359392763523	303.53988361909666	30.68670140990642	0.9709576899306667
20.5%	2050000	-32310.51267324941	291.5125160030667	30.506313612376914	0.9766990889540432
20.6%	2060000	-31528.880539807433	310.0781994554568	31.17269474145191	0.9558201162806209
20.7%	2070000	-32696.46807694662	296.74904391278363	29.97561324534293	0.993990964211014
20.8%	2080000	-32368.538592563884	301.5385731847504	30.523624648544384	0.97614516806659
20.9%	2090000	-32372.96512153832	297.1160157654988	30.777843599502752	0.9680824004523906
21.0%	2100000	-32463.620968258183	295.26666584057796	30.09357783650065	0.9900945934190574
21.1%	2110000	-32346.328170570487	293.45426123154544	30.327827718884308	0.9824471765250113
21.2%	2120000	-32709.23840920109	297.89786510053915	30.211683681024983	0.9862240392536772
21.3%	2130000	-32438.555375288648	302.46478276911296	29.946106222757226	0.9949703808207325
21.4%	2140000	-31788.6827975348	304.26182362447304	30.591519614668844	0.9739787067742697
21.5%	2150000	-32228.59362531727	297.9565528503041	29.822518279698745	0.9990936524243065
21.6%	2160000	-32578.999388580385	301.1330271663886	29.969341259672877	0.9941989867040572
21.7%	2170000	-31950.41713494662	303.7061972632939	30.527526656571762	0.9760203978444709
21.8%	2180000	-32635.490301233192	293.57861593345757	30.57811893275417	0.9744055472502927
21.9%	2190000	-32604.084389484895	292.91663116254057	30.541980300762535	0.9755585073116875
22.0%	2200000	-32310.532273556048	302.2423293220706	30.583918361175897	0.9742207770989251
22.1%	2210000	-32434.94321052538	290.7042099741447	30.319207272578797	0.982726508799668
22.2%	2220000	-32132.974004350544	300.79802986477006	30.7794680815403	0.9680313068965747
22.3%	2230000	-32251.905742621922	297.9263642554233	30.185137926064897	0.9870913555384627
22.4%	2240000	-31828.41962208686	301.67550689459006	30.167911328248863	0.9876550082754564
22.5%	2250000	-32123.05148850655	306.15486212730025	30.372989937201194	0.9809863557772758
22.6%	2260000	-32149.19373100478	301.2938396444314	30.50148474864825	0.9768537157482252
22.7%	2270000	-32236.36243426468	307.69658756637926	30.029958635036497	0.9921921330185226
22.8%	2280000	-32426.10084529029	291.7027741814152	30.87484504483405	0.9650409150001619
22.9%	2290000	-32455.583049327543	298.34082135296353	29.914622527434215	0.9960175390891162
23.0%	2300000	-32570.135515708418	292.8013071813367	30.010671378018998	0.9928297950167905
23.1%	2310000	-32364.524227741	300.1938148825344	30.589125337373723	0.9740549422036204
23.2%	2320000	-32117.58519517997	297.93298084349334	30.969433884466188	0.9620934248817458
23.3%	2330000	-32448.457661450782	302.6222549361985	30.574921690116458	0.9745074415738061
23.4%	2340000	-32630.100331936905	291.8840188959348	30.59636054470721	0.9738246046949891
23.5%	2350000	-31977.602979545074	303.3664688532385	30.923389488117742	0.9635259654833027
23.6%	2360000	-32419.420834855526	297.7703316759084	30.326499579639382	0.9824902024814948
23.7%	2370000	-32609.170813318284	294.80530587658285	29.83950069364063	0.9985250429778422
23.8%	2380000	-32569.798647742427	282.27933841224336	30.882368516330086	0.9648058145799115
23.9%	2390000	-31859.921050901467	300.2778847891189	30.317262041828283	0.9827895629706425
24.0%	2400000	-32346.761352819565	295.75497363331596	30.186972436241316	0.9870313684317528
24.1%	2410000	-32411.732836875075	304.72419504412363	30.1547085813464	0.9880874368982048
24.2%	2420000	-32709.62069272407	295.6234617671118	30.3206297112522	0.982680405924998
24.3%	2430000	-32599.529680737876	302.13105646502476	30.025803381991217	0.9923294418968155
24.4%	2440000	-32190.084142941458	299.8604164026184	30.165228680381855	0.9877428422060182
24.5%	2450000	-31933.835854116536	301.7701216695647	31.057056863557	0.9593790178977812
24.6%	2460000	-32558.891827527375	294.3678858440023	30.348793132422152	0.9817684868899718
24.7%	2470000	-32306.865416927205	296.70913072811123	30.864993733210326	0.96534893122286
24.8%	2480000	-32453.237922612985	303.1433138758321	30.627150908336905	0.9728455905588118
24.9%	2490000	-32660.089531680278	299.4461527941832	30.006586685043402	0.9929649455066559
25.0%	2500000	-31925.439289926493	303.9507125929227	30.760891098005402	0.9686159161522752
25.1%	2510000	-31942.911522357957	305.52369770212175	30.615926115660468	0.9732022673426187
25.2%	2520000	-32340.77108272811	301.1403337513142	30.37655303799729	0.9808712883020143
25.3%	2530000	-32333.052643204515	293.8196251017784	30.64684095447728	0.9722205546996832
25.4%	2540000	-32386.353306609846	289.6500610976102	30.302032089950377	0.9832835178877819
25.5%	2550000	-32373.162072458246	310.0051950561285	29.610147704171386	1.0062593746655768
25.6%	2560000	-32443.912083556817	306.5512405825599	30.36689165592882	0.9811833575247603
25.7%	2570000	-32255.698515378812	302.2299711786056	30.525165375340038	0.9760958981282163
25.8%	2580000	-32550.546917096653	300.5962504772895	29.909229405811892	0.9961971372878325
25.9%	2590000	-32613.460773613246	289.6262264310902	30.423092322654835	0.9793708146613151
26.0%	2600000	-32420.617469030374	295.69280910729685	30.421520135615165	0.9794214286377032
26.1%	2610000	-32473.632439230045	297.3370660971199	30.03679271031134	0.9919663860225117
26.2%	2620000	-32744.105340084236	286.97692460448627	30.722286576812323	0.9698330441017055
26.3%	2630000	-32025.624846047664	305.84609230297895	30.379616711496684	0.9807723710114892
26.4%	2640000	-32182.688667929207	301.1927342718777	30.285093884102903	0.9838334603345893
26.5%	2650000	-32536.806211032614	294.8558564011974	30.043544661874147	0.9917434526414566
26.6%	2660000	-31989.963601983676	300.450473460742	30.047243112399425	0.9916213810730385
26.7%	2670000	-32060.46130485827	294.2908363356083	30.748206002960337	0.9690155162121085
26.8%	2680000	-32334.430898063758	297.265267796825	30.483412067888104	0.9774328623777022
26.9%	2690000	-32321.441207710595	298.0973505438178	29.898461394544494	0.9965559203655737
27.0%	2700000	-32562.19317314675	298.70638552871196	30.072842839958682	0.9907772561150989
27.1%	2710000	-32297.597348390555	303.0313053057332	30.30869013506184	0.9830675156128474
27.2%	2720000	-32598.861643977172	298.95130092649737	30.649003165701437	0.9721519669487417
27.3%	2730000	-32775.68265630485	289.68210353389753	30.42353305449662	0.9793566269631879
27.4%	2740000	-32129.61999243818	298.26885756383115	30.40151917587653	0.9800657835611535
27.5%	2750000	-32374.64475691173	293.0847268333227	30.40129261547328	0.9800730873328036
27.6%	2760000	-32128.874562592653	305.8423282174328	30.315770168810754	0.9828379271462098
27.7%	2770000	-31925.16483561037	305.2555037105183	29.978889509673245	0.9938823351992675
27.8%	2780000	-32063.44930947892	302.0506029082757	30.601691244230015	0.9736549681113731
27.9%	2790000	-32223.544913740305	304.3303014960418	30.11320609586522	0.9894492342562626
28.0%	2800000	-31976.9170545339	299.73059810777846	30.73228761897332	0.9695174365789775
28.1%	2810000	-32348.45994218666	301.47378157817394	29.91350835393962	0.9960546372565753
28.2%	2820000	-31831.08729209256	299.1316179161379	30.485236733106213	0.9773743590515634
28.3%	2830000	-32295.568249789707	304.3142597030534	30.186428828808094	0.9870491432269013
28.4%	2840000	-31842.103578236827	301.39185779874134	30.613945552382294	0.9732652284748139
28.5%	2850000	-32536.335486016644	302.17222733409534	30.221160185178665	0.9859147871883304
28.6%	2860000	-32553.614790057298	290.7004463723891	30.176899265098992	0.9873608434984158
28.7%	2870000	-31978.428382188955	302.6511210771212	30.874093991070243	0.9650643909153303
28.8%	2880000	-31654.935308737156	312.63704187646374	30.05898475272216	0.9912340339391058
28.9%	2890000	-32315.415092121286	308.3954515863146	30.003692553098357	0.9930607261031279
29.0%	2900000	-32607.81080356607	298.1837754489584	30.440435203770456	0.9788128360551263
29.1%	2910000	-31977.87429205788	300.3590533795182	30.719146448736055	0.9699321809698525
29.2%	2920000	-32328.466107212414	302.67603032057724	30.665116455570317	0.9716411400466903
29.3%	2930000	-32307.53307099134	304.80837928472187	30.250213118994555	0.9849678941219041
29.4%	2940000	-31776.74135894951	304.4130022731715	30.623955776362237	0.9729470918173527
29.5%	2950000	-32549.55720545625	297.70254399383424	30.363637395440676	0.9812885170677501
29.6%	2960000	-32417.184342662746	300.1087104652705	29.930895550986794	0.9954760178090474
29.7%	2970000	-32422.0294995922	292.65203962880685	29.842642501746617	0.9984199191077333
29.8%	2980000	-32097.64643844863	306.32219434085664	30.269754351496097	0.9843320288154966
29.9%	2990000	-32393.656471264374	295.14756628673365	29.871796979168852	0.9974454745167423
30.0%	3000000	-32800.524319500604	289.5865415521915	30.402070195663583	0.9800480204405542
30.1%	3010000	-32255.399254773685	306.8569435420502	30.31637627394437	0.9828182775974718
30.2%	3020000	-32290.02941873757	299.43410090990216	29.994502159651926	0.9933650024915308
30.3%	3030000	-31760.083770236408	313.6227612566007	30.46025660169111	0.97817589333442
30.4%	3040000	-32708.07050240127	291.13137852176584	29.846145052323312	0.9983027510025284
30.5%	3050000	-32917.64152952604	293.22895508902843	29.818571721523643	0.9992258848215685
30.6%	3060000	-31902.459172586387	312.54043480980584	30.591880724869856	0.9739672098136954
30.7%	3070000	-32162.334876241337	295.8998864806574	30.557771261880866	0.9750543800202829
30.8%	3080000	-32397.549016936624	304.3968367670798	30.35920094325453	0.9814319147676739
30.9%	3090000	-32049.848249752133	311.3398878742491	30.446192397111826	0.9786277483873915
31.0%	3100000	-32220.409159726172	303.2402440866042	30.305757651873222	0.9831626404071497
31.1%	3110000	-31692.56358359329	301.96860309270454	30.613962798995328	0.9732646801783099
31.2%	3120000	-32376.99452171655	298.63635860336365	30.576827420791286	0.974446704444388
31.3%	3130000	-31915.41339543549	310.17126381452874	30.043708424602645	0.9917380468303134
31.4%	3140000	-32127.268067163823	302.31400670801463	30.274273824606894	0.984185083519233
31.5%	3150000	-32324.47104103508	299.1419628310507	30.54359822016159	0.9755068311790159
31.6%	3160000	-32025.232900229923	311.6635630529845	30.356320285203502	0.9815250475887882
31.7%	3170000	-32419.44332928717	295.68975406234824	30.381416786929652	0.9807142610075098
31.8%	3180000	-32092.657548312738	304.6070402887643	30.55697084667874	0.9750799207832264
31.9%	3190000	-32244.978941923648	298.00081413988397	30.62519092519812	0.9729078517528333
32.0%	3200000	-31989.25065739354	306.03672242132023	30.49299538096548	0.977125675595451
32.1%	3210000	-32350.777776811214	292.2229604121662	30.109709797112554	0.9895641277622734
32.2%	3220000	-31906.359346660727	308.2731050399931	30.104749055543003	0.989727190802436
32.3%	3230000	-32253.47927089961	308.9566751047426	30.2971923145931	0.9834405909026565
32.4%	3240000	-32497.456214038597	299.74978633051967	30.229833375517078	0.9856319200451172
32.5%	3250000	-31921.4410284459	304.58429747172795	30.262535974975933	0.9845668167794241
32.6%	3260000	-32477.83660450246	298.7264085156569	30.524622460572875	0.9761132590924
32.7%	3270000	-32448.35598897742	311.9568705888943	30.239830340990665	0.9853060806418121
32.8%	3280000	-32670.474517976807	300.9735699694826	29.844844468375207	0.9983462552176257
32.9%	3290000	-32121.6518887048	302.5187869929603	30.250648825727055	0.9849537074132079
33.0%	3300000	-32356.255444122187	302.44476984254885	30.542964854428323	0.9755270601450766
33.1%	3310000	-32152.18771167769	306.0222676179389	30.173694857162634	0.9874656999615681
33.2%	3320000	-31965.63773447991	299.89790092261006	30.466529657598336	0.9779744869998308
33.3%	3330000	-32173.718187323713	300.01170145127196	30.39945920877081	0.980132196034537
33.4%	3340000	-32620.97546040261	296.857606840654	29.846519975618772	0.9982902106139814
33.5%	3350000	-32370.032987412473	295.20476699127875	30.23724083045239	0.985390462034068
33.6%	3360000	-32096.789396298525	297.8662369910398	30.39394951956441	0.9803098703370446
33.7%	3370000	-32531.798063838796	298.5586923375537	29.86252825384328	0.9977550614362404
33.8%	3380000	-32082.193120086275	296.97909602718977	30.584220761373583	0.9742111445319265
33.9%	3390000	-32387.142354229407	295.7094259342976	30.315462315010812	0.9828479078744419
34.0%	3400000	-32166.156312162	307.07941387692955	30.247326907776287	0.985061880125835
34.1%	3410000	-32665.785176521807	290.7023940691283	30.411115806941442	0.979756510800368
34.2%	3420000	-32140.904758218618	304.0716607810569	30.2620468968738	0.9845827287919795
34.3%	3430000	-32321.990136281063	295.49531850737213	29.96541155784424	0.9943293672118814
34.4%	3440000	-32115.80412026163	306.94006031780816	30.565518712828997	0.9748072327020272
34.5%	3450000	-32347.855529906636	290.86316583376333	30.508201686202703	0.9766386435694056
34.6%	3460000	-32256.216392012953	295.97198784371454	30.3299695068756	0.9823777998128362
34.7%	3470000	-32832.551857957325	293.4238583862667	30.23382160947685	0.9855019023865447
34.8%	3480000	-32210.690581969626	301.93643085685903	30.081933361697057	0.9904778510843016
34.9%	3490000	-32464.533801015874	290.36202513697276	30.02152030896338	0.9924710143229811
35.0%	3500000	-32140.828120927734	300.2149267508652	30.6342543125735	0.972620009239971
35.1%	3510000	-32576.606139562035	292.7508917061682	30.05176465281064	0.9914721833071521
35.2%	3520000	-32468.10974013986	298.30010370141474	29.859096083607923	0.9978697489409944
35.3%	3530000	-32417.446754169127	303.17643431885017	29.770473235887636	1.0008402780993442
35.4%	3540000	-32374.392768762948	296.0624185695717	30.50268293242907	0.9768153437046566
35.5%	3550000	-32437.69768367597	300.6153488099014	30.30165618528306	0.9832957159294139
35.6%	3560000	-32369.380718790868	302.5724965598106	30.061797712800697	0.9911412816096346
35.7%	3570000	-32397.58543773828	307.3509579427771	30.48403340767926	0.9774129398850827
35.8%	3580000	-32124.342485419416	298.58773664818943	29.63794566272785	1.0053155860267715
35.9%	3590000	-32484.743538050854	294.2203207246213	30.277626801410065	0.9840760938095471
36.0%	3600000	-32464.810870056215	293.8828480542221	30.59339247138189	0.9739190820510207
36.1%	3610000	-32239.764778802113	297.27950875493195	30.40719293491878	0.9798829104786765
36.2%	3620000	-32327.593447586056	300.5547338420854	30.860642762797386	0.9654850335286416
36.3%	3630000	-31763.065864489356	297.550545993077	30.688127759945825	0.9709125608973763
36.4%	3640000	-32400.691631951195	301.986099333169	30.058407620598086	0.9912530659853367
36.5%	3650000	-32918.45043951174	299.95578367858286	30.258777735936384	0.9846891031943005
36.6%	3660000	-32354.140861736494	301.9875147015737	30.46331917128978	0.9780775543538175
36.7%	3670000	-32302.250438179064	305.83474195411117	29.738834261568176	1.0019050663011329
36.8%	3680000	-32253.70664876321	304.7063721877572	30.19439013110803	0.9867888896970237
36.9%	3690000	-32258.852941311838	299.87098585702296	30.411230617469954	0.9797528119575216
37.0%	3700000	-32226.6048554554	302.96052696530353	30.149055441670406	0.9882727095779307
37.1%	3710000	-32365.650649916322	298.2833541791309	30.20757061156664	0.9863583237357727
37.2%	3720000	-32009.82135268062	308.5968112063439	30.30024896543492	0.9833413826580811
37.3%	3730000	-32319.304455745907	296.830514034097	30.2512072601493	0.9849355252610112
37.4%	3740000	-32248.692054832296	302.03012981280136	30.711661672962794	0.9701685643009513
37.5%	3750000	-32289.5139889486	298.7230403884845	30.39408890775342	0.9803053746070389
37.6%	3760000	-31953.688407801965	304.8983988309249	30.693436010871164	0.97074464722691
37.7%	3770000	-32250.03644540714	301.29136434946304	30.05158189440199	0.9914782129357778
37.8%	3780000	-31866.40933916153	308.39945877041083	30.67203676248232	0.9714219157757517
37.9%	3790000	-32141.34625308955	306.69295598900186	30.383031360107044	0.9806621452419122
38.0%	3800000	-32455.593750031607	300.10858331168316	30.476795978565395	0.9776450494832297
38.1%	3810000	-32596.039696908032	289.4317559884367	30.385579183022223	0.9805799169759757
38.2%	3820000	-32574.039692633727	290.9564292533878	30.85058014183118	0.9657999485122911
38.3%	3830000	-32409.154473740433	300.29617138865973	30.458688574784148	0.978226250266785
38.4%	3840000	-31810.38600769802	300.2490920425342	30.732932598273734	0.9694970897189443
38.5%	3850000	-32547.79514411924	298.5336399148666	30.44964127520411	0.9785169041323999
38.6%	3860000	-32242.396802978532	293.56476229205435	30.34242114110378	0.9819746609538679
38.7%	3870000	-32376.814714744512	301.2348518740017	30.205532704360476	0.9864248713697932
38.8%	3880000	-32230.611470241536	301.80306956438693	30.636295868686414	0.9725551953233699
38.9%	3890000	-32310.796554198896	299.86381792722364	30.35636826829929	0.981523496131448
39.0%	3900000	-32605.523729164794	299.3550445226015	29.914453821187923	0.9960231562526877
39.1%	3910000	-32203.417547495512	293.23545829482396	30.082269976969098	0.9904667678126086
39.2%	3920000	-32081.975615356758	300.4399216558087	30.36024145123715	0.9813982790753045
39.3%	3930000	-32290.04687075218	292.18569495259663	30.31249697340793	0.982944055670946
39.4%	3940000	-32128.635490561777	304.2662457718848	30.456919449082335	0.9782830716798774
39.5%	3950000	-32663.820174019726	298.9466785035843	30.178738569875986	0.9873006667779124
39.6%	3960000	-32530.27465728292	300.94575150309197	30.38043116887557	0.9807460778594882
39.7%	3970000	-32285.474159140314	294.8673410475863	30.69549820189716	0.9706794304681893
39.8%	3980000	-32138.14733745897	297.7391862060596	30.232685270955205	0.9855389438787179
39.9%	3990000	-32623.118338484026	302.7567361809532	29.564563240748246	1.0078108873087746
40.0%	4000000	-32576.613425418676	302.1427859018769	30.283121467210226	0.9838975399156472
40.1%	4010000	-32160.745018661895	303.8226182564891	30.071651130523385	0.9908165196260803
40.2%	4020000	-32258.89207755745	298.21825739053065	30.144903144437233	0.9884088387941347
40.3%	4030000	-32619.592691800965	298.42097704929654	30.09123665827313	0.9901716254111825
40.4%	4040000	-32293.8442999408	299.55104554038013	30.351526490543698	0.9816800720661588
40.5%	4050000	-32324.35304770287	298.4495055028295	30.808605641281503	0.9671157812033815
40.6%	4060000	-32378.958975044952	292.6529920435878	30.656309432064376	0.9719202756151347
40.7%	4070000	-32316.72493623657	295.06615279706796	30.29466830449625	0.9835225265738494
40.8%	4080000	-32640.52599244652	295.24594995180735	30.307015938977457	0.9831218214471348
40.9%	4090000	-32268.914956674358	300.86333284746854	30.438888608428634	0.9788625693877795
41.0%	4100000	-32257.850913125963	304.3456652922371	29.897701338975917	0.9965812546836902
41.1%	4110000	-32062.686151605507	303.7784244406472	30.068281527882736	0.9909275555014707
41.2%	4120000	-32336.498554890917	299.6404794051379	30.147057439356836	0.9883382075511291
41.3%	4130000	-32597.272856877593	293.80635190375176	30.040952914150523	0.9918290141362314
41.4%	4140000	-32567.759220767708	287.0279892830832	30.584820821655352	0.9741920309521119
41.5%	4150000	-32250.25056363357	298.99856336472163	30.02080589446297	0.9924946324658904
41.6%	4160000	-32175.690022481547	297.2170773274364	29.997323129465595	0.9932715857331791
41.7%	4170000	-32151.780725935416	292.42168468971863	30.69914545519192	0.9705641075919842
41.8%	4180000	-32237.836996936414	295.57951275399057	30.62803843841191	0.9728173997322366
41.9%	4190000	-32218.276533692086	302.73589258884766	30.29596669062792	0.9834803760123001
42.0%	4200000	-32349.964456635877	300.6259998316549	30.232081216290926	0.9855586355232202
42.1%	4210000	-32378.093602171924	294.4616984966104	30.601186984533623	0.9736710124222969
42.2%	4220000	-32252.183154352882	300.332142121123	30.28432307552269	0.9838585012533128
42.3%	4230000	-32380.454345664417	292.5933997146017	30.214193237426226	0.986142124610737
42.4%	4240000	-31939.12514078751	301.5086592079625	30.0524190226134	0.9914505947136834
42.5%	4250000	-32802.57833490422	294.45665008888034	30.06337687542652	0.9910892191525354
42.6%	4260000	-32029.15213780658	296.0563780080883	30.494665571827014	0.9770721584853812
42.7%	4270000	-32018.028432483028	303.11084920504624	30.024822753386466	0.9923618519677777
42.8%	4280000	-32709.134200174303	297.9788303246706	30.208813609096374	0.9863177381975355
42.9%	4290000	-32206.110938411613	297.7016385600523	30.01355291017639	0.9927344757125508
43.0%	4300000	-32601.462441166805	296.7561926285157	30.37597605350709	0.9808899197204495
43.1%	4310000	-31882.404418150138	311.1910105770502	30.05261569382311	0.991444106433601
43.2%	4320000	-32593.268163585046	289.5905649641275	30.19944238289817	0.9866238036708895
43.3%	4330000	-32526.28505050816	296.9835740562465	29.79923087689302	0.9998744207743608
43.4%	4340000	-32374.186373629927	305.2974253408206	30.34543212705608	0.9818772257979848
43.5%	4350000	-32545.496508104203	301.4502852402595	30.075813756411105	0.9906793862295251
43.6%	4360000	-32445.856370348425	302.7301604057347	30.28318129352514	0.9838955961646423
43.7%	4370000	-31793.84727818839	306.7300404645596	30.44167888212681	0.9787728471851352
43.8%	4380000	-32141.414620385796	304.0523861075265	30.381382289140006	0.9807153745998393
43.9%	4390000	-31739.80126300169	303.3534495789463	30.179648539133574	0.9872708979337325
44.0%	4400000	-32604.366623971553	301.8997665351136	29.409371902096183	1.0131290396729338
44.1%	4410000	-31977.842949538433	309.1031170715268	30.38489126584859	0.9806021174097077
44.2%	4420000	-32162.85754383466	295.22882221045313	30.35108573744853	0.9816943278504154
44.3%	4430000	-32266.97408266453	294.0411386916511	30.75991925553207	0.9686465190312957
44.4%	4440000	-32097.869577798003	302.95867556670595	30.96696604008167	0.9621700968053984
44.5%	4450000	-32191.081973573368	301.02587502945846	30.49530565553615	0.9770516501494964
44.6%	4460000	-32146.00652708247	306.3687301118581	30.481635364940278	0.9774898346440225
44.7%	4470000	-31543.570280771644	308.6396433838928	30.506320199979257	0.9766988780434791
44.8%	4480000	-32421.880905392172	305.80180077109816	30.523525599448927	0.9761483356658116
44.9%	4490000	-32082.6398296252	300.6214542096068	29.94819538396721	0.9949009725142205
45.0%	4500000	-32524.48539510969	298.23526455989094	30.189446256440682	0.9869504879109279
45.1%	4510000	-32499.02362499683	288.72701382798635	30.36717912144335	0.9811740693265514
45.2%	4520000	-31864.321399252804	308.48102730475546	30.230001109807354	0.9856264511643857
45.3%	4530000	-31867.226671509387	305.4317204948147	29.920440139766008	0.9958238773685324
45.4%	4540000	-32150.92337832501	302.9823081671961	30.073402358170355	0.9907588226198827
45.5%	4550000	-32433.375589452626	298.74686226834274	30.524791041724313	0.9761078682513316
45.6%	4560000	-32008.127096465498	299.2829226984513	30.61294494658357	0.9732970403384879
45.7%	4570000	-32626.23671414744	298.28177595006053	30.634079574598886	0.9726255571021183
45.8%	4580000	-32357.11229688127	301.06303810755855	30.779559985452472	0.9680284164763006
45.9%	4590000	-32366.872840363474	300.0910512818962	30.206565442959036	0.9863911462830677
46.0%	4600000	-32303.319313272194	298.96181517101235	30.102879840748592	0.9897886471387489
46.1%	4610000	-32315.751373233215	299.8090049427491	30.490667707728377	0.9772002698715153
46.2%	4620000	-32075.619966523547	295.23146817452124	30.236070535180446	0.9854286018378959
46.3%	4630000	-32354.72896467609	300.69526232943275	30.009174182344147	0.9928793285516332
46.4%	4640000	-32550.934069203155	298.4965826155551	29.564583505509002	1.0078101965144488
46.5%	4650000	-32389.958389443054	296.38509821609557	30.111219769738938	0.9895145045734289
46.6%	4660000	-32372.971530029492	299.7277750199852	30.033069114699597	0.9920893731760352
46.7%	4670000	-32490.047795381804	295.27150040974254	30.06667372945355	0.9909805447939181
46.8%	4680000	-32367.408426608366	299.43016400404423	30.41802838854665	0.9795338584066089
46.9%	4690000	-32404.264624731324	306.2960402369995	29.814477953997105	0.9993630865691648
47.0%	4700000	-32435.512472162663	289.58890641871676	30.05116595503961	0.9914919360244699
47.1%	4710000	-32519.624900189636	293.57319536306494	30.25464502734385	0.9848236092549092
47.2%	4720000	-32414.44107177289	301.5066332848638	30.699890905437663	0.9705405404967545
47.3%	4730000	-32288.8319983221	293.25337628516434	30.561510962407443	0.9749350661753985
47.4%	4740000	-32051.286531165184	296.4977333179875	30.384060520835025	0.980628928517419
47.5%	4750000	-32391.915151641646	291.17161431660435	30.14837594375571	0.9882949837212065
47.6%	4760000	-31891.94380618207	307.1383119309962	30.177948862184206	0.987326502825757
47.7%	4770000	-32622.344012941176	286.5129941668788	30.34980209343527	0.9817358485839911
47.8%	4780000	-32167.731768914906	301.0273934718055	30.399722064102388	0.9801237211881935
47.9%	4790000	-31851.208286293724	298.39492732202694	30.56467888313582	0.9748340176083
48.0%	4800000	-32503.945002233086	294.14739459267736	30.503898840671205	0.9767764071138404
48.1%	4810000	-31886.929015944654	304.5552064826372	30.222566588406597	0.9858689077712031
48.2%	4820000	-32542.807251463586	296.88892170808737	29.959590810116815	0.9945225521068687
48.3%	4830000	-32773.74692736028	299.7865309818909	30.096585211918416	0.9899956590675171
48.4%	4840000	-32375.092595237715	310.2697611022403	29.71436107721186	1.0027302500340558
48.5%	4850000	-32180.730584061646	298.2367168107442	30.917073646107895	0.9637227977527482
48.6%	4860000	-31981.61292056454	300.39474934032404	30.36463222412701	0.9812563673628191
48.7%	4870000	-32146.467238199606	306.8340697083785	30.226922633710387	0.9857268327846789
48.8%	4880000	-31802.57674685953	304.49891705057684	30.295087520615347	0.9835089168261848
48.9%	4890000	-31824.26582827553	307.97483114533617	30.66111498293252	0.9717679454625343
49.0%	4900000	-32524.325312705652	303.72751413337517	30.09840520492168	0.9899357959232578
49.1%	4910000	-32415.1825251127	290.33778746469557	30.64483802119801	0.972284098612118
49.2%	4920000	-31725.425387768017	306.78981984901	30.825654329065873	0.9665809002620374
49.3%	4930000	-32438.774812982825	296.92169057795246	30.34989457090521	0.981732857191477
49.4%	4940000	-32209.13574753463	299.06107825271437	30.569794112470124	0.9746708990886072
49.5%	4950000	-32376.439995893918	295.1481039329736	30.204561247160573	0.9864565973576536
49.6%	4960000	-32275.151334046153	304.3612537444442	29.87547717845886	0.9973226045754453
49.7%	4970000	-32027.10452514171	305.0200759807773	30.335874224093526	0.9821865851781033
49.8%	4980000	-32365.34028936102	302.3419314319679	29.52347853613002	1.0092133512008743
49.9%	4990000	-32238.940952505858	303.67503407554136	30.629441602825928	0.9727728340240418
50.0%	5000000	-32313.678827049152	307.96826685724886	30.264848892118234	0.9844915736656592
50.1%	5010000	-32553.595540430804	293.3000246778513	30.138887116109128	0.9886061352487459
50.2%	5020000	-32275.972546055855	295.92139999672435	30.72113333630001	0.9698694506608124
50.3%	5030000	-32364.673641618283	303.3158001388336	30.30165297770922	0.9832958200159343
50.4%	5040000	-32154.359780977655	300.4754197959055	30.059536201003787	0.9912158495499306
50.5%	5050000	-32282.06286374334	300.4055747310615	30.19996127530713	0.9866068516093438
50.6%	5060000	-32203.677539378346	291.0742109157712	30.09561688269851	0.9900275122682005
50.7%	5070000	-32456.169345194416	295.28170735798403	30.061505998859875	0.9911508995485755
50.8%	5080000	-32630.6127865109	286.9225092097565	30.054508668374243	0.9913816606128072
50.9%	5090000	-32521.65370230138	293.80989199764093	29.978070949504076	0.9939094734528864
51.0%	5100000	-32336.871637002507	300.80466940410304	30.04766084818744	0.9916075951167498
51.1%	5110000	-32269.60430645541	301.2433254385257	30.471744162687234	0.9778071302213004
51.2%	5120000	-32170.955996808072	308.77764685870335	30.77614711087103	0.968135764532729
51.3%	5130000	-32430.917058776075	294.86901134383055	30.51753855496985	0.9763398400852549
51.4%	5140000	-32332.76690447511	298.5876341939555	30.258596284549522	0.9846950080684633
51.5%	5150000	-32304.28851447435	301.01692796228247	30.25540734691409	0.984798795498414
51.6%	5160000	-32203.485310453398	302.31532588655347	30.27163269946936	0.9842709512353841
51.7%	5170000	-32203.97342088999	304.96809404951466	30.29844957553599	0.9833997821661729
51.8%	5180000	-32417.144707136264	306.4128760846578	29.977198210330112	0.9939384095704905
51.9%	5190000	-32300.08098247362	297.5323181575161	30.569721431467297	0.97467321641618
52.0%	5200000	-32552.813271006045	293.5863745465098	30.262377796795356	0.9845719630038479
52.1%	5210000	-32123.807165897393	303.0404745371594	30.30907532539064	0.9830550220578476
52.2%	5220000	-32297.53884507803	295.1837658366494	30.076693629073922	0.9906504045960947
52.3%	5230000	-32113.82062617311	307.02119810998454	30.147266189713648	0.9883313639470629
52.4%	5240000	-32718.752213323256	292.76325727643666	30.26664932329827	0.9844330105486528
52.5%	5250000	-32109.199449390348	296.3489617417731	30.383764653036252	0.980638477581724
52.6%	5260000	-32006.219484171772	298.08866079221946	30.33113301499175	0.9823401156108433
52.7%	5270000	-32440.229050139023	299.89485270770086	30.525476068414566	0.9760859632713464
52.8%	5280000	-32486.769975684525	301.6859382068504	29.80201353996597	0.9997810608534099
52.9%	5290000	-31962.28881634766	303.735905666591	31.0752471954043	0.9588174319321682
53.0%	5300000	-32210.31285830721	298.2057164553566	30.59806296907128	0.9737704227444834
53.1%	5310000	-32121.936932008655	301.6307622793589	30.07005804040473	0.9908690123750032
53.2%	5320000	-32505.298825649486	295.2337039103041	30.516706413639906	0.9763664632968817
53.3%	5330000	-32308.917226421356	310.45678909726513	30.81579159044942	0.9668902590121755
53.4%	5340000	-32287.840576295683	298.36442973221085	30.167580325055813	0.9876658449735889
53.5%	5350000	-32351.12937713304	292.7071668728774	30.291097427326733	0.9836384694889012
53.6%	5360000	-32622.025658005325	297.3250058878901	30.20525729559981	0.9864338655011344
53.7%	5370000	-32379.23984333448	302.974597486601	30.160387899974417	0.9879013761815755
53.8%	5380000	-32111.378586876148	296.9609296545433	30.648481722724398	0.9721685068158832
53.9%	5390000	-32480.63085776515	293.2237216110061	30.45025285804722	0.9784972509573325
54.0%	5400000	-32199.85943727655	296.52500124920164	30.46984871801708	0.9778679568873782
54.1%	5410000	-32171.965964022034	296.9196557928439	31.102887353066595	0.9579653610396133
54.2%	5420000	-32290.45100607717	307.6068133321612	29.9890037994427	0.9935471318693344
54.3%	5430000	-32009.4918669053	301.7273422129168	30.278969927830143	0.9840324417763334
54.4%	5440000	-31953.244772266073	302.90329372263545	30.462506250442388	0.9781036552802402
54.5%	5450000	-32581.56132370414	295.12811581490604	30.016376441969292	0.9926410927767556
54.6%	5460000	-32260.501817150234	295.21042703135225	30.641160991539202	0.9724007755705519
54.7%	5470000	-32318.761041771097	299.1617464258582	30.268449636086622	0.9843744582488334
54.8%	5480000	-32251.578715869633	296.2921574093471	30.324237196304537	0.9825635025762788
54.9%	5490000	-32604.031734978256	289.67748418652354	30.19775979465674	0.9866787773385411
55.0%	5500000	-31919.34229331644	306.36087138231665	30.41090044373511	0.9797634492172026
55.1%	5510000	-32469.236640151998	293.5919776255238	30.065101594049054	0.9910323641963825
55.2%	5520000	-32106.11380697129	296.9527153690248	30.45478931959042	0.9783514967016549
55.3%	5530000	-32094.851699764782	302.39873367495926	30.324739627055436	0.9825472231250956
55.4%	5540000	-32049.530669511238	300.86307761004434	30.6057999913736	0.9735242575248114
55.5%	5550000	-32095.259027948545	311.65621833584873	30.47557283113715	0.9776842875981174
55.6%	5560000	-32771.5272158818	291.335740302428	30.354308007351996	0.9815901158194158
55.7%	5570000	-32106.27693743439	303.82636682452596	30.37554333624941	0.9809038930670805
55.8%	5580000	-32086.415270211583	293.0077614544057	30.51782864051797	0.9763305595403972
55.9%	5590000	-32517.659650685673	297.2566847193054	30.009214750945386	0.9928779863063966
56.0%	5600000	-32309.89997139311	302.4483881911078	30.09177220419223	0.9901540032395933
56.1%	5610000	-32195.14573888149	303.07466253363094	30.732358753174196	0.9695151924997437
56.2%	5620000	-32533.631933598022	294.3280122833597	30.35497602735292	0.9815685140290048
56.3%	5630000	-31998.7670163819	304.39183299229467	30.686681645533035	0.97095831529546
56.4%	5640000	-32415.269258911896	297.5530521434559	29.711842187222597	1.0028152588050647
56.5%	5650000	-32293.353152162104	289.5670062988551	30.516177748307395	0.9763833779676909
56.6%	5660000	-31852.35789349297	301.2733849881079	30.575400579639016	0.9744921782773462
56.7%	5670000	-32087.906311290397	307.2719644553249	29.92948010872552	0.9955230964358918
56.8%	5680000	-32365.112567157426	307.0283185642651	30.125713616228843	0.9890384371344456
56.9%	5690000	-32211.449465826096	302.95860456602264	30.768770218396067	0.9683678775936486
57.0%	5700000	-31930.77433081431	290.2780870020569	30.660111928837885	0.9717997371213188
57.1%	5710000	-32367.202320063778	298.2819025686262	30.034910851937077	0.9920285383711477
57.2%	5720000	-32571.943780395144	299.62254927960015	30.46208305035342	0.9781172437650872
57.3%	5730000	-32675.359649765247	298.64430716837376	30.014884503764915	0.9926904336019509
57.4%	5740000	-32455.263462633768	298.4644397760903	30.836526798243657	0.9662400992011823
57.5%	5750000	-32124.65209847869	300.93558518897004	30.671051979878218	0.9714531060787296
57.6%	5760000	-32120.002185760008	304.1470226960549	30.433277075783202	0.979043059949142
57.7%	5770000	-32074.985305929964	299.7706384965591	30.658958538409003	0.9718362962403827
57.8%	5780000	-31995.667414775642	308.99943818418217	30.217275847123823	0.9860415235078478
57.9%	5790000	-32342.56034570065	295.31755949365817	30.52310613442094	0.9761617504240323
58.0%	5800000	-32355.66773723479	292.9648730928037	30.488410336092848	0.9772726220914938
58.1%	5810000	-32401.170000507438	303.7060818614027	30.21066256184279	0.9862573735866255
58.2%	5820000	-32326.53633201419	298.20175072133736	30.44795109830489	0.9785712219635577
58.3%	5830000	-32169.490527743415	301.98538870166493	30.557005930296828	0.9750788012582434
58.4%	5840000	-32767.670591519156	286.3676996617175	29.88175935927073	0.9971129328203661
58.5%	5850000	-32514.199364636966	301.4446328007012	29.892245572732232	0.9967631451460565
58.6%	5860000	-32517.545671639906	297.6363079687932	30.25538670943299	0.9847994672388458
58.7%	5870000	-32072.342960877344	297.5362405141233	30.168053161167407	0.9876503648869159
58.8%	5880000	-31920.5480971089	299.27981165984073	31.087758018483044	0.9584315695856912
58.9%	5890000	-32326.71383103839	294.53677140657993	30.533610375883942	0.9758259290584235
59.0%	5900000	-32633.46873800148	302.64572036662486	29.719384762805536	1.002560751185017
59.1%	5910000	-32160.968748032756	308.61478680476444	30.33552028532505	0.9821980448104782
59.2%	5920000	-32620.499241918733	298.3744004524812	30.262658528928036	0.984562829603136
59.3%	5930000	-32638.349944971444	296.52915902424775	30.10418839006908	0.9897456236483009
59.4%	5940000	-32407.1850279817	297.5696585452106	30.073415817514253	0.9907583792062115
59.5%	5950000	-32438.819082631206	298.99076996589656	30.537202543689013	0.9757111402043788
59.6%	5960000	-32372.464282707835	308.41989908851	30.30998321336951	0.9830255761874619
59.7%	5970000	-32337.028556563368	294.68644331389106	30.43815434496774	0.9788861826137916
59.8%	5980000	-32064.73564966017	305.1683323675046	30.65132954290175	0.9720781824765876
59.9%	5990000	-32183.988073774555	299.9202885635699	30.32634091719258	0.9824953427092561
60.0%	6000000	-32292.470701491868	305.601858457615	30.49404654439332	0.9770919929953706
60.1%	6010000	-32573.164733778627	295.10759077977133	30.50242295731069	0.9768236691968634
60.2%	6020000	-31737.609400949383	294.00611439580837	30.961017276809564	0.9623549654769352
60.3%	6030000	-32113.138510343095	300.60703458649357	30.16662964426935	0.9876969705899848
60.4%	6040000	-32393.702280217258	301.16953307259666	30.2975206890511	0.9834299320512501
60.5%	6050000	-32268.752447320265	310.73840739454494	30.370513979381133	0.9810663307438043
60.6%	6060000	-32362.42845386261	302.53281916408014	30.33674065823789	0.9821585333843026
60.7%	6070000	-32302.04034332087	297.04754441847643	30.054211362182237	0.9913914676878554
60.8%	6080000	-32466.29764476273	308.22587913821076	30.355990110470366	0.9815357233983886
60.9%	6090000	-32444.948982376547	294.7349539364501	30.39626048751365	0.9802353393041365
61.0%	6100000	-32565.503726326802	297.3472836254566	30.466392556091552	0.9779788879729857
61.1%	6110000	-32680.442352020356	287.6102216021889	30.074332126320023	0.9907281926463423
61.2%	6120000	-32264.846938879637	306.4645105694985	29.842861387193963	0.9984125960971213
61.3%	6130000	-32012.378660110175	313.59074944440664	29.80769806713976	0.999590395925328
61.4%	6140000	-32189.48420629924	301.8654565018985	30.35352183659217	0.9816155394737565
61.5%	6150000	-32059.647305902967	301.1679714978307	30.499620493347507	0.9769134248425739
61.6%	6160000	-32499.16097730113	294.5986786962064	30.39932886075749	0.9801363987024686
61.7%	6170000	-32111.86737891793	298.0474667657399	30.408372352386465	0.9798449047936792
61.8%	6180000	-32303.089872403478	298.9345587075488	30.36095007478829	0.9813753732725583
61.9%	6190000	-32198.58325095562	299.1582091667837	29.834725612659987	0.9986848580203309
62.0%	6200000	-32287.16645176454	304.8225145274018	30.239010370242493	0.9853327985189592
62.1%	6210000	-32356.546196130977	297.66208610228483	30.525708113803365	0.976078543419004
62.2%	6220000	-31768.706901683414	306.79798947244603	30.567179563254975	0.9747542671019683
62.3%	6230000	-32257.97294634994	289.1431013520094	30.30592194537069	0.9831573105172009
62.4%	6240000	-32212.56598059967	301.59473197640034	30.147979674622032	0.9883079740045105
62.5%	6250000	-31943.612326702976	304.0865838364102	30.11361779336396	0.9894357070282268
62.6%	6260000	-32303.154466751905	297.7451915965248	30.06257533150433	0.9911156440855693
62.7%	6270000	-31998.828323297144	309.7335854912741	29.94766449557044	0.9949186093280135
62.8%	6280000	-32836.68795579247	300.7793456080998	30.080207516208766	0.990534679539678
62.9%	6290000	-32395.61554958386	295.88543695055836	30.263985315221355	0.9845196659400023
63.0%	6300000	-32113.06647135847	302.5222269211052	30.257653639887288	0.9847256851825691
63.1%	6310000	-32356.09378444514	300.3816764871852	30.09784831972656	0.9899541122023156
63.2%	6320000	-32102.16872591892	301.4427204327243	30.523034854298597	0.9761640300443037
63.3%	6330000	-32676.699563070608	288.39083062428983	30.120921671911546	0.9891957834855979
63.4%	6340000	-32143.694445063593	294.26382830718677	30.482044301901908	0.9774767209657192
63.5%	6350000	-32100.62014888873	309.98045489655726	30.358032829966007	0.9814696782047134
63.6%	6360000	-32020.034660417354	308.60395212877586	30.73602758623867	0.9693994654629698
63.7%	6370000	-32213.660295053793	299.13748744220294	30.298225564560635	0.9834070529663687
63.8%	6380000	-31965.273277934582	302.66932318974597	30.479833004109285	0.9775476364499059
63.9%	6390000	-32822.807255505904	295.62727501161925	30.118233471590045	0.9892840740696288
64.0%	6400000	-32117.90034190257	300.6185138585115	30.51897120147998	0.9762940079418525
64.1%	6410000	-31949.117860953265	300.6676449423488	30.412171582532352	0.9797224980036714
64.2%	6420000	-32280.223845326516	299.57099849309293	30.60324254102947	0.9736056129545207
64.3%	6430000	-32462.644678460376	300.7458504652866	30.43268173592959	0.9790622124956396
64.4%	6440000	-32173.68641921034	301.80508521996853	29.98322455590198	0.9937386373171072
64.5%	6450000	-32251.314496433304	295.84973795501077	30.26912555698803	0.9843524767987946
64.6%	6460000	-32169.36642940872	301.3863062550986	29.998277127089583	0.9932399979613632
64.7%	6470000	-32229.345470753906	302.5940520736018	30.22903576407254	0.9856579265411786
64.8%	6480000	-31986.247889248596	303.1857015090135	30.476512593733716	0.9776541400829806
64.9%	6490000	-32535.86603887187	294.65145771849666	30.460476469509562	0.9781688327291813
65.0%	6500000	-32245.2172828216	304.5448558966416	30.385818588557488	0.9805721911265235
65.1%	6510000	-32315.92635658331	294.76795687981587	30.060609740567102	0.9911804507526522
65.2%	6520000	-32318.461843075173	299.16750325703487	30.12233122865191	0.9891494946517898
65.3%	6530000	-32786.39350805798	297.7613641786827	30.17894314084547	0.9872939742620866
65.4%	6540000	-32456.350684092322	287.1444926482696	30.66279667196381	0.9717146492315241
65.5%	6550000	-32367.62021215685	296.94238941707016	30.572526248727492	0.9745837969080173
65.6%	6560000	-32309.768220773374	302.43859204986325	30.256653237494568	0.9847582440357873
65.7%	6570000	-32202.090227383596	299.03207818371624	30.273465667836838	0.9842113565547341
65.8%	6580000	-32189.585473303625	303.8598767255348	30.279109468218916	0.9840279068916585
65.9%	6590000	-31994.972623006382	300.7005517223445	30.1928872749996	0.9868380072821393
66.0%	6600000	-32418.907166392484	300.0959614051599	30.636318515555985	0.9725544763946041
66.1%	6610000	-32404.54466572305	306.4307484564693	29.938615216272865	0.9952193345388867
66.2%	6620000	-32316.628923854732	309.3489636191383	30.170985914377503	0.9875543609052662
66.3%	6630000	-32683.265811628138	294.88139487175664	29.764345504186963	1.001046325993075
66.4%	6640000	-31976.9872442318	298.4868901486222	29.898388536668097	0.9965583488224782
66.5%	6650000	-31838.39322273404	307.9848027179451	30.11720089075411	0.9893179920881024
66.6%	6660000	-32466.837722521566	295.45489200520484	30.346075647279488	0.981856404066073
66.7%	6670000	-32894.79815266089	286.9439896489938	29.965433196953438	0.9943286491711438
66.8%	6680000	-32280.29639048403	299.68889298101766	30.63068856107637	0.9727332329844252
66.9%	6690000	-32275.986512829957	299.62208685888135	30.49842194768742	0.9769518161845139
67.0%	6700000	-32166.65966592537	301.26500750682663	30.506153188025998	0.97670422517415
67.1%	6710000	-32366.6068744206	296.6056484786697	30.15314892491563	0.9881385452228763
67.2%	6720000	-32136.644184779783	301.9087246082587	30.483682705727777	0.977424184609965
67.3%	6730000	-32001.38037048065	301.61353337134096	30.861110833122968	0.9654703900215937
67.4%	6740000	-32247.166915384063	311.7442474128385	29.71542977538846	1.0026941874228825
67.5%	6750000	-32021.931261356396	299.799872736199	30.722835064290248	0.9698157299026985
67.6%	6760000	-31941.824164817634	304.25990598082745	30.42939312742512	0.979168023094784
67.7%	6770000	-32720.737450540473	304.282275643227	29.802031437452616	0.9997804604390315
67.8%	6780000	-32077.78620521276	295.5224087254459	30.455062033003113	0.9783427359388237
67.9%	6790000	-32396.606682039972	300.59132662238505	30.109107478821542	0.9895839235192448
68.0%	6800000	-32512.50700698764	294.60802564077295	30.294176096560957	0.9835385064635342
68.1%	6810000	-32378.50413280906	299.8969888288935	29.860759198607767	0.9978141719164345
68.2%	6820000	-32050.266167016583	300.85925690364996	30.505012534036187	0.9767407464366826
68.3%	6830000	-32168.45741640491	312.1025474362891	29.957821939030577	0.9945812740723912
68.4%	6840000	-32368.553511963633	285.11643140823514	30.47015983944484	0.9778579721785184
68.5%	6850000	-32342.467406507232	300.7617990649696	30.196895035122267	0.9867070332197889
68.6%	6860000	-32540.22608532099	299.01087565809433	29.890802880998226	0.9968112543238525
68.7%	6870000	-32268.09705146862	299.6899990120949	30.438393041148746	0.9788785062429295
68.8%	6880000	-32388.864924579102	300.6350421886785	30.50804682971089	0.9766436009118065
68.9%	6890000	-32362.72985803889	302.15068192917107	29.946967178195386	0.9949417760823936
69.0%	6900000	-32050.621089035587	296.2061314378652	30.816962361860476	0.9668535257527587
69.1%	6910000	-31896.923627211654	303.412705240806	30.169588544051766	0.9876001016404097
69.2%	6920000	-32062.276229909097	304.22030590656016	30.107299360132828	0.9896433537977554
69.3%	6930000	-32229.327307536907	296.9743212791043	30.52195892321323	0.9761984408508638
69.4%	6940000	-31980.66421607806	297.78884648147744	30.366762969545206	0.9811875155227026
69.5%	6950000	-32480.60059578804	295.66643087058105	30.115310704697315	0.9893800865852409
69.6%	6960000	-32050.575903410965	305.0633883948564	30.35277466381313	0.9816397032089899
69.7%	6970000	-32271.803776554705	299.76347629594915	30.569574416394257	0.9746779038106513
69.8%	6980000	-32354.17512160627	290.5029491558425	30.54434446463489	0.9754829980736017
69.9%	6990000	-32337.406894562475	291.3128988774639	30.293442238201564	0.9835623326748006
70.0%	7000000	-32648.51168657461	300.2163436954528	30.267241275424237	0.984413757482007
70.1%	7010000	-32063.717478454753	306.15321137973507	30.329484772772286	0.9823935004429483
70.2%	7020000	-32180.714905127825	300.59263151248445	30.043680408005628	0.9917389716545969
70.3%	7030000	-32453.721927219944	304.59375036842516	29.620035839353733	1.0059234524276983
70.4%	7040000	-32208.16650892835	296.0073469932481	30.81256374484296	0.9669915479701581
70.5%	7050000	-32226.025717828365	296.64793032645906	30.39280212634676	0.9803468791291836
70.6%	7060000	-32292.700266095286	290.18982846657696	30.196419079446194	0.9867225856868495
70.7%	7070000	-32050.254656481033	300.11909303951495	30.67993479282692	0.9711718396325002
70.8%	7080000	-32215.681928651815	297.6446641282884	30.32456818951532	0.98255277787786
70.9%	7090000	-32508.683336261136	283.23477920104466	30.471329468155677	0.9778204375261308
71.0%	7100000	-32417.674053745286	297.384471708021	30.06960304258362	0.9908840056970302
71.1%	7110000	-32524.205777247844	296.65829797584894	30.490066335861055	0.9772195437144965
71.2%	7120000	-31997.446673420665	299.9081123358839	30.38256570641258	0.9806771752086163
71.3%	7130000	-32174.658758887963	303.668779575515	30.186348608503312	0.9870517663127251
71.4%	7140000	-31810.89014677395	311.9177399773141	30.39778946994187	0.980186034317312
71.5%	7150000	-32059.429218486825	301.5001888889512	30.287380060859423	0.9837591978138699
71.6%	7160000	-32301.6151075316	305.17381609133935	30.022429154066494	0.9924409700378661
71.7%	7170000	-32521.49274792819	297.9669078868454	30.364221148403733	0.9812696517697848
71.8%	7180000	-32141.003679879883	305.9025704195867	30.346649676529246	0.9818378315283791
71.9%	7190000	-32457.55990023719	295.9449398244265	30.162942618170106	0.9878177036548852
72.0%	7200000	-31828.40389863489	296.03491259118425	30.384920592038416	0.980601170975645
72.1%	7210000	-32365.68007003417	299.4834078919719	30.427745984397585	0.9792210283283251
72.2%	7220000	-32275.143646267185	302.8343732533662	29.74396389838603	1.001732277995793
72.3%	7230000	-32167.309445781924	295.83609785177623	30.262230560057745	0.9845767533038717
72.4%	7240000	-32374.438368186296	300.9750257941734	30.529442707486904	0.9759591420660932
72.5%	7250000	-31964.04722946271	298.65814746190944	30.469554163091566	0.977877410121307
72.6%	7260000	-32324.29866031272	306.166931777036	30.482251948359618	0.9774700623507668
72.7%	7270000	-32286.74068053387	300.8785315496156	30.468696282002682	0.977904943381333
72.8%	7280000	-32281.628855042567	306.1265764158019	30.119817379748756	0.9892320506759794
72.9%	7290000	-32371.655173781735	292.63061797302936	30.476986667972792	0.9776389325216953
73.0%	7300000	-32127.85665342951	300.86316383570704	30.233346351603455	0.9855173941396874
73.1%	7310000	-32138.743000352697	302.5490972514914	30.17410287123693	0.9874523474551093
73.2%	7320000	-32401.0007232902	306.9271087177295	30.006299374440072	0.9929744531555003
73.3%	7330000	-32398.906653910817	297.46508720228076	30.80695441329496	0.9671676178316545
73.4%	7340000	-32390.002611943462	302.3234386227697	30.195736539562922	0.9867448894156416
73.5%	7350000	-32110.984943130927	298.68834286385237	31.14189223220651	0.9567655199108545
73.6%	7360000	-32456.92414966406	299.9171996646532	30.364603426140725	0.9812572979927046
73.7%	7370000	-32067.518980973808	315.5257058776531	30.059561570610303	0.9912150129856309
73.8%	7380000	-32165.126210552582	298.5530282118225	30.61681916723781	0.9731738803369283
73.9%	7390000	-32448.42582658172	301.95086858908707	30.81856725083718	0.966803176476203
74.0%	7400000	-32344.854943419283	302.6112895942975	30.39349367117345	0.980324573242932
74.1%	7410000	-32389.027115881618	303.15369123685105	30.350048037218468	0.9817278930173836
74.2%	7420000	-32577.47956367262	295.2088062230384	30.290943630089316	0.9836434637499277
74.3%	7430000	-32251.78757489653	302.32958159610496	30.260988127530794	0.9846171773038559
74.4%	7440000	-32199.402078894374	299.7481909606891	30.588839310257182	0.9740640503009772
74.5%	7450000	-31860.102889902366	304.2637831650869	30.742986399732402	0.9691800375260294
74.6%	7460000	-32390.705307892233	301.9679295715861	29.9246012371109	0.9956854053448201
74.7%	7470000	-31781.375105804706	302.8357491651805	30.859197991782278	0.9655302357659886
74.8%	7480000	-32254.063046217838	301.60365965183286	30.37314927691245	0.9809812094527621
74.9%	7490000	-32387.91791214462	307.33693928033284	29.9994818130308	0.993200112530366
75.0%	7500000	-32387.26429839345	303.39017622590717	30.483019206600137	0.9774454594085479
75.1%	7510000	-32358.460282636282	298.9769033061743	30.462162814352858	0.9781146826027771
75.2%	7520000	-32472.12294007273	295.6038645074802	30.165530604159304	0.9877329559867439
75.3%	7530000	-32259.832700927684	304.8208533407302	30.016178363890802	0.9926476432588959
75.4%	7540000	-32450.176545209193	293.0752664028801	30.397184089426652	0.980205555386261
75.5%	7550000	-32160.498775357788	305.99212145463565	30.351500221730358	0.9816809216969969
75.6%	7560000	-32309.00023085199	301.4123803092379	30.474220951823213	0.9777276590485658
75.7%	7570000	-31972.320210811624	306.6726102590438	30.247832040582985	0.9850454297874565
75.8%	7580000	-32765.1716485442	289.57305731391585	30.596293349833015	0.9738267433861388
75.9%	7590000	-32293.110397597018	304.71654091700856	30.156332434909174	0.9880342305174818
76.0%	7600000	-32342.653518437204	291.5250921384916	30.154928174296778	0.9880802414894064
76.1%	7610000	-32030.462179149443	308.81011889075285	30.149227288737794	0.9882670765391366
76.2%	7620000	-32579.956126438396	289.96872565912525	30.23280247686101	0.9855351231616437
76.3%	7630000	-32311.884481371322	294.7973302849576	30.69350813072539	0.9707423662897766
76.4%	7640000	-32327.79865969246	306.31732258582986	30.376777231841917	0.9808640490447509
76.5%	7650000	-32338.28667541634	301.05601553361527	29.983663344971255	0.9937240946761113
76.6%	7660000	-32231.603828603344	297.2652252881253	30.21078104809601	0.9862535054992456
76.7%	7670000	-32573.667766056897	290.2125318132277	30.362406365943578	0.9813283029495119
76.8%	7680000	-31943.027204376587	303.5331255082958	30.404060240308738	0.9799838731095839
76.9%	7690000	-32337.96872692363	297.9036917465271	30.037289283073488	0.9919499869565499
77.0%	7700000	-32496.712481758033	296.2754438857315	30.14673719103118	0.9883487066527117
77.1%	7710000	-32255.50449334079	301.19322960101374	30.24352944067903	0.9851855674119327
77.2%	7720000	-32565.288594157377	294.14299620771334	30.534432531899604	0.9757996544205381
77.3%	7730000	-32037.883302669914	302.3118829432358	30.819552711843706	0.9667722627624216
77.4%	7740000	-32358.45340175595	299.7417193349526	30.81273655701916	0.9669861246312259
77.5%	7750000	-32226.889311969222	301.88123383990444	30.19128098885304	0.9868905106595408
77.6%	7760000	-32666.448372299725	297.7163656758216	30.143267123008513	0.988462484539767
77.7%	7770000	-32161.88546290429	307.9586867159367	30.046261640073446	0.9916537727547403
77.8%	7780000	-32489.334757070697	296.50837616671373	29.939961683637815	0.9951745772887242
77.9%	7790000	-32595.705434333126	295.6880080675449	30.023915191059768	0.9923918490626126
78.0%	7800000	-32269.158205925894	302.01764947315377	30.22215282817495	0.985882404935021
78.1%	7810000	-32441.995067191834	294.1938306370996	30.150695886979612	0.9882189394315725
78.2%	7820000	-32857.314197007974	291.9093856274963	30.220115581968066	0.9859488667982934
78.3%	7830000	-32286.689275438606	299.7492099816889	30.331623116404586	0.9823242428605886
78.4%	7840000	-32340.898935800826	305.88602341941794	30.252337880041786	0.9848987152894285
78.5%	7850000	-32114.11916587915	306.8298390259166	30.76483435660554	0.9684917645642208
78.6%	7860000	-32063.792496227135	304.12400480774727	30.83611004468531	0.9662531580467686
78.7%	7870000	-32268.394060667546	298.4717653337211	30.18774666878531	0.9870060537961235
78.8%	7880000	-32496.704346817394	296.7798008594634	30.601371027571	0.9736651565614476
78.9%	7890000	-32017.34054175968	304.1145189159277	30.46300796984325	0.9780875461166149
79.0%	7900000	-32228.326766089478	306.0028241142955	30.18154694090137	0.9872087991678343
79.1%	7910000	-32371.08985369274	296.9322855108649	30.218653547363687	0.9859965688363459
79.2%	7920000	-31949.846775297017	304.18096839385294	30.59955490613664	0.9737229447928826
79.3%	7930000	-32360.27384506486	295.5140969914533	30.027284240252406	0.9922805030970195
79.4%	7940000	-32264.612118689285	303.83300440652135	30.724291594368456	0.9697697543664818
79.5%	7950000	-32262.796748261142	294.96383926020957	30.54132640567318	0.9755793941883358
79.6%	7960000	-32726.171080417174	288.66066748838057	30.395854660847046	0.9802484268005955
79.7%	7970000	-32277.68576714018	304.0005652237822	30.02230967232215	0.9924449197199378
79.8%	7980000	-32277.81219278829	289.74484585474386	30.36132963463942	0.9813631046830379
79.9%	7990000	-31864.647953749576	299.15182795443076	30.900672736959994	0.9642343053883345
80.0%	8000000	-32887.841149762215	298.38831814293786	30.371017791757474	0.9810500562362184
80.1%	8010000	-32243.5136554371	298.0025624076634	30.164068215518952	0.9877808424138738
80.2%	8020000	-32238.97488877218	297.08227216186964	29.898808763258653	0.9965443422337698
80.3%	8030000	-32243.84846761072	299.12172910344725	30.414348332041385	0.9796523794384719
80.4%	8040000	-32150.12028321525	306.56865521983116	30.336732380339637	0.98215880138312
80.5%	8050000	-32443.669117681624	303.182581296857	30.124610103886862	0.9890746671841727
80.6%	8060000	-32170.74639033148	305.67822168383617	30.229968473915214	0.9856275152342532
80.7%	8070000	-32710.997990121075	301.7019256130563	30.112098932620714	0.9894856143779847
80.8%	8080000	-31787.452545565495	301.86799004353753	30.565227873566446	0.9748165083474718
80.9%	8090000	-31861.21745862387	309.94633203123146	30.303002414866192	0.9832520324104138
81.0%	8100000	-32174.977213395236	298.02542450671376	30.450520469610346	0.9784886515253752
81.1%	8110000	-32540.560593014525	292.1278805666481	30.313085225419677	0.9829249807792322
81.2%	8120000	-32499.763592075033	294.05087407086023	30.300374917247	0.983337295130142
81.3%	8130000	-32269.442324768694	296.0528718479618	30.447046918858568	0.978600282384032
81.4%	8140000	-32014.69908281503	300.73484999064254	30.428355985919808	0.9792013977469636
81.5%	8150000	-32225.383032156562	302.4377438656488	30.130004363643874	0.9888975903537323
81.6%	8160000	-32135.673357715772	302.20203882173104	30.034632850387716	0.992037720619922
81.7%	8170000	-32434.08134503843	300.13425289134005	30.099225226452674	0.9899088261703537
81.8%	8180000	-32221.29267626995	297.84030564420004	30.29034884054507	0.9836627788410343
81.9%	8190000	-32228.621329263726	302.5747624453571	30.130090578735043	0.98889476069427
82.0%	8200000	-32467.425275861693	296.8319408667149	30.292572172838497	0.9835905826204704
82.1%	8210000	-32038.686403855158	304.0691278474127	29.98542044772585	0.9936658638653377
82.2%	8220000	-31859.7420267071	302.0488825996758	30.653431827394318	0.9720115150672061
82.3%	8230000	-32455.57862546103	302.3065339025893	29.977707411979072	0.9939215265223587
82.4%	8240000	-32309.141360389636	307.4248450923749	30.391435503487095	0.9803909627479144
82.5%	8250000	-32303.398946802074	299.67217782921904	30.780554391636013	0.9679971430485728
82.6%	8260000	-32160.214392386784	302.2809302911984	30.51647445883124	0.9763738846291358
82.7%	8270000	-32233.73603973858	301.4670673260533	30.08111074737942	0.9905049372271122
82.8%	8280000	-32462.83585394168	303.4602875566331	30.206513429963643	0.9863928447630417
82.9%	8290000	-32267.568529379496	295.1706146375038	30.341244631523143	0.9820127379217245
83.0%	8300000	-32630.851068369986	296.8248613492291	29.92865853226569	0.995550424701887
83.1%	8310000	-32168.801826274197	304.02169054508704	30.284200726262267	0.9838624760770524
83.2%	8320000	-32334.404428333917	298.6009733361129	30.60487161255136	0.9735537887483063
83.3%	8330000	-32343.733616312908	300.2640386517561	30.13093283119127	0.9888671180372766
83.4%	8340000	-31958.50206843292	300.5275806072352	30.080942503718184	0.9905104771525015
83.5%	8350000	-31988.095361418033	311.8377410551801	30.137916085265932	0.9886379877181197
83.6%	8360000	-32360.787175945414	301.13213464342346	30.331649087385017	0.9823234017614578
83.7%	8370000	-32879.19837500615	282.4539033851289	30.491802659064454	0.9771638969891276
83.8%	8380000	-31983.76141100697	301.6938341253202	30.329247767605462	0.9824011772682109
83.9%	8390000	-32103.3589257439	305.68186990852735	30.722636364579625	0.9698220022193905
84.0%	8400000	-32418.201349194336	298.89923605628513	29.865948721933602	0.9976407911888299
84.1%	8410000	-32165.512306076416	299.6525106201006	29.974960925155447	0.9940125956110933
84.2%	8420000	-32220.497999138606	294.36612710047933	30.004475114323533	0.9930348256061009
84.3%	8430000	-32067.34063531639	303.1303679269298	30.69171568217801	0.9707990592997847
84.4%	8440000	-32390.22808479087	303.6987086894825	30.260328366601595	0.9846386447491503
84.5%	8450000	-32122.706173205923	294.54400155443466	30.503720204596153	0.9767821273178813
84.6%	8460000	-32418.05408115912	287.36283149068805	30.24244696193017	0.9852208305122286
84.7%	8470000	-32622.645132783742	299.1418735581286	29.82944345667135	0.9988617037335675
84.8%	8480000	-32071.119475019106	301.5554518903088	30.64629934502233	0.9722377366712742
84.9%	8490000	-32099.509075045527	310.4618996706216	29.917168167797914	0.9959327883387699
85.0%	8500000	-32333.477414671506	297.04504468048157	30.402239366780304	0.9800425670324662
85.1%	8510000	-32240.03869170713	295.1623775083932	30.662871986267835	0.9717122625010005
85.2%	8520000	-32473.130229346745	300.6174360811173	30.023225152667433	0.9924146576873559
85.3%	8530000	-32479.06954885827	300.95212388100225	30.325675743599785	0.9825168930932456
85.4%	8540000	-32232.84464553924	301.19211599142744	30.417452372875776	0.9795524078513711
85.5%	8550000	-32280.768703979324	302.46311334570674	30.28016520957565	0.983993597998352
85.6%	8560000	-32475.47187227657	295.3551020038341	30.879612288393865	0.9648919304519096
85.7%	8570000	-32001.143642163777	307.6475077508314	30.42607721723899	0.9792747352811277
85.8%	8580000	-32251.15504477726	310.3817696595683	30.403712426127576	0.9799950839868479
85.9%	8590000	-32573.704054623784	291.1014593499336	30.47406126093146	0.9777327825600146
86.0%	8600000	-31933.750619491504	307.9464981271159	30.25632601500768	0.9847688942066453
86.1%	8610000	-32141.366787466628	300.09129504421276	30.521657427789677	0.9762080838187496
86.2%	8620000	-32220.802948730357	295.30275538111715	30.76825613228578	0.9683840574016098
86.3%	8630000	-32661.44577999733	307.19675270464813	30.384247463625307	0.980622895078271
86.4%	8640000	-32012.42772000091	305.53877664403524	29.95934169755966	0.9945308215828339
86.5%	8650000	-32437.237650678726	297.7500218645099	30.300609767246854	0.983329673608153
86.6%	8660000	-32641.072267981654	297.7170393990705	30.384570896990247	0.9806124566829496
86.7%	8670000	-31932.418118734786	304.82244739516096	30.277635385563016	0.9840758148095657
86.8%	8680000	-31663.17675808858	305.7678624336775	30.710109082267245	0.970217612472093
86.9%	8690000	-32358.364357421582	291.9123995679971	30.19140190228742	0.9868865582653663
87.0%	8700000	-32555.082924137765	296.0704918841323	30.58889296576717	0.9740623417101029
87.1%	8710000	-32347.601059186447	299.67662336027513	29.990877644375473	0.9934850545510044
87.2%	8720000	-32154.149036889372	302.3112492946073	30.302120798840647	0.9832806393437266
87.3%	8730000	-32037.174925984757	303.67190399489533	30.80188177935171	0.9673268966485192
87.4%	8740000	-32310.097403395397	306.4928081188823	30.305192672928747	0.9831809694835172
87.5%	8750000	-31955.003215793928	303.052085968337	30.3051545588974	0.983182206005516
87.6%	8760000	-32232.03088168142	307.54130081709667	30.22011036243834	0.9859490370885193
87.7%	8770000	-32614.090042338183	291.44836293069915	30.260656061944204	0.9846279820094734
87.8%	8780000	-32309.92663573654	294.4696810706909	30.582366278854543	0.9742702196708779
87.9%	8790000	-32364.545087567938	295.30307196592133	30.170799484097568	0.9875604631643744
88.0%	8800000	-32919.78743705427	306.7022463804635	29.89324540955457	0.9967298064943975
88.1%	8810000	-32383.125806521566	288.9632723267439	30.32242364583785	0.982622268607631
88.2%	8820000	-32484.867952278757	298.6842448185295	30.503503757458315	0.9767890583805363
88.3%	8830000	-32660.322152186127	296.4856015355044	30.118239005644345	0.9892838922943339
88.4%	8840000	-32334.697184497432	298.86101951836605	30.258456384279913	0.9846995608154825
88.5%	8850000	-32083.345108427515	302.3505468604591	30.11377096326788	0.9894306743880983
88.6%	8860000	-32392.328718470933	299.44847601427233	30.03100184650096	0.9921576664291826
88.7%	8870000	-32373.84850572649	299.4193628853705	30.64137546552174	0.9723939692616381
88.8%	8880000	-31842.80613578105	313.0122430141144	30.63257856098725	0.9726732163025128
88.9%	8890000	-32045.746810829805	300.3107010426634	30.547501929616065	0.9753821697501192
89.0%	8900000	-32765.546182348335	291.4035647501376	30.246783532707383	0.9850795764890335
89.1%	8910000	-32506.957106500806	295.9408992828696	30.482706922503915	0.9774554729769844
89.2%	8920000	-32437.91964818904	298.7847306934244	30.384283416071302	0.9806217347483994
89.3%	8930000	-32051.877461742784	308.7745171221489	30.44890808854362	0.9785404660788277
89.4%	8940000	-31892.358349068265	301.16387711655716	30.398949693885466	0.9801486239686766
89.5%	8950000	-32538.135188113374	296.9040312967244	30.037743789496343	0.9919349775855604
89.6%	8960000	-32240.09788151941	303.3515721575786	30.141531176520207	0.9885194132328982
89.7%	8970000	-32343.490016928816	301.6443556965107	29.9219299869929	0.995774294155056
89.8%	8980000	-32292.04891728697	305.69183757134607	30.40244619233603	0.9800358998765641
89.9%	8990000	-32558.3150938623	303.8084696848372	30.276718181825935	0.9841056264294874
90.0%	9000000	-32290.67138867959	310.5352777424493	30.246075009005523	0.9851026522840898
90.1%	9010000	-32222.949271224847	306.94931680029873	30.174205275112953	0.9874489962832443
90.2%	9020000	-32300.606751084735	293.86652757977197	30.531552419878462	0.9758917038609423
90.3%	9030000	-32265.63294035144	302.14703399745986	30.136461850285567	0.9886856944446692
90.4%	9040000	-32272.104740461276	290.7738441062232	30.36314821948793	0.98130432645424
90.5%	9050000	-32356.698984439892	296.6535375347404	30.3675454855504	0.9811622321182416
90.6%	9060000	-32250.97670093685	301.3900456509585	30.166476698029502	0.9877019782857548
90.7%	9070000	-32472.87416087644	299.6115094943751	30.25959217548634	0.9846626002016163
90.8%	9080000	-32125.59169386857	299.0704033840507	30.200592340523443	0.9865862356803842
90.9%	9090000	-32382.499610257277	299.60456964534967	30.02216732389829	0.9924496253419058
91.0%	9100000	-32129.02101364167	294.99067490083877	29.931836738427375	0.9954447157030808
91.1%	9110000	-32118.660512058006	300.82827383317533	31.04398567369664	0.9597829681322261
91.2%	9120000	-32518.629715632123	294.40109462171466	30.256781566278818	0.9847540673579748
91.3%	9130000	-32438.386248496303	298.68224949280784	30.348964009385785	0.981762959135615
91.4%	9140000	-32132.432037415623	307.0922213723953	30.197090035289712	0.9867006614787875
91.5%	9150000	-32430.080566723773	294.2570879141725	30.504363559639785	0.9767615264059195
91.6%	9160000	-32339.53455441812	298.4189136075145	30.359439132488767	0.9814242148060501
91.7%	9170000	-32319.101396957936	300.73563774565656	30.190481339206038	0.9869166502443858
91.8%	9180000	-32363.48443996691	300.79383410068436	30.073872410495877	0.990743337135265
91.9%	9190000	-32369.24378575053	292.77806942497597	30.479787671574353	0.9775490903547969
92.0%	9200000	-32399.787883020414	304.06252407698463	30.395528009494818	0.9802589612277005
92.1%	9210000	-32317.754174827656	301.7494995532497	30.420865180985036	0.9794425153686598
92.2%	9220000	-32383.774386078992	297.5880836700593	30.30280905550057	0.9832583064488665
92.3%	9230000	-32088.020913510525	296.1654889474722	30.27464379939314	0.9841730561715848
92.4%	9240000	-32531.514842453355	291.90256373258603	30.497078365528463	0.9769948568658098
92.5%	9250000	-31938.477107251005	310.5814861045311	30.65123743173487	0.9720811037046745
92.6%	9260000	-32397.51219355635	301.62332659463823	30.171501471263028	0.9875374860258015
92.7%	9270000	-32186.108614431636	305.56547116952316	30.597380490239434	0.9737921428293387
92.8%	9280000	-32369.41231714486	296.0496755642702	30.146884713480016	0.9883438702119683
92.9%	9290000	-32247.13447878213	305.92184364052895	30.026746839140014	0.992298262351761
93.0%	9300000	-32086.421237404866	301.9202201475261	30.281379140095353	0.9839541513187843
93.1%	9310000	-32370.660997325263	296.65632585244765	30.12236201448876	0.9891484837152985
93.2%	9320000	-32405.341656414268	297.01464468018173	30.141523707823456	0.9885196581757817
93.3%	9330000	-32442.80312149733	293.51253177092144	30.26256292647397	0.9845659399352953
93.4%	9340000	-32489.403330930916	298.45503149791216	30.067279175726963	0.9909605900293262
93.5%	9350000	-32387.769676656404	301.2171588939078	30.094267947641878	0.9900718889189518
93.6%	9360000	-32045.92915209179	299.8729506969345	30.125255111143417	0.9890534902568651
93.7%	9370000	-32563.42295408662	295.0764264745206	30.337834763391974	0.9821231127710027
93.8%	9380000	-32633.132081306714	297.154597970381	30.128509709263753	0.9889466488743552
93.9%	9390000	-32306.92533302371	296.3549669574405	30.64839120186533	0.972171378142075
94.0%	9400000	-31863.79267277423	294.4775930288881	30.60291761449673	0.9736159502138652
94.1%	9410000	-32088.393068180827	303.2591403795671	30.887011442748232	0.9646607852554269
94.2%	9420000	-32709.466661156097	299.3869175226142	30.195682801747466	0.9867466454784245
94.3%	9430000	-32675.51219636848	291.72270475527563	30.053435767988045	0.9914170526982496
94.4%	9440000	-32124.232837706397	300.3767057831302	30.349543837715153	0.9817442025447588
94.5%	9450000	-32665.680755095498	304.83578200664056	30.08748466121634	0.9902951026996992
94.6%	9460000	-32415.317238761054	295.03097308189183	30.075911443854984	0.9906761684737766
94.7%	9470000	-32386.337589565606	298.76475310381545	30.33759649670512	0.9821308262106679
94.8%	9480000	-31980.24521551229	312.3313307420778	30.496404913177603	0.9770164318509599
94.9%	9490000	-32333.775995880307	307.3048995249253	30.308674443240623	0.9830680245799991
95.0%	9500000	-32591.576146445877	290.71584613137077	29.930423139376575	0.9954917300636423
95.1%	9510000	-32212.512583785632	301.67365089063986	30.47318335415003	0.9777609502191088
95.2%	9520000	-32008.11319940252	306.72625303457255	30.2089760131681	0.9863124357332405
95.3%	9530000	-32028.946685343224	303.67354470238007	30.061896369920362	0.9911380288825671
95.4%	9540000	-32551.84377046855	291.41234553333464	30.105542516129038	0.989701105588512
95.5%	9550000	-32464.101148850226	302.6630409208186	30.287524657023308	0.9837545012330895
95.6%	9560000	-32119.052906681958	298.3067972499363	30.244182277657252	0.9851643016503754
95.7%	9570000	-32276.484230951697	298.70850754926823	30.67275367577395	0.9713992107623527
95.8%	9580000	-32423.328439958335	298.40581974609483	30.142593398924785	0.9884845778936092
95.9%	9590000	-32050.938166740292	304.91980304377324	30.085672480389697	0.9903547521490843
96.0%	9600000	-32343.398193484114	300.7947904192546	30.51185940437467	0.9765215655222541
96.1%	9610000	-32215.477809157863	305.4518106839525	30.557251591080085	0.9750709622475476
96.2%	9620000	-32197.098980211595	297.32331155561826	30.109189793387117	0.989581218126927
96.3%	9630000	-31736.009684206452	300.90356548934216	30.832264331887075	0.9663736789431983
96.4%	9640000	-32271.160088702047	299.7459806392175	30.373463936554526	0.9809710467924581
96.5%	9650000	-32586.59705798136	300.62443520991786	30.074452883136104	0.9907242146128062
96.6%	9660000	-32134.763312501775	304.9016747695907	30.072589908039898	0.9907855892581121
96.7%	9670000	-32189.27991346846	307.62062532680477	30.112271814975056	0.9894799334847046
96.8%	9680000	-32013.3818451892	305.04540425351973	30.470899739232486	0.977834227657938
96.9%	9690000	-32580.32159608783	295.2076168933456	30.288236575159395	0.9837313783064988
97.0%	9700000	-32375.409912254254	304.7686623744516	30.131641101133358	0.9888438738716475
97.1%	9710000	-31917.687402434123	306.9749647860056	30.518218401644845	0.976318090408219
97.2%	9720000	-32247.488967907557	295.70616435751776	30.255157160839175	0.9848069390008232
97.3%	9730000	-32313.35613530496	292.5520488329002	30.230182537230927	0.9856205358951868
97.4%	9740000	-32407.676574958896	296.2982844294819	30.364363959269678	0.9812650366239222
97.5%	9750000	-32272.141586257087	299.5554337268373	30.549471196846728	0.975319295072784
97.6%	9760000	-32530.698156574683	295.39129509071824	30.069244528168305	0.990895819967908
97.7%	9770000	-32526.548168036097	295.55150171516595	30.13933300343567	0.9885915096116556
97.8%	9780000	-32370.07406225422	291.1073236539592	30.275763362730956	0.9841366625699253
97.9%	9790000	-32095.45141839952	295.75235331169085	30.661174846762393	0.9717660481526219
98.0%	9800000	-32592.324384495092	296.4936918877767	30.12252526984231	0.9891431228173004
98.1%	9810000	-32311.783995789883	299.3011448029568	30.4846380537363	0.9773935534361061
98.2%	9820000	-32048.09722034767	298.25844813911965	30.599945061236614	0.9737105296407601
98.3%	9830000	-32049.01888650417	291.55442554229415	30.975483294133213	0.9619055312108128
98.4%	9840000	-32551.571311634674	300.05662993912296	30.262547871972203	0.9845664297205488
98.5%	9850000	-32317.972581406997	305.12292339198643	30.130143307790156	0.9888930300856296
98.6%	9860000	-32548.68136247556	302.01545841209304	30.27991469028913	0.9840017390177911
98.7%	9870000	-32556.824655683187	294.71667856693597	30.06466480780837	0.9910467621384026
98.8%	9880000	-32073.78078642668	306.3211886288586	30.197108821857363	0.986700047621387
98.9%	9890000	-32257.712968154752	307.07272747528594	29.958511516548782	0.9945583810496104
99.0%	9900000	-32381.969315823575	292.450586304241	30.333177964684428	0.9822738899051208
99.1%	9910000	-32230.18045462802	298.74339423721955	30.62923773151429	0.9727793088986479
99.2%	9920000	-31970.70851626707	295.63250993942256	30.533064056699107	0.9758433892263618
99.3%	9930000	-32816.81130569981	294.9154299921549	30.28027737710375	0.9839899529812282
99.4%	9940000	-31719.856012027652	300.4082418139554	31.100872576854282	0.9580274199357705
99.5%	9950000	-32514.00009108981	303.8362574827389	29.89220642469562	0.9967644505471883
99.6%	9960000	-32218.648216326197	300.01766557462497	30.215431786831218	0.9861017020296438
99.7%	9970000	-32287.408956053143	308.28369217292226	29.982995649335752	0.9937462240606687
99.8%	9980000	-32132.367376679962	305.19637771326944	29.98650796684546	0.9936298266373066
99.9%	9990000	-32206.96318208793	304.67338807028784	30.135514063262665	0.9887167894334242
100.0%	10000000	-32054.11015058396	303.4341390763758	30.463095807621308	0.9780847258833286
