<openmm.openmm.HarmonicBondForce; proxy of <Swig Object of type 'OpenMM::HarmonicBondForce *' at 0x2b1d4c9aba20> >
<openmm.openmm.HarmonicAngleForce; proxy of <Swig Object of type 'OpenMM::HarmonicAngleForce *' at 0x2b1d4c9abdb0> >
<openmm.openmm.NonbondedForce; proxy of <Swig Object of type 'OpenMM::NonbondedForce *' at 0x2b1d4c9abf90> >
<openmm.openmm.CMMotionRemover; proxy of <Swig Object of type 'OpenMM::CMMotionRemover *' at 0x2b1d4c9aba20> >
<openmm.openmm.MonteCarloBarostat; proxy of <Swig Object of type 'OpenMM::MonteCarloBarostat *' at 0x2b1d4c9abdb0> >
#"Progress (%)"	"Step"	"Total Energy (kJ/mole)"	"Temperature (K)"	"Box Volume (nm^3)"	"Density (g/mL)"
0.1%	10000	-31915.285158331448	306.6828313948236	30.294558956701188	0.98352607658492
0.2%	20000	-31478.578873519364	309.56807054550956	30.713064416015815	0.9701242542576615
0.3%	30000	-31030.015480320668	316.20732475921545	31.01051811323492	0.960818797149942
0.4%	40000	-30983.491847781406	314.97179996103415	30.70510219268157	0.9703758198094027
0.5%	50000	-31235.86087992083	314.4390654289321	30.562711734270504	0.9748967621595129
0.6%	60000	-31550.000751604617	313.2919727585638	30.232910196690863	0.985531611700951
0.7%	70000	-31076.058122393617	319.3638139373768	30.9167103510717	0.9637341222340633
0.8%	80000	-31194.99708123383	307.7201105689267	31.34921051800109	0.9504382477334138
0.9%	90000	-31742.240735901112	306.2718322825267	30.578608129535787	0.9743899587036954
1.0%	100000	-31385.103909221652	307.52451634822256	30.440469284051144	0.9788117402042088
1.1%	110000	-31312.275676683	313.9246238680561	30.278850269069366	0.9840363305667431
1.2%	120000	-31586.434336603095	305.0583923222197	30.27292515486377	0.9842289293199605
1.3%	130000	-31460.01832274528	309.3968360077821	30.50587029858749	0.9767132824246774
1.4%	140000	-31350.920754261722	316.2098810676361	30.651826515914323	0.9720624216989205
1.5%	150000	-31570.87271760864	308.8703541994677	30.55804677577002	0.9750455888489638
1.6%	160000	-31571.1930073385	305.64513351628966	30.763334158187515	0.9685389938341562
1.7%	170000	-30981.67836472408	319.03616621457417	30.604412766409187	0.9735683850551715
1.8%	180000	-31467.678473956825	314.48102004134785	30.571204949987422	0.9746259187787468
1.9%	190000	-31140.340660095622	313.8339118356667	30.82870392130578	0.9664852855511432
2.0%	200000	-31514.876207911933	305.79129269565965	30.796564291690828	0.9674939201121839
2.1%	210000	-31858.77329743473	299.2795518922604	30.3268268730213	0.9824795992442218
2.2%	220000	-31506.550619104353	307.99482455357327	30.908190523059602	0.9639997750863292
2.3%	230000	-31594.389056463202	317.2469033345481	30.285395878772174	0.9838236499143571
2.4%	240000	-31467.107413571735	312.59109736023515	30.317677811450533	0.9827760852218553
2.5%	250000	-31509.42982143484	311.79406767156354	31.051044096580277	0.9595647933731256
2.6%	260000	-31625.961068389413	314.52375490796743	30.289237007934997	0.9836988863321058
2.7%	270000	-31714.341986199317	309.5323044636206	30.999734543086632	0.9611530276538989
2.8%	280000	-31521.05856801587	322.2822581474772	30.376797247976338	0.980863402725572
2.9%	290000	-31549.948591323977	306.43461756553864	30.464168322733883	0.9780502916378643
3.0%	300000	-31063.301324430446	314.29862406606327	30.58348024637493	0.974234733016905
3.1%	310000	-31556.93518174434	309.2529397298176	30.858536368670162	0.9655509372377563
3.2%	320000	-31332.343635266123	304.4290194049504	30.681517983355455	0.971121726399546
3.3%	330000	-31604.244003408414	318.88124427864517	29.913749217126448	0.9960466171019488
3.4%	340000	-31647.69896117499	308.16504055997694	30.646680087224873	0.9722256579751086
3.5%	350000	-31580.867339202145	304.37269078737364	30.588573375870972	0.9740725187287841
3.6%	360000	-31039.88237134629	310.3304550024424	30.55125864367746	0.9752622325666767
3.7%	370000	-31557.32202938007	316.9947563425459	30.512578030786436	0.976498566672798
3.8%	380000	-31659.405892260547	310.6246260843266	30.63332010984893	0.9726496705453517
3.9%	390000	-31848.601628225937	307.2905271558705	30.693086640189254	0.9707556969373331
4.0%	400000	-31514.71598090598	313.7709739018406	31.037654282217222	0.9599787548901836
4.1%	410000	-31933.245476833486	291.7095345814276	30.3668121576722	0.9811859261963067
4.2%	420000	-32481.400593075843	299.3858027160916	29.78914601472976	1.0002129197601695
4.3%	430000	-32218.34823236562	299.8466347402297	30.84180801665205	0.9660746444069602
4.4%	440000	-31879.068184569885	302.6756949611617	30.48862486655951	0.9772657456005867
4.5%	450000	-32011.049292553274	300.8201678632473	30.397186746118013	0.9802054697170292
4.6%	460000	-31633.292667706613	311.85748214076506	30.174465054240585	0.987440495100593
4.7%	470000	-31464.29144585872	310.1510049633294	30.47462266628425	0.9777147707072105
4.8%	480000	-32228.919804259145	306.4898923906419	30.362827496305687	0.9813146919923761
4.9%	490000	-31785.345084997767	304.48433503379505	30.372626432624752	0.980998096382934
5.0%	500000	-31915.70372170309	299.9210427403616	30.243010268690693	0.9852024797743388
5.1%	510000	-32209.126375734748	306.70558639267426	30.647404296186934	0.9722026839402494
5.2%	520000	-31735.657852908305	296.4626434408587	30.22944516076555	0.9856445777981426
5.3%	530000	-32057.34502769442	303.9589134733767	30.84189143782851	0.9660720313673692
5.4%	540000	-31725.53210078174	304.08666844472924	30.412067097661485	0.9797258639760783
5.5%	550000	-31856.94072023587	306.15932298810003	30.404421111439873	0.9799722416469263
5.6%	560000	-31767.708307111578	301.71296247969644	30.520443266902056	0.976246919220424
5.7%	570000	-31888.804875513946	308.81016132277114	30.62907204098688	0.972784571229695
5.8%	580000	-31760.82784388907	311.0695028483714	30.060798721271556	0.9911742195815658
5.9%	590000	-31776.37975621404	316.8049150248032	30.255623938831864	0.9847917455872911
6.0%	600000	-31635.683261346014	312.06450670026777	30.78578492132721	0.9678326795531431
6.1%	610000	-31478.904441005492	314.55938566398413	30.629034564561977	0.9727857614888219
6.2%	620000	-32017.615169552795	299.93656466604824	30.264694912867892	0.9844965825142507
6.3%	630000	-31800.496808885655	302.50741336487965	30.178599443005155	0.987305218349386
6.4%	640000	-32343.411753975728	304.32056210389095	29.662681372057552	1.004477253382171
6.5%	650000	-31915.23412488788	298.1698736995607	31.103781190023824	0.9579378317550479
6.6%	660000	-32431.39801383851	288.3129918474632	30.140782590448016	0.9885439644157554
6.7%	670000	-31856.72090233158	302.1422330915161	30.520578634319328	0.976242589288621
6.8%	680000	-32156.83973922534	301.57804391527515	30.85145338324427	0.9657726118257072
6.9%	690000	-32081.33094297297	303.5882231099307	30.626857226516858	0.9728549192033261
7.0%	700000	-31856.674661293102	305.35201253232293	30.524843883893418	0.9761061784914352
7.1%	710000	-31698.21695196809	311.3791550074371	30.40756744569528	0.97987084188061
7.2%	720000	-31591.462039541395	314.45261053173834	30.304226190769214	0.9832123257326627
7.3%	730000	-31668.941911435628	305.7250924184686	30.44175077760339	0.9787705355789197
7.4%	740000	-31706.18408808409	292.7257288076302	30.585761351945848	0.9741620739697328
7.5%	750000	-31876.89529121382	303.9952735190988	30.52017286513523	0.976255568545347
7.6%	760000	-32070.55888461921	302.7585012573939	30.595119590942076	0.9738641035211398
7.7%	770000	-32037.886345470615	302.44893693438195	30.989617680923388	0.9614668054100063
7.8%	780000	-31545.708310761896	312.31016396542634	30.491693168482005	0.977167405821636
7.9%	790000	-31879.277430484013	298.2574832162919	30.321167124202727	0.9826629888785428
8.0%	800000	-32223.521214042616	299.0719832479567	30.675218050408702	0.9713211708419421
8.1%	810000	-32160.23108278442	294.99605849753254	30.537322170927027	0.9757073179429457
8.2%	820000	-31640.1706513869	297.4380949898549	31.106545391466216	0.9578527071260371
8.3%	830000	-31502.91489086143	304.07125271917386	30.907601434171685	0.9640181486102877
8.4%	840000	-32086.497821173572	295.6183420490424	30.72496420641721	0.9697485247625377
8.5%	850000	-32041.923609659483	305.3180753760814	30.344217283630893	0.9819165356632205
8.6%	860000	-32273.442674437363	297.09804225110724	30.035186106643973	0.9920194470166414
8.7%	870000	-31807.51189255988	307.2161139738825	30.20099113868385	0.9865732080027801
8.8%	880000	-31438.98687717499	309.68629894887334	30.862703807272144	0.9654205574021737
8.9%	890000	-31660.92818366707	308.11176179979634	30.089890081217384	0.9902159373840222
9.0%	900000	-31559.510006422584	305.135888964674	30.081008975401062	0.9905082883662684
9.1%	910000	-31393.790009570017	310.230348323388	30.563451074189626	0.9748731790866609
9.2%	920000	-31861.729593604512	303.86917471486805	30.322698480607745	0.9826133624489243
9.3%	930000	-31731.336251790344	301.39129706926803	30.72437999457863	0.9697669641441856
9.4%	940000	-31909.581576998055	310.3878746053452	30.419865378253608	0.9794747064809468
9.5%	950000	-32173.996610446775	302.3450748199091	30.191764603649336	0.9868747025456546
9.6%	960000	-31672.115859830577	313.81905348859976	30.349312172749663	0.9817516964785754
9.7%	970000	-32026.1911189183	299.38857540998754	30.336255468963916	0.9821742417431086
9.8%	980000	-32041.76437898673	298.5392836395522	30.466088650885865	0.9779886435040783
9.9%	990000	-32220.48979316483	293.46537136892414	30.039722316710534	0.9918696450792486
10.0%	1000000	-31761.69410482765	304.05245721010016	30.485341878261938	0.977370988048555
10.1%	1010000	-31800.38381769642	296.0703300487018	30.71682604620738	0.970005451335807
10.2%	1020000	-31747.89277324587	307.17812213835407	30.019802106050083	0.9925278190474808
10.3%	1030000	-32219.799418209994	299.974450612644	29.822883052926887	0.99908143219006
10.4%	1040000	-31687.432901159336	303.71688882877936	30.726686968572178	0.9696941535880597
10.5%	1050000	-31652.105528695683	305.59768719552505	30.718884977309923	0.969940436788734
10.6%	1060000	-31531.756865098083	310.4468866662495	30.34778858615669	0.9818009845417943
10.7%	1070000	-31926.42793268239	305.0385142164448	30.363951230188334	0.9812783746975494
10.8%	1080000	-31818.519920413557	306.74070681926594	30.34269497924046	0.9819657987841892
10.9%	1090000	-31340.002524893207	311.6407489734151	30.39336928641788	0.9803285852177569
11.0%	1100000	-31784.184177032614	301.33953041227187	30.42755119162809	0.9792272971593214
11.1%	1110000	-32010.2531995654	300.32177025799245	30.512828791277254	0.9764905416135178
11.2%	1120000	-31702.24693915926	302.6364043975041	30.759128257077524	0.9686714286416447
11.3%	1130000	-31964.50778506737	306.88403531615444	30.30150013431126	0.9833007798454366
11.4%	1140000	-32230.04361023259	297.2317831448329	29.9955737824008	0.9933295135043113
11.5%	1150000	-31497.824505571683	314.7224343604353	30.629041000393165	0.9727855570852642
11.6%	1160000	-32127.97005177004	305.2885180527592	30.631953341779447	0.9726930692309551
11.7%	1170000	-32061.640735739784	307.8590528459035	30.4261609630652	0.9792720398976419
11.8%	1180000	-31694.931566694228	307.55788543398995	30.436705895517036	0.9789327667335834
11.9%	1190000	-31012.033137207094	317.69667801596	30.836879209323325	    0.9662290567829703
12.0%	1200000	-31364.45236252778	319.74373543411747	30.298502731088433	0.9833980568941632
12.1%	1210000	-31772.804778435675	303.971860894436	30.750553143878342	0.9689415527956575
12.2%	1220000	-31383.44207560731	315.60242527782276	30.476160498602393	0.9776654350511527
12.3%	1230000	-31875.045631602115	297.98931891056804	30.60198463520423	0.9736456333710599
12.4%	1240000	-32060.27617521485	301.1206219122561	30.37394505555713	0.9809555083495343
12.5%	1250000	-31562.95633071469	315.5886369430381	30.670796926738646	0.9714611845178144
12.6%	1260000	-31972.0326962198	303.48633983026633	30.41203601784097	0.9797268652146666
12.7%	1270000	-31634.34188453894	302.71312477442393	30.85563359294809	0.9656417724432818
12.8%	1280000	-31696.23705553863	313.9091894653118	30.470295856305462	0.9778536071020474
12.9%	1290000	-31979.630526032008	297.54479569213834	30.25938072178957	0.9846694810611026
13.0%	1300000	-31548.434443657017	305.9317872073232	30.86060821893362	0.9654861142456265
13.1%	1310000	-31703.531260991876	304.4963441068605	30.921858279774565	0.9635736779779358
13.2%	1320000	-32020.349808600906	299.6074562083041	30.361457707237538	0.9813589650358665
13.3%	1330000	-31331.172499915527	311.0499596064797	30.28549313443856	0.9838204905659437
13.4%	1340000	-31674.25791044318	304.53441023871665	30.427305961765956	0.9792351892735751
13.5%	1350000	-31795.904822302226	309.9778000282521	30.337026377251565	0.9821492832566221
13.6%	1360000	-31707.870471323782	306.23011106820405	30.52104698279443	0.9762276087498378
13.7%	1370000	-32278.179595336725	303.856715492307	30.348979393101708	0.9817624614858498
13.8%	1380000	-31841.11483716563	301.0648235556283	30.0140932583986	0.992716603364902
13.9%	1390000	-31791.186159030243	299.8871412666998	30.32330377054641	0.9825937482938708
14.0%	1400000	-31551.814545473957	308.8664044067876	30.840013021672792	0.9661308732786885
14.1%	1410000	-31999.68721161777	298.47946631038525	30.151612039876117	0.9881889125248006
14.2%	1420000	-31721.624901010597	303.46249055356907	30.56391420456206	0.9748584069807231
14.3%	1430000	-32236.911324059532	295.60986970891395	30.28677935155807	0.9837787097366648
14.4%	1440000	-31457.816945387458	310.991914735383	30.399751157784507	0.9801227831736736
14.5%	1450000	-31755.31118769286	309.7946835900675	30.737246275555815	0.9693610301144675
14.6%	1460000	-31592.150108167378	310.14662891385115	30.736310565541167	0.9693905405146098
14.7%	1470000	-32412.21099456557	290.652524513657	30.29868217052077	0.9833922328656428
14.8%	1480000	-31827.492789467273	312.5353054896255	30.550085422403413	0.9752996857647024
14.9%	1490000	-31736.292532894702	309.1655554646421	30.238327851184227	0.9853550387836006
15.0%	1500000	-31661.269806050637	306.65576265579017	31.06013771662812	0.9592838571544318
15.1%	1510000	-32009.487738389464	307.20009695703214	30.57075417976524	0.9746402897798472
15.2%	1520000	-31474.267563932983	315.7107624863304	30.496361419144456	0.9770178252757193
15.3%	1530000	-32040.94658544421	305.5147346394969	30.597612657014263	0.973784753946301
15.4%	1540000	-32191.48351457942	300.64159283365854	30.14166135707179	0.9885151438596563
15.5%	1550000	-31601.934100751474	305.95571252219474	30.45113172409121	0.9784690100362463
15.6%	1560000	-32033.233445053862	300.122464266868	30.916271552303105	0.9637478006410917
15.7%	1570000	-31582.43969934102	307.6336971830843	30.122508651277997	0.9891436685267827
15.8%	1580000	-32041.555277773587	318.0229964444375	30.30913118741968	0.9830532102128346
15.9%	1590000	-31599.964259479137	317.8951486544456	30.927306409861135	0.9634039355931303
16.0%	1600000	-31985.831263164466	306.9509229712676	30.506649649667324	0.9766883304040496
16.1%	1610000	-31889.902995332086	307.20665598091364	30.18392831415318	0.9871309129297069
16.2%	1620000	-31937.47832187562	310.98289877942454	30.03382362066711	0.9920644500306567
16.3%	1630000	-31457.089648026682	306.4603994358043	30.263277967739516	0.9845426772445698
16.4%	1640000	-32363.57995513425	290.44385668671697	30.311357560825176	0.9829810048185691
16.5%	1650000	-31591.7472678888	317.45586124099975	30.331010689551654	0.9823440774038806
16.6%	1660000	-31656.94035064237	308.7298247003359	30.632059165053516	0.9726897089095123
16.7%	1670000	-32255.167596531275	302.4338348882714	30.193187509187833	0.9868281943894811
16.8%	1680000	-32024.726269814593	306.06916706519456	30.23226219738945	0.9855527356179021
16.9%	1690000	-32159.664290107612	300.6852819014105	30.020827973048956	0.9924939025433813
17.0%	1700000	-31910.249379945395	311.03931249152294	30.159693516016556	0.9879241212027476
17.1%	1710000	-31931.427628019883	305.718116638619	30.638465692960835	0.9724863187062385
17.2%	1720000	-31817.947480922972	304.4311298331323	30.49006023281067	0.977219739319886
17.3%	1730000	-32094.44199803943	309.43514776495033	30.07888550126656	0.990578215117054
17.4%	1740000	-31377.922896497825	311.32870144799136	31.08261313046311	0.958590212074326
17.5%	1750000	-31752.344611581357	313.4763386210344	30.29623889566564	0.9834715396576037
17.6%	1760000	-32090.25155723159	293.9374644625757	30.366832657076937	0.9811852638378825
17.7%	1770000	-31402.72059149336	320.99646759888725	30.903087987940424	0.9641589450278306
17.8%	1780000	-31914.958681911638	304.38788973719437	30.73387651957622	0.9694673138149805
17.9%	1790000	-32000.286553983984	298.075891753871	30.392266345353494	0.9803641615265765
18.0%	1800000	-31644.000905734894	310.5377386821514	30.722417892362543	0.9698288987847499
18.1%	1810000	-31738.98160457256	305.2710630443715	31.059373305223055	0.9593074663726183
18.2%	1820000	-31865.719152499165	304.55359010295047	30.188006309551216	0.9869975647622623
18.3%	1830000	-32087.95849873632	309.56159177731564	30.333509763815943	0.9822631454305737
18.4%	1840000	-32142.596404991054	305.8887681908062	30.406795110426028	0.9798957306861467
18.5%	1850000	-32006.538666402164	298.88753936506157	30.952457264899223	0.9626211081581433
18.6%	1860000	-32119.286848051182	308.47738474992815	30.14643385653243	0.9883586514528478
18.7%	1870000	-32271.598792400153	301.40589403711186	30.106424137145936	0.9896721236911217
18.8%	1880000	-32044.373801820853	306.4942620018192	30.35859638235652	0.9814514589966711
18.9%	1890000	-31948.764610020386	303.865247532885	30.612198614387797	0.9733207695363287
19.0%	1900000	-32051.771760571224	300.2574685047079	30.3760786677798	0.9808866061490427
19.1%	1910000	-31927.575450591103	308.18637508300816	30.378330359154134	0.9808139012345806
19.2%	1920000	-31471.55306194903	314.6723286767407	30.55211563910653	0.9752348761869967
19.3%	1930000	-31694.372946055548	312.9050969066485	30.596914648541908	0.9738069689315805
19.4%	1940000	-32037.1843472225	301.28352029579105	30.26275177994349	0.9845597957916603
19.5%	1950000	-31816.06859013083	311.1737017891519	30.480662027871816	0.9775210487655936
19.6%	1960000	-31760.538177419512	300.1737463465691	30.690996434847577	0.9708218100968554
19.7%	1970000	-31657.807161842415	312.209278512028	30.43267173863132	0.979062534122904
19.8%	1980000	-32137.21787695022	310.14641672938075	30.72509025322756	0.9697445464598743
19.9%	1990000	-31940.55989141058	305.8952726671816	30.255969696411924	0.9847804916359476
20.0%	2000000	-31962.96678606019	309.7777200788042	30.356051472033766	0.98153373932722
20.1%	2010000	-31924.728168654197	311.1502854875938	30.671225046099053	0.9714476245331592
20.2%	2020000	-32262.954725915042	304.6837966196226	30.223444348410478	0.9858402758162763
20.3%	2030000	-31409.835592690564	302.0507777608158	30.572044297268242	0.9745991606854119
20.4%	2040000	-31869.49471444398	312.7554655164656	30.252668885659645	0.9848879391490154
20.5%	2050000	-32316.154344585666	304.0175619267192	30.147688861461358	0.9883175075036441
20.6%	2060000	-32152.34478456847	299.3433734767604	30.187771243592522	0.9870052503090659
20.7%	2070000	-32135.996428132465	299.2862972243179	30.539384340986683	0.9756414333659817
20.8%	2080000	-32027.597470252716	306.7514272345538	30.373126493107424	0.980981945316573
20.9%	2090000	-31433.04061301163	307.2464198506637	30.493972657360075	0.9770943604936755
21.0%	2100000	-32106.774413998413	298.78239931422513	30.784006966703576	0.9678885774935697
21.1%	2110000	-31555.449230975413	317.602523316552	30.44281149728431	0.97873643225143
21.2%	2120000	-32230.92394592188	304.445921138022	30.04404448357528	0.9917269537010471
21.3%	2130000	-32064.16112161096	305.1065209972044	30.22304542286965	0.9858532882992903
21.4%	2140000	-31894.623196141736	307.05935302078694	30.431627380619368	0.9790961337654379
21.5%	2150000	-32336.254303333524	299.27213657103687	30.192498413370455	0.9868507171755027
21.6%	2160000	-31887.256895475963	300.9515008078745	30.18493464329235	0.9870980031813975
21.7%	2170000	-31852.486844314088	304.5900033763673	30.18205681453075	0.9871921219832249
21.8%	2180000	-32152.518010648346	310.1532072466167	30.25796412484958	0.9847155806522058
21.9%	2190000	-31889.01152275683	305.76885354118053	30.61864742601713	0.9731157715097887
22.0%	2200000	-32378.327605904487	306.5552719174809	30.36093473186684	0.9813758692113492
22.1%	2210000	-32042.58692337008	303.47471724185704	30.43481512363438	0.9789935832209791
22.2%	2220000	-31733.72301719425	307.3095500836159	30.214218507040897	0.9861412998523045
22.3%	2230000	-32048.902677558304	303.26127039119626	30.723303002957103	0.96980095889062
22.4%	2240000	-31689.23988086026	307.91798508686236	30.654187226439102	0.9719875621708339
22.5%	2250000	-31530.365062451398	307.31389763799757	30.695338356099725	0.9706844852757244
22.6%	2260000	-32019.76124900201	293.658316342832	30.163562638244212	0.9877973987985534
22.7%	2270000	-31875.893812657276	309.7693323618004	30.357300491307523	0.9814933551514725
22.8%	2280000	-31743.73243268946	308.23983186196267	29.993474931716	0.9933990236339111
22.9%	2290000	-32092.678285451082	303.6843537052668	30.608344682744377	0.9734433214662614
23.0%	2300000	-31575.191620336787	309.55849600352553	30.60232462494306	0.9736348162344972
23.1%	2310000	-32283.42274387268	296.165037685026	30.24755901935147	0.9850543210277767
23.2%	2320000	-31611.841508741898	311.1520135559705	30.96759935389496	0.962150419606463
23.3%	2330000	-32002.460583230888	298.81832016497157	30.93799101564314	0.9630712187319922
23.4%	2340000	-31659.642708496132	306.2858480453314	30.521611273640993	0.9762095600204036
23.5%	2350000	-32246.46814260207	306.56723122628495	30.128634257198424	0.988942560694932
23.6%	2360000	-31736.331008086854	307.01071200719645	30.286999089288752	0.9837715722417769
23.7%	2370000	-32142.288955425553	303.9183826066753	30.36787491583939	0.981151588483856
23.8%	2380000	-31712.384465759562	305.78089213328144	30.563357332491822	0.9748761691464882
23.9%	2390000	-32139.87478341715	304.6190570493413	30.266687859407263	0.9844317571502643
24.0%	2400000	-32116.86915758805	294.3713158085699	30.60797336199662	0.9734551307976976
24.1%	2410000	-32009.54702843813	300.66168800805895	30.49504279906575	0.9770600719887392
24.2%	2420000	-31841.579857657838	306.90001031238296	30.638084705273073	0.9724984116721503
24.3%	2430000	-31843.915813763568	309.38082824589435	30.483703411962345	0.9774235206888474
24.4%	2440000	-31941.791245796427	310.0346017440653	30.247134890096905	0.9850681335874256
24.5%	2450000	-31666.294643194356	308.4116288091373	30.50346818729133	0.9767901974165866
24.6%	2460000	-32085.344513451157	297.6752422701247	30.471020940945714	0.977830338218727
24.7%	2470000	-31947.749765120854	300.30366031587124	30.317706102063685	0.9827751681558364
24.8%	2480000	-31427.730447065027	308.5450981456677	30.71207075185407	0.9701556418417708
24.9%	2490000	-32018.063112232776	303.18433334868695	30.32665848714701	0.9824850543683451
25.0%	2500000	-31593.22338024521	310.1266883462491	30.180130310010522	0.9872551379498824
25.1%	2510000	-31851.21926034469	308.2818928480885	30.10450543852733	0.9897352000482629
25.2%	2520000	-32153.5309971362	301.94600390942315	30.30875430195237	0.983065434353254
25.3%	2530000	-31746.451500190364	307.15562108178614	30.299572072578563	0.9833633505180788
25.4%	2540000	-32151.58124098013	299.3055346456422	30.459791018033705	0.9781908449376576
25.5%	2550000	-31910.37758358504	311.0398127246596	30.583157256340293	0.9742450219516777
25.6%	2560000	-31667.408252035675	313.0572120984193	30.458599367508743	0.9782291152999885
25.7%	2570000	-31720.588730725867	305.7311354633708	30.47753470242032	0.9776213530219917
25.8%	2580000	-31840.51795100601	309.6152007775643	30.27765345264864	0.9840752275982076
25.9%	2590000	-31794.135282019095	308.71442342046953	30.43387658975038	0.9790237738753756
26.0%	2600000	-32044.609736269747	300.2061025358276	29.95924361785343	0.9945340774491054
26.1%	2610000	-31821.130014140566	308.546625780745	30.434066330734137	0.9790176701581806
26.2%	2620000	-31600.13505487278	301.84994277465677	30.598630848629135	0.9737523505529577
26.3%	2630000	-31949.15245676937	301.82910596079216	30.90437791573107	0.9641187016868651
26.4%	2640000	-31479.977776719432	313.1406194691088	30.126572278707734	0.9890102477278218
26.5%	2650000	-32047.65205898619	303.3651215756829	30.27311497216051	0.9842227580463762
26.6%	2660000	-32225.67762692453	308.30307626394807	30.160365837508518	0.9879020988366171
26.7%	2670000	-31874.352638246724	303.8730289619035	30.211122663086243	0.9862423533489132
26.8%	2680000	-32209.940510289685	301.16119756924564	30.48393580197127	0.9774160694377302
26.9%	2690000	-31867.718966379238	308.15542540822946	30.547585353074933	0.975379506045169
27.0%	2700000	-32481.272965495184	294.3248496460862	30.310416823847845	0.9830115133590693
27.1%	2710000	-31871.34458249336	307.8237857715139	30.233032098630332	0.9855276379607559
27.2%	2720000	-31710.56620030169	301.15550652980255	30.607694492187978	0.9734640000461187
27.3%	2730000	-31600.312832275347	313.19193887329993	30.68453750795723	0.9710261627644929
27.4%	2740000	-31958.092971992155	303.8683842402632	30.227929812135926	0.9856939888947523
27.5%	2750000	-31730.125790903054	298.52661660600984	30.591473827537953	0.9739801645559635
27.6%	2760000	-31866.47330860229	306.88919925351723	30.800221374537774	0.9673790441385103
27.7%	2770000	-31586.444706639682	308.4206874561039	30.479486144770647	0.9775587610313722
27.8%	2780000	-31660.280510757526	316.58364028807523	30.06239655934968	0.991121537956301
27.9%	2790000	-32168.636562526633	304.28445085580944	31.075772285150325	0.9588012307193006
28.0%	2800000	-31682.68714473647	309.15721465467516	30.523364620936764	0.9761534838173563
28.1%	2810000	-31744.7670817186	304.70267993094757	30.63708737551554	0.9725300694336476
28.2%	2820000	-31924.05719998706	306.3434071569507	30.70377645894009	0.9704177188887538
28.3%	2830000	-32315.700230806775	302.3494596217571	29.8857950926312	0.9969782841715796
28.4%	2840000	-32377.526150841673	294.8300092293953	30.307694946637433	0.9830997957784515
28.5%	2850000	-31576.825158106105	309.8765527419933	30.252627245537305	0.9848892947619987
28.6%	2860000	-31552.923807888234	302.982290867822	30.386391181553087	0.9805537134874724
28.7%	2870000	-31864.96626404015	304.8695899980231	30.3466399903318	0.9818381449164545
28.8%	2880000	-32131.157145850302	305.2897929002456	30.252561768060932	0.9848914264183529
28.9%	2890000	-31531.652629641758	304.9413701986547	30.44059520333945	0.9788076912926521
29.0%	2900000	-31956.77167272888	307.3088491277677	30.054922351012525	0.9913680150150539
29.1%	2910000	-31872.215794180695	301.6138686881681	30.85876680478043	0.9655437270402895
29.2%	2920000	-31972.285749616043	304.9649546963532	30.419214576054607	0.9794956617982263
29.3%	2930000	-31440.257581410406	309.7861451703547	30.62778462183226	0.9728254616011596
29.4%	2940000	-32034.777083910012	297.070731406684	29.881457006433067	0.9971230220179793
29.5%	2950000	-31660.51895624114	307.26365251599964	30.935439386631504	0.9631506551489533
29.6%	2960000	-31906.18165926746	302.2897995213741	30.17278250251773	0.9874955586236905
29.7%	2970000	-32039.27396150393	308.40616920094647	30.499304834219128	0.9769235356186019
29.8%	2980000	-31723.3437217818	300.8278173610761	30.540617927046178	0.9756020255951849
29.9%	2990000	-31600.33542019612	314.07197941042796	30.77919290785562	0.9680399613386322
30.0%	3000000	-31749.059728997934	306.32946180548925	30.68953314928049	0.9708680991536496
30.1%	3010000	-31775.127243255207	306.49978665961714	30.779961006395112	0.9680158043853367
30.2%	3020000	-32254.93818002002	301.3060189464281	30.366765249523645	0.9811874418537964
30.3%	3030000	-31540.4201404645	307.0039762165694	30.667728602566434	0.9715583797771518
30.4%	3040000	-31847.700652534084	307.84720112409866	30.740610359408343	0.969254948558163
30.5%	3050000	-32100.227988441184	306.6310182289944	29.965065713541765	0.994340843347116
30.6%	3060000	-31885.04839641397	305.16517617952593	30.36211467596603	0.9813377306074238
30.7%	3070000	-32079.108545488853	300.3338882696878	30.36954941760476	0.9810974902144212
30.8%	3080000	-32343.290953853342	298.1814285860617	30.567617645536895	0.9747402973324364
30.9%	3090000	-31978.227482673654	295.9237181897736	30.237623930945936	0.9853779774693678
31.0%	3100000	-32347.698120468238	292.8075954638632	30.308579231195033	0.9830711128117787
31.1%	3110000	-32195.856077980658	300.758731486702	30.20587297652842	0.9864137591953577
31.2%	3120000	-31843.47202664934	305.9063621593397	30.235940797244503	0.9854328301658211
31.3%	3130000	-31913.246421946853	302.0707293494925	30.555755630249728	0.9751187001593173
31.4%	3140000	-32242.467449112737	302.29716769438176	30.337540659211623	0.9821326338629177
31.5%	3150000	-31554.0238058783	313.61951289050006	30.583186095551564	0.9742441032619792
31.6%	3160000	-31789.740504809597	302.33588195406253	30.528742688628242	0.9759815206426268
31.7%	3170000	-32184.73338722781	298.19003941114124	30.172549568046644	0.9875031821675723
31.8%	3180000	-31811.262966650946	299.32904944471426	30.454277106931155	0.9783679516652736
31.9%	3190000	-31647.621906616318	317.55466806238144	30.162571136238014	0.9878298696080942
32.0%	3200000	-31634.328796702146	305.8378788003749	30.456156459526923	0.978307579689183
32.1%	3210000	-31936.53882171394	305.6582646327144	29.98986889761106	0.9935184716638865
32.2%	3220000	-31421.26708445506	307.3329454121489	30.297612031670067	0.9834269671619553
32.3%	3230000	-31988.525179320743	309.5626819170648	30.332125902332134	0.9823079598342294
32.4%	3240000	-32117.617912747373	300.33602803193384	30.38164418093059	0.9807069207681777
32.5%	3250000	-31988.21488860197	301.1728008084622	30.70510950290456	0.9703755887838913
32.6%	3260000	-31833.89758676471	303.1117138740088	30.226990788564397	0.9857246101992798
32.7%	3270000	-32273.407015223464	299.88579794578436	30.460956616985676	0.9781534141294915
32.8%	3280000	-31828.25563821959	310.4393850734134	30.370345992618574	0.9810717572923461
32.9%	3290000	-31728.86072902888	302.6557333562209	30.37338433673764	0.9809736176325997
33.0%	3300000	-32277.53091167513	301.5778960183439	30.825020207905755	0.9666007844145112
33.1%	3310000	-31736.325799201557	313.6407012701499	30.252445268944808	0.9848952191359215
33.2%	3320000	-31689.23554242769	301.844008188511	30.540401749785413	0.9756089312991508
33.3%	3330000	-31963.4581974842	310.2109900553554	30.393090905728968	0.9803375643817305
33.4%	3340000	-31908.223375711998	300.65584464933187	30.770241196609298	0.9683215845522247
33.5%	3350000	-31893.07119532168	299.2725889469915	30.65682802820898	0.9719038344455743
33.6%	3360000	-32039.66066486662	303.6661858173593	30.313238293476275	0.9829200174554483
33.7%	3370000	-31817.072666136024	306.48877033688393	30.804299603153893	0.9672509713385677
33.8%	3380000	-32070.215182734828	299.05284523648083	30.476452616933685	0.9776560640787814
33.9%	3390000	-31893.663492866734	303.55406540292887	30.466026590241015	0.9779906357102394
34.0%	3400000	-31905.84449332388	308.9432253642484	30.271807704470923	0.9842652610453221
34.1%	3410000	-32100.30917163164	308.6136622653373	29.98719006625279	0.9936072251760039
34.2%	3420000	-31481.1692325584	308.83575994163255	30.54039551365201	0.9756091305116148
34.3%	3430000	-31986.393020258693	301.25183435815313	30.59042083388036	0.9740136912256837
34.4%	3440000	-31487.922338778546	312.7369857251088	30.628415835821738	0.9728054128645884
34.5%	3450000	-31955.190595506632	301.9622295674974	29.672909311400318	1.0041310206514686
34.6%	3460000	-31782.755552738847	305.1511703268614	30.136060397284044	0.9886988650726266
34.7%	3470000	-31890.17620287597	304.6434147903725	30.29353005001942	0.983559481623891
34.8%	3480000	-32184.72008920455	299.07970539917153	30.450395866616194	0.9784926555001103
34.9%	3490000	-31818.895236420853	312.13399705567844	30.14154566673388	0.9885189380131574
35.0%	3500000	-32054.49972728215	306.7327105352561	30.444928656406688	0.9786683703160801
35.1%	3510000	-31826.074948259105	321.50825005828915	30.376763056723277	0.9808645067585712
35.2%	3520000	-31679.0292512881	302.33872630651985	30.498271806202098	0.9769566256700383
35.3%	3530000	-31653.299664992082	313.21134665049533	30.17739188741113	0.9873447256051449
35.4%	3540000	-31882.45729943685	302.11509390119056	30.63031588252712	0.9727450682136622
35.5%	3550000	-31581.5339032709	312.47072474000504	30.508319329873803	0.9766348775358158
35.6%	3560000	-31991.279886835546	308.48521609376513	30.4063053559202	0.9799115138713685
35.7%	3570000	-32163.920285745815	306.6937500460472	30.45846346775457	0.9782334799684962
35.8%	3580000	-31910.973435949476	299.44516495123196	30.51522246648626	0.9764139437383471
35.9%	3590000	-31518.61567519087	306.28819523112867	30.78634900291944	0.9678149464793433
36.0%	3600000	-31762.958976675698	310.43937647710715	30.207646096185385	0.9863558589663639
36.1%	3610000	-31707.65333925764	302.7742041337259	30.385455868223442	0.980583896511964
36.2%	3620000	-31546.883279133064	312.155873104491	29.993694835051738	0.9933917403778729
36.3%	3630000	-31767.040701479593	300.16168894491045	30.12680081882968	0.9890027451548145
36.4%	3640000	-32230.84876063437	299.24001632939513	30.62567680514269	0.9728924164559714
36.5%	3650000	-32198.041256509663	296.9751438762584	30.507890478908337	0.9766486061418769
36.6%	3660000	-31674.66496256733	303.4080201823088	30.660391006761497	0.9717908915768263
36.7%	3670000	-31763.660670790763	305.382779964751	30.009365000841242	0.9928730151977431
36.8%	3680000	-31912.31296304235	308.69153659515496	30.432151729913183	0.9790792638322543
36.9%	3690000	-31829.520579703094	312.15852398653084	30.09353977753151	0.9900958455808121
37.0%	3700000	-31819.492329157365	306.2579246157838	30.56873148838968	0.9747047804018789
37.1%	3710000	-31785.18911509117	306.1631631313509	30.44829179297651	0.9785602724494311
37.2%	3720000	-31992.196138285974	303.1022076050069	30.24038089234579	0.9852881423228523
37.3%	3730000	-31787.908112793986	310.16644255598334	30.396135198988002	0.9802393796941286
37.4%	3740000	-32215.83177205143	298.6089333517109	30.252967454228113	0.9848782192237704
37.5%	3750000	-31990.27763993357	297.48664335801925	30.523451557365302	0.9761507035519126
37.6%	3760000	-32310.189272900985	299.02368467075274	30.650734358956754	0.9720970585439833
37.7%	3770000	-31498.052376065345	311.8350674107024	30.59086343104287	0.9739995989233544
37.8%	3780000	-32038.266386908886	303.87839022698637	30.289404849349225	0.9836934354025457
37.9%	3790000	-31419.254294472048	307.59397004903497	30.216144014927416	0.9860784585165884
38.0%	3800000	-31860.233682686638	302.1077388933014	30.09368226588603	0.9900911576490858
38.1%	3810000	-31676.0237514553	307.603254479493	30.32490484700945	0.9825418698879514
38.2%	3820000	-31861.257279224636	307.7687813863844	30.417198522488654	0.9795605828237556
38.3%	3830000	-32237.399562887324	296.67440534419745	30.621832032351143	0.9730145695096469
38.4%	3840000	-31970.16391355585	300.8923203624547	30.483294977669335	0.9774366168218258
38.5%	3850000	-31910.783569846244	299.61138227631454	30.408178921988096	0.9798511377151167
38.6%	3860000	-31744.85809440416	315.35347806286126	30.674388160531414	0.9713474497559033
38.7%	3870000	-32163.08139693219	298.11939184844164	30.320417891970294	0.9826872709576193
38.8%	3880000	-31664.13682060124	306.0123613511422	30.93572943366686	0.9631416248465409
38.9%	3890000	-31593.422670611122	302.55381732190534	30.94007283039941	0.9630064181128893
39.0%	3900000	-31895.9273049747	299.5974135220806	30.72578925904963	0.9697224849571352
39.1%	3910000	-31878.367989287188	298.16951671239156	30.76783621052149	0.9683972739807385
39.2%	3920000	-31953.06677306065	302.80160183377126	30.14193283834989	0.9885062405369623
39.3%	3930000	-31723.475344332808	304.8610440645557	30.8705351419854	0.9651756464704618
39.4%	3940000	-31884.710804935487	305.1573771617939	30.506523957751504	0.9766923545212378
39.5%	3950000	-31799.289134837163	300.245442305566	30.587301881613364	0.9741130102902449
39.6%	3960000	-32211.258698471298	303.8296183447788	30.34146020755051	0.9820057607227558
39.7%	3970000	-31793.965031969652	305.61718878406066	30.62013240475472	0.9730685784992946
39.8%	3980000	-31703.082737068587	303.1709580142918	30.410502605264583	0.9797762667492628
39.9%	3990000	-31603.89742647059	306.0031247294949	30.597414295364413	0.9737910669487179
40.0%	4000000	-31855.9456946805	298.80318850327046	30.233073477578184	0.9855262891036253
40.1%	4010000	-32189.439129623526	300.27715672266044	30.313184226873645	0.9829217705918264
40.2%	4020000	-32137.754464199243	305.0530511424666	30.368017915990634	0.981146968332948
40.3%	4030000	-32001.62886341865	301.51291404111794	30.61504045918088	0.9732304209194587
40.4%	4040000	-31799.733266011754	306.61947918807783	30.678920010909845	0.9712039635671392
40.5%	4050000	-31718.33754549845	306.86194569910725	30.56215132070142	0.9749146386947161
40.6%	4060000	-32277.94965204544	293.95906154308824	30.442735164950943	0.9787388863422083
40.7%	4070000	-32077.934276302753	304.27686607491216	30.52552767160481	0.9760843132048774
40.8%	4080000	-31784.981686748273	306.4358017468777	30.606816928744475	0.9734919113582292
40.9%	4090000	-31613.929782124178	298.6767208053029	30.341415149456722	0.9820072190366625
41.0%	4100000	-31943.13468566764	300.62291986739524	30.635193575071018	0.9725901891085338
41.1%	4110000	-31872.68341444939	301.7599002175417	30.54907957239895	0.975331798195159
41.2%	4120000	-31902.565864897508	306.4638742307637	30.89713243080901	0.9643447908727076
41.3%	4130000	-31925.15653967479	302.3556239024104	31.03558515297896	0.9600427562647367
41.4%	4140000	-31622.025099002698	317.83984151271716	30.527109912999155	0.9760337220742684
41.5%	4150000	-31622.31107497908	308.5934496091846	30.82714494755488	0.9665341621238315
41.6%	4160000	-31665.642788454134	306.72946617500844	30.71480593007813	0.9700692486999242
41.7%	4170000	-32107.642448523955	308.486975509845	30.294391692558413	0.9835315069182886
41.8%	4180000	-31931.346522628504	309.20239469836565	30.780418126577253	0.9680014283765707
41.9%	4190000	-32243.86072285619	301.6652938821113	30.432911053875046	0.9790548350701069
42.0%	4200000	-32043.137661932094	300.67628626927234	30.63540641523883	0.9725834320165517
42.1%	4210000	-31690.700063930766	303.90560194207967	31.03246926878256	0.960139151496009
42.2%	4220000	-32099.43581581296	298.0145066676923	30.05625705489341	0.9913239914783037
42.3%	4230000	-32022.80794788053	300.1024741345377	30.46510563846218	0.9780202000986359
42.4%	4240000	-31873.726951622346	308.6824154450105	30.52929207388827	0.9759639575147231
42.5%	4250000	-32034.377447087027	303.59453054766766	30.050224856180844	0.9915229871042518
42.6%	4260000	-31931.07707968069	306.0267229907237	30.37970425942981	0.9807695446313105
42.7%	4270000	-31616.101742158353	309.22169125179835	30.459784035743414	0.9781910691681522
42.8%	4280000	-31948.14661693148	303.90649585983584	30.857291736757777	0.9655898828302526
42.9%	4290000	-31836.465943581134	307.0304478894084	30.34219881129907	0.9819818562872042
43.0%	4300000	-32150.454670319275	310.3092951234447	30.224838908704054	0.9857947895952045
43.1%	4310000	-31657.76286492491	308.51107160596376	30.323011366080685	0.9826032234345988
43.2%	4320000	-31588.457498396223	317.92122019263877	30.824551785399777	0.9666154732756785
43.3%	4330000	-31573.725343036494	310.43368336974504	30.834729494331622	0.9662964196923536
43.4%	4340000	-31710.446776271274	307.37604887301796	29.8440874396555	0.9983715793890866
43.5%	4350000	-31913.340902540775	305.41831067970355	30.53338046355505	0.9758332768990009
43.6%	4360000	-31933.499315340945	305.43521333321553	30.156647343032546	0.9880239130573935
43.7%	4370000	-31738.755350479332	309.59997697255176	30.566455734574255	0.9747773497616429
43.8%	4380000	-31823.21393478097	312.2419784595989	30.502181958617264	0.9768313871112176
43.9%	4390000	-32053.515532389923	302.3996868076939	30.413735046631313	0.9796721338852814
44.0%	4400000	-31610.208137206908	306.05920004933023	30.976917681722142	0.9618609901312298
44.1%	4410000	-31886.487250938953	303.84306708282526	30.65989663310164	0.9718065611606296
44.2%	4420000	-31649.028863292828	307.396654569119	30.6832093650031	0.9710681942723774
44.3%	4430000	-31709.008743219485	307.87066095129103	30.19951462913126	0.9866214433729122
44.4%	4440000	-32097.721107827907	296.8779181321093	30.46712711824421	0.9779553089110538
44.5%	4450000	-32024.01040330151	299.65887975008377	30.46056952239575	0.9781658445567836
44.6%	4460000	-31751.646134221868	311.6418872887872	30.391518557789826	0.9803882835238522
44.7%	4470000	-31906.693991836102	311.9306735318791	30.320137009207848	0.9826963744756941
44.8%	4480000	-31573.35297960922	309.9213675744963	30.470202915110242	0.9778565897826433
44.9%	4490000	-32045.267287027033	299.0111041330399	30.54348227635014	0.975510534226988
45.0%	4500000	-31808.32780350157	308.1617395710587	30.36940752677446	0.9811020740620766
45.1%	4510000	-31906.146336221544	307.3352911855365	30.066372659815077	0.9909904679781256
45.2%	4520000	-32186.850935189694	308.3867088122979	30.518527512114822	0.9763082016564221
45.3%	4530000	-32064.872376084037	300.3125660291643	30.023491002751157	0.9924058701176555
45.4%	4540000	-31868.275184967322	311.45861236595766	30.250222250461974	0.9849675967950892
45.5%	4550000	-32015.348502140434	298.2244170111097	30.616486077201678	0.9731844679178202
45.6%	4560000	-31891.00410195993	313.5234018850905	30.43369084015424	0.9790297492686185
45.7%	4570000	-31575.874505064392	307.0611880582664	30.92355698847763	0.9635207464541324
45.8%	4580000	-32374.170016560645	300.7045580400281	30.187435061379855	0.9870162420878738
45.9%	4590000	-32529.252630960138	291.0202175654491	30.296092729164936	0.9834762845134759
46.0%	4600000	-31824.086058737652	303.6289183470056	30.34631267940653	0.9818487348802195
46.1%	4610000	-32123.248285305162	304.86326643621675	30.53613040101348	0.9757453980339946
46.2%	4620000	-31861.879698112258	301.26369737030166	30.2306237339411	0.9856061513908595
46.3%	4630000	-31813.331768209056	304.93604367907477	30.417326605928814	0.9795564580204513
46.4%	4640000	-31972.558183335874	303.34121513049723	30.30076311616457	0.9833246970819637
46.5%	4650000	-32049.841258444765	300.2647376879791	30.297635523117208	0.9834262046561619
46.6%	4660000	-32118.55782459973	301.2879863658594	30.375128165724078	0.9809173001672041
46.7%	4670000	-32112.716924041917	304.37056805622905	29.87397092506411	0.9973728898409217
46.8%	4680000	-31853.82065079728	312.16217077424574	30.69161695716234	0.9708021820467054
46.9%	4690000	-32084.882841418905	298.0241910546672	30.698444311750954	0.9705862749907997
47.0%	4700000	-31803.559051870077	308.06370246471886	30.19969415015424	0.9866155784363363
47.1%	4710000	-31895.55049695674	300.84214311445197	30.106847638637362	0.9896582023525134
47.2%	4720000	-31229.717333188222	316.96625166117474	30.627402073219425	0.9728376125837984
47.3%	4730000	-31662.747776830976	305.02059944886486	30.660637368910304	0.9717830831125286
47.4%	4740000	-31750.635754093004	306.1105673236431	30.508029537595874	0.9766441544786454
47.5%	4750000	-31206.58126817044	313.47561748671666	30.81851189860869	0.9668049129231313
47.6%	4760000	-31710.87041530077	298.3468675518491	30.64323649213854	0.9723349137810177
47.7%	4770000	-32000.305730108812	296.39628011531846	30.50111123821696	0.9768656781010007
47.8%	4780000	-31826.34133465431	308.519867224999	30.137057916469722	0.988666139712059
47.9%	4790000	-31464.563978888968	313.9501391173543	30.826248371884855	0.966562273589215
48.0%	4800000	-31497.418707071745	309.05664790369684	30.55160111294798	0.9752513003296358
48.1%	4810000	-31750.882111881103	306.6411718721049	30.98326101398629	0.9616640643186252
48.2%	4820000	-31892.315522173594	307.36749123611554	30.372776283267825	0.9809932564172283
48.3%	4830000	-32189.782473437896	294.12562369742216	30.89328229213867	0.9644649743202209
48.4%	4840000	-31920.293516830017	303.85212764489756	30.268259894106077	0.9843806289755272
48.5%	4850000	-31920.860190053878	304.47806347156524	30.63227439375095	0.9726828745903766
48.6%	4860000	-31365.85285312304	316.8003352150542	30.671450890444333	0.9714404714332449
48.7%	4870000	-31563.70066306804	304.7814940105639	30.663892551004608	0.9716799216862213
48.8%	4880000	-31970.46865238942	302.587832801378	30.253990214356048	0.9848449246346481
48.9%	4890000	-31845.340291782224	309.6739539830351	30.697117536727443	0.9706282251715058
49.0%	4900000	-31856.010891248414	307.9498599636775	30.44110396108662	0.978791332621936
49.1%	4910000	-31874.382254189637	297.2936552893064	30.707229103474848	0.9703086075318723
49.2%	4920000	-31919.610652362637	305.482957329413	30.41070647372523	0.9797696984875405
49.3%	4930000	-31770.91551065253	312.59379167520325	30.5905632270938	0.9740091573784838
49.4%	4940000	-31690.305162697856	304.4381197742658	30.685458338063953	0.9709970235508877
49.5%	4950000	-32127.287304074445	303.1878896956389	30.069555149638237	0.9908855839163729
49.6%	4960000	-32258.94952108612	290.3113037468993	30.574662732746727	0.9745156953323532
49.7%	4970000	-31583.164623448218	308.05064138318727	30.767339175604736	0.9684129180783873
49.8%	4980000	-31727.103498076962	303.0480473993266	31.109363744528885	0.9577659304522069
49.9%	4990000	-31430.791752479912	317.32696122856385	30.26033792684792	0.984638333669082
50.0%	5000000	-32132.4075484215	302.97854091822313	30.67362625404982	0.9713715771907138
50.1%	5010000	-31887.182482943346	302.680530688153	30.58402523586129	0.9742173727223509
50.2%	5020000	-31316.289826497843	307.14010825124325	30.90695113535434	0.9640384320688273
50.3%	5030000	-31902.023456881696	317.2024772509055	30.42966396096843	0.9791593081925909
50.4%	5040000	-32136.209431704076	296.67451130723305	30.383515292713554	0.9806465257724899
50.5%	5050000	-32117.788787551166	297.2156168602243	30.631277167551364	0.972714541074315
50.6%	5060000	-32169.052235402574	312.6398840064331	30.284391501824068	0.9838562782666525
50.7%	5070000	-32038.425046143064	301.1335040851316	29.9650589633301	0.9943410673417079
50.8%	5080000	-31682.817659153545	307.96896831089856	30.676303830878027	0.9712867911603954
50.9%	5090000	-31795.174687829276	312.53427257855867	30.607235732916312	0.9734785908977576
51.0%	5100000	-32072.514251286106	304.2698698208095	30.408410400235155	0.9798436787844869
51.1%	5110000	-32312.756170158216	294.4620733087507	30.638538856949523	0.9724839964356383
51.2%	5120000	-32103.963550978748	298.65900036200736	30.73610662975745	0.9693969724749743
51.3%	5130000	-31746.421406836656	300.69380479841476	31.12648273377454	0.9572391769219897
51.4%	5140000	-32200.643494910037	299.6786898892793	30.195050920483787	0.9867672947801567
51.5%	5150000	-32018.125489922182	304.7952186365799	30.17354558807368	0.9874705849726773
51.6%	5160000	-31918.986198700324	305.4319660658365	30.024673380882085	0.9923667889598708
51.7%	5170000	-32017.73348407395	300.43394151548534	30.475179839332775	0.9776968952977049
51.8%	5180000	-32155.83126560127	289.37659567162	30.486822553087958	    0.9773235193884423
51.9%	5190000	-32002.436340209155	304.3359324705544	30.60511613876549	0.9735460103291319
52.0%	5200000	-31354.353471532406	309.15051634044306	30.37277199918059	0.9809933947865773
52.1%	5210000	-31375.314157889516	317.27257265567926	30.557281163468712	0.9750700186041232
52.2%	5220000	-31613.337160763273	304.5255554178349	30.47806232176529	0.9776044289822526
52.3%	5230000	-32044.906219063734	305.6604585571368	30.199143468713615	0.986633569373352
52.4%	5240000	-31952.54707698006	297.09635475152834	30.939224103456837	0.9630328353717772
52.5%	5250000	-32152.159658766293	298.7845037374062	30.57355806771872	0.9745509059351066
52.6%	5260000	-31672.373694111535	310.4673517328212	30.670734635015826	0.9714631575384008
52.7%	5270000	-31828.590080652328	303.7489431534449	30.598336619923536	0.9737617139996456
52.8%	5280000	-31562.365108123922	307.7140988886572	30.579176345726786	0.9743718527827047
52.9%	5290000	-32261.199906748894	297.365811551664	30.211362666716443	0.9862345184906294
53.0%	5300000	-31873.73544772895	308.03772114484866	30.206942603726713	0.9863788303050212
53.1%	5310000	-31768.83192400582	297.86389506468515	30.137508157491766	0.988651369477875
53.2%	5320000	-31974.144460566284	306.03659442991864	30.510852556308528	0.9765537904116759
53.3%	5330000	-31939.886243499757	304.32536496285917	30.67038504637753	0.9714742305158639
53.4%	5340000	-31638.14289996313	304.99587754452807	30.42131333858934	0.9794280865172043
53.5%	5350000	-31784.222009785648	303.0571181978339	30.58182002171771	0.9742876222342414
53.6%	5360000	-31434.07478654018	305.2308139111217	30.22892748808427	0.9856614570364676
53.7%	5370000	-32478.741751246096	297.1539568424381	29.946739213489366	0.994949349915654
53.8%	5380000	-31559.170323764847	309.0395930423976	30.45323364755836	0.9784014747788127
53.9%	5390000	-31853.7318267831	307.1330052641584	30.450935921568462	0.9784753016885323
54.0%	5400000	-31834.7622690312	292.7855053179688	30.632598246480672	0.9726725912314023
54.1%	5410000	-31519.64686455432	305.47961124127715	30.551679642385118	0.9752487935628531
54.2%	5420000	-32110.700289505476	303.883569102781	30.514241520218974	0.9764453326756343
54.3%	5430000	-32132.87943732919	301.1315653428481	30.1721405817315	0.9875165678697425
54.4%	5440000	-31578.586377275118	305.55126470109616	30.805067917509852	0.9672268469701658
54.5%	5450000	-31756.447824537696	314.1630986832718	30.35191321498099	0.9816675641339311
54.6%	5460000	-31674.837210860147	315.04284026510015	30.672096868089948	0.9714200121594206
54.7%	5470000	-31864.947073053336	310.2756215729673	30.65005048994119	0.9721187481349571
54.8%	5480000	-31551.190311840677	305.7817893501045	30.386221277261498	0.9805591962450201
54.9%	5490000	-32096.808770065138	299.93506048587693	30.4951536990838	0.9770565187690805
55.0%	5500000	-32250.539920872776	300.32092066731076	30.26950571108254	0.9843401143364516
55.1%	5510000	-32275.804341235606	299.58411726479176	30.471722341856076	0.9778078304299743
55.2%	5520000	-31776.824153930706	304.81364654377205	30.804913811880372	0.9672316856495731
55.3%	5530000	-31587.70313731482	315.3169294865454	30.58234736975826	0.9742708220631392
55.4%	5540000	-31644.412324362376	311.8753163319342	30.70818102809256	0.9702785288811884
55.5%	5550000	-31826.328902193287	308.07297105458656	30.37156317464652	0.9810324394968069
55.6%	5560000	-32022.43849518936	312.271948469571	30.27472794690004	0.9841703206983154
55.7%	5570000	-31286.50434081827	307.4404311480575	30.52397107425728	0.9761340895019787
55.8%	5580000	-32045.13308909576	300.6041066603078	30.11266553696352	0.9894669960711608
55.9%	5590000	-31868.90168743016	303.05491621923903	30.281447999738887	0.9839519138190415
56.0%	5600000	-31636.35305471433	310.81552900091157	30.433456202546783	0.9790372974483742
56.1%	5610000	-31651.161129858287	319.2369618422374	30.830235843426454	0.9664372619098138
56.2%	5620000	-31642.134776768216	308.075754874331	30.74450407655436	0.9691321947611701
56.3%	5630000	-32106.856013287732	297.86795894203766	30.687295573970637	0.9709388903539541
56.4%	5640000	-31908.879315108934	305.7729193084908	30.55142559358309	0.9752569031938396
56.5%	5650000	-32051.429678909888	300.90930446393577	30.41068905494366	0.9797702596847675
56.6%	5660000	-31934.958128173777	302.96706521785916	30.740909664003873	0.9692455115420331
56.7%	5670000	-31941.996503511386	311.65986897080285	30.479560103981477	0.9775563889671343
56.8%	5680000	-31998.0824771169	308.3081666381456	29.90427783194067	0.9963620883942694
56.9%	5690000	-31877.125608206203	304.5409968158851	30.087062702249018	0.9903089911906768
57.0%	5700000	-32391.864542773867	303.0325006037972	30.117740205256062	0.9893002764980036
57.1%	5710000	-31592.52347563667	310.8690738215665	30.593746322855324	0.9739078175691052
57.2%	5720000	-31864.719616453105	316.6804801452769	30.435131412097842	0.978983409308076
57.3%	5730000	-31349.366230052838	311.5852005767366	30.972319624827705	0.9620037851046364
57.4%	5740000	-31818.75125836319	306.94974017435857	30.080500551436803	0.9905250300474696
57.5%	5750000	-32483.02276426315	296.5058387404887	30.158212834063214	0.9879726254501838
57.6%	5760000	-32301.347308333905	296.4059321792077	30.261801552329057	0.9845907111984777
57.7%	5770000	-32046.23539721215	302.82501500720645	30.0887853902305	0.9902522925444885
57.8%	5780000	-31729.511983119126	311.9436666398506	30.468475906952207	0.9779120164575156
57.9%	5790000	-31314.94866588147	314.8432842036121	30.86534601648558	0.965337913161275
58.0%	5800000	-31683.136321162747	306.1728402506122	30.709431329709872	0.9702390250297205
58.1%	5810000	-32383.025963189255	288.91443620644213	30.553447604704015	0.9751923612040282
58.2%	5820000	-31787.259395603498	309.73510284769384	30.10363788407757	0.9897637231516895
58.3%	5830000	-31841.210472834005	299.17196319038993	30.482911313886625	0.9774489190270156
58.4%	5840000	-32072.74866818072	300.372292757276	30.24299897449928	0.9852028476963627
58.5%	5850000	-31858.314583267027	308.5360465605055	30.231942716615173	0.9855631506002941
58.6%	5860000	-32099.624942903814	307.31979223374316	30.50880395628413	0.9766193638809515
58.7%	5870000	-31896.030751321407	306.51436983605413	30.275692402695316	0.9841389691851373
58.8%	5880000	-32038.560550543887	298.0302486041479	29.988556045800472	0.993561966339735
58.9%	5890000	-32061.49133408669	300.7740497062441	30.10546674394756	0.9897035965584219
59.0%	5900000	-32103.776318960765	306.6630513695123	30.32535180728134	0.9825273883681952
59.1%	5910000	-32138.46722981328	296.5615614863829	30.29712235732683	0.9834428617062816
59.2%	5920000	-32079.8695630859	303.11976419541185	30.920919319822513	0.9636029383335258
59.3%	5930000	-31779.076012732403	309.80352530806306	30.280956568768527	0.9839678824177446
59.4%	5940000	-31618.721860928403	308.64864094984296	30.63143821324771	0.9727094269987198
59.5%	5950000	-31912.666688623518	311.60456301353173	30.254927827061884	0.984814403883784
59.6%	5960000	-32029.16831346223	307.24819884851723	30.43032841992889	0.9791379278391793
59.7%	5970000	-31901.25183961488	305.703172235905	30.15082612244876	0.9882146708534353
59.8%	5980000	-31419.192481104226	313.66243076145145	30.45154700302722	0.9784556662948146
59.9%	5990000	-31866.799670986773	298.78767466597606	30.202088297645624	0.9865373685063208
60.0%	6000000	-31984.965869040636	298.6438050056024	30.8750774161595	0.9650336519305504
60.1%	6010000	-31544.290521972755	304.6677564371799	30.688393030337146	0.9709041683316687
60.2%	6020000	-32216.81453635503	300.26518459007747	30.022518298296124	0.9924380232369067
60.3%	6030000	-31690.084761595994	310.01900577227843	30.20950502996899	0.9862951638233262
60.4%	6040000	-32115.05616289348	302.59563508011274	30.410023017941338	0.9797917185059705
60.5%	6050000	-31847.440741730097	306.5563789617609	30.28967106188397	0.9836847898308484
60.6%	6060000	-31477.29498080531	303.24169605043164	30.22068999891541	0.9859301264671387
60.7%	6070000	-32327.60987709224	298.04776887933207	30.362611165279677	0.9813216837762185
60.8%	6080000	-31876.684436473704	293.6979062458736	30.169664917323377	0.987597601571184
60.9%	6090000	-31758.04008673964	305.2831806032634	30.329011846653376	0.9824088190938742
61.0%	6100000	-31558.882002293773	307.315732437078	30.805749310556898	0.9672054528582487
61.1%	6110000	-31832.9136393051	304.3167106770405	30.53907219610915	0.9756514055574674
61.2%	6120000	-31751.857540525205	304.4177621598255	30.321564991490263	0.9826500947730422
61.3%	6130000	-31736.169361430162	304.54426878678555	30.339129967053715	0.9820811850870738
61.4%	6140000	-32239.32232713088	309.51925267069004	30.265004572793565	0.9844865095225933
61.5%	6150000	-31593.344312867324	311.86924578949794	30.194015996762197	0.986801117007752
61.6%	6160000	-31845.990698274516	305.2398635657912	30.7086665266111	0.9702631889514021
61.7%	6170000	-32053.002819917107	299.4779611074616	30.6958214392739	0.9706692088856399
61.8%	6180000	-31784.994312078634	304.33863182803367	30.70876835792555	0.9702599715258531
61.9%	6190000	-31798.758143761137	304.0083477242529	30.376651366043664	0.9808681132595658
62.0%	6200000	-31725.60928571102	312.9131980378649	30.128360085707584	0.9889515601842986
62.1%	6210000	-32244.202987361175	301.5948776901337	30.484987284486785	0.9773823565843245
62.2%	6220000	-31764.356633683463	310.17984222573523	30.697646926533785	0.9706114864068252
62.3%	6230000	-32211.544266909303	299.13146287628325	30.430179872315744	0.9791427075875324
62.4%	6240000	-31562.79865609418	310.7308832231101	30.421756242429176	0.9794138272332596
62.5%	6250000	-31655.68073213694	307.97762888765845	30.267334560671863	0.984410723475793
62.6%	6260000	-32043.86156573257	308.6851745161839	30.736598488648887	0.9693814598111246
62.7%	6270000	-31816.496361238358	303.41292234613144	30.547533079757883	0.9753811751266634
62.8%	6280000	-31546.98735265428	310.64462776584753	30.45921378320688	0.9782093827051455
62.9%	6290000	-31478.570343825442	310.1599091864156	30.75485837266277	0.9688059151993796
63.0%	6300000	-31799.819350563863	305.6891269318096	30.603435065230165	0.9735994880655326
63.1%	6310000	-32058.568252725003	305.27323680046504	30.15351281990165	0.9881266202884831
63.2%	6320000	-31538.72169124888	310.926533295351	30.732376152842477	0.9695146435918863
63.3%	6330000	-32348.3792615984	301.75264230952496	29.92532392237917	0.9956613599184064
63.4%	6340000	-31909.203291673854	310.2973948915774	29.957733491745945	0.9945842104765442
63.5%	6350000	-31878.8022806886	310.3783571741796	30.78208327064681	0.9679490647394635
63.6%	6360000	-31255.460958567855	314.44950781400706	30.509472770511604	0.9765979548933134
63.7%	6370000	-31585.000504859665	306.783019231966	30.458712615116337	0.9782254781762404
63.8%	6380000	-31891.11834774207	307.8549204544182	30.297442309816667	0.9834324761764076
63.9%	6390000	-31625.613524269254	304.394238927196	30.70574086952016	0.970355636073616
64.0%	6400000	-32058.138373340422	302.5350625373741	30.169452377129907	0.9876045590784892
64.1%	6410000	-31384.791098680755	308.99256943441105	30.62665522109591	0.9728613359003523
64.2%	6420000	-31954.743302423914	296.7411062805773	31.02290991344634	0.9604350074085258
64.3%	6430000	-32099.904673054756	305.23200147167364	30.473217146008196	0.9777598659765362
64.4%	6440000	-31978.70642372541	307.5782788962156	30.20553671714545	0.986424740323921
64.5%	6450000	-31724.72460804222	305.9503057113662	30.527683850957118	0.976015372080732
64.6%	6460000	-31913.392164361605	301.25564432769727	30.657597560577837	0.9718794388138376
64.7%	6470000	-32037.60417954804	303.1342272245005	30.365514825660906	0.9812278462466792
64.8%	6480000	-31947.051295211306	310.38783561345235	30.688554876251978	0.9708990479578363
64.9%	6490000	-31643.866242994496	311.90234212685806	29.914242151249994	0.9960302040046778
65.0%	6500000	-31561.859450248012	302.0617727217344	30.59724820872335	0.9737963528386876
65.1%	6510000	-31414.4616055793	312.1722254955249	30.96168471226761	0.9623342201643608
65.2%	6520000	-31972.7124324608	305.31273640302624	30.174836031081167	0.9874283552647788
65.3%	6530000	-31875.435549158254	301.02736708383947	30.254382378414657	0.9848321588548706
65.4%	6540000	-32121.06999570009	299.0939302179816	30.14991644617603	0.9882444870368416
65.5%	6550000	-32287.543329622073	298.9578275836734	30.84055925869883	0.966113761511987
65.6%	6560000	-32020.594900315336	304.70583852113003	30.0802777704559	0.9905323660880302
65.7%	6570000	-31815.09160676942	311.56353920073593	30.686007496950843	0.9709796465218075
65.8%	6580000	-31572.097276076383	307.72236802273494	30.333399160206366	0.982266727022233
65.9%	6590000	-31666.272023187892	307.0609104583343	30.473691975531235	0.9777446308927409
66.0%	6600000	-32140.76616279868	298.95262914481617	29.960107384605276	0.9945054044721149
66.1%	6610000	-31724.162894094305	302.5913368002267	31.23520988397175	0.9539071074993585
66.2%	6620000	-32087.789243424253	301.7071860112135	30.443243120624842	0.9787225557571712
66.3%	6630000	-32017.26960304234	304.16079402035723	30.21153022327313	0.9862290487226704
66.4%	6640000	-31913.340694494487	309.3460984412899	30.131332301620876	0.9888540079906144
66.5%	6650000	-32425.95327118173	294.8002232323633	30.375141046372192	0.980916884206977
66.6%	6660000	-32890.12349428417	294.41330092058405	30.224005847908035	0.9858219609435779
66.7%	6670000	-32093.392430551758	306.80310285500985	30.017984381900384	0.9925879210770836
66.8%	6680000	-31595.070449300285	318.559135827263	30.79356676151676	0.9675880986216505
66.9%	6690000	-31664.792895968247	311.2162670540381	30.18639484081914	0.9870502545823829
67.0%	6700000	-31769.698937633017	308.2682385312629	29.95888625654991	0.9945459406402558
67.1%	6710000	-31697.901321494894	310.82679945365885	30.503687520916753	0.9767831739072114
67.2%	6720000	-32291.24555487273	304.6532068489607	30.49272037730736	0.9771344879654826
67.3%	6730000	-32203.232585937425	295.9675601809927	30.544671784687907	0.9754725446908022
67.4%	6740000	-31800.314982059353	300.91014803569016	30.517929802703254	0.9763273231566186
67.5%	6750000	-31621.9133768272	307.6523762475607	30.370405256925675	0.9810698428451261
67.6%	6760000	-31456.90261090541	297.32241024011427	30.957688620486245	0.9624584405451286
67.7%	6770000	-31511.9321567546	305.7733082698241	30.535606927394255	0.9757621252919844
67.8%	6780000	-31799.011644037382	308.204046704513	30.546207475960802	0.9754235034252048
67.9%	6790000	-32154.182943664433	297.03362136430997	30.625601337498864	0.9728948138586397
68.0%	6800000	-31786.431562197802	307.7573579099205	30.31846963936241	0.9827504180445652
68.1%	6810000	-32021.05812938366	292.4205810978028	30.604997929378737	0.973549770573688
68.2%	6820000	-31841.069695529994	301.45614733756616	30.33380627948981	0.98225354372033
68.3%	6830000	-32009.60050969984	299.71314199741073	30.421497605856086	0.9794221539842695
68.4%	6840000	-31520.724810794636	313.2426774357795	30.129368819349157	0.9889184500081569
68.5%	6850000	-31735.785771152878	297.7386452042169	30.90211559130555	0.964189284209977
68.6%	6860000	-31675.871790156874	313.9132021836681	31.00917626288363	0.9608603743601699
68.7%	6870000	-31797.058599755575	302.8088527407436	30.53821567952631	0.9756787700117859
68.8%	6880000	-31584.734270052926	306.60181974936114	31.077197354126863	0.958757264145578
68.9%	6890000	-31833.390124326048	305.6032157115421	30.467922697051126	0.9779297725288851
69.0%	6900000	-32395.681203861663	303.2827745847425	30.231184614089646	0.9855878654079694
69.1%	6910000	-32160.83174798725	298.46106053757507	30.344416095174328	0.9819101023101658
69.2%	6920000	-31804.3002287781	308.7140731845122	30.64908977976134	0.9721492196557778
69.3%	6930000	-31805.26625404117	298.88592495530054	30.62222085903196	0.9730022146243763
69.4%	6940000	-31855.171225255763	294.54540897859994	30.65619638386917	0.9719238596811967
69.5%	6950000	-31646.91224023275	302.35854058019606	30.859324948783335	0.965526263520213
69.6%	6960000	-31603.251528060704	310.1003847715093	30.40123815275678	0.9800748430982248
69.7%	6970000	-31552.84616456268	311.6527091693352	30.987020340664383	0.9615473958125019
69.8%	6980000	-32318.17166734062	301.0921096469563	30.58528510257224	0.9741772428352825
69.9%	6990000	-31974.40053708473	302.9756770281336	30.285064953602102	0.9838344001639987
70.0%	7000000	-31984.328248916136	297.54312549577315	30.665092513519568	0.971641898664375
70.1%	7010000	-32055.811613378755	298.2347120976349	30.36867828100443	0.9811256333533588
70.2%	7020000	-32144.64279787097	305.9221378642493	30.34616021144015	0.9818536679748469
70.3%	7030000	-32050.18079772353	309.4771293335117	30.675397119116973	0.9713155007204862
70.4%	7040000	-31651.366349858406	299.9610578882878	30.58740684761078	0.974109667452317
70.5%	7050000	-31534.585503703187	312.1357733620837	30.33030784953378	0.9823668411269643
70.6%	7060000	-31585.885470109934	312.6138789724512	30.728199320740195	0.9696464280757321
70.7%	7070000	-31955.407174657506	304.6215280898653	30.27842180679987	0.9840502554153416
70.8%	7080000	-31417.2367413076	318.7361799553521	30.394505050666744	0.9802919528673575
70.9%	7090000	-31656.119613689312	302.0720606719396	30.65259561065936	0.9720380319829607
71.0%	7100000	-31631.02598122129	305.28752416167504	31.15223655626297	0.9564478190431774
71.1%	7110000	-32042.834621737653	306.4643773554105	30.220516922852504	0.9859357729921476
71.2%	7120000	-32296.942359732406	304.18592851858625	30.38814809002896	0.9804970222035819
71.3%	7130000	-31935.134348063206	305.0604054611507	30.876069310856312	0.9650026501941584
71.4%	7140000	-32268.50571346091	299.4879125809032	30.65884545098738	0.9718398809305223
71.5%	7150000	-31945.893055325316	301.89933134153694	30.990961096335745	0.9614251271503088
71.6%	7160000	-31954.4266056646	303.40125878997526	30.27482892892707	0.9841670379873159
71.7%	7170000	-32331.034863362962	302.0716982370009	30.11297072451199	0.9894569680666313
71.8%	7180000	-31890.412094020925	308.77941491214483	30.76891083543995	0.9683634520542115
71.9%	7190000	-31971.497096212057	304.8607973228191	30.321643897642456	0.9826475376182191
72.0%	7200000	-31790.253195390047	299.0626408930324	30.518739053104998	0.976301434364912
72.1%	7210000	-31109.41828047874	313.34878029851797	30.27529801970683	0.984151789130543
72.2%	7220000	-31751.759609906992	310.44048362586534	29.9681917811819	0.9942371208150276
72.3%	7230000	-32713.24981772824	294.6020226652777	30.094920984318136	0.9900504051192126
72.4%	7240000	-31931.56601014774	302.19944017240647	30.192300744526495	0.9868571780822775
72.5%	7250000	-31655.32792003447	318.4210291848033	30.801654468796947	0.9673340353434144
72.6%	7260000	-31436.666982107272	302.1003570573738	30.612209536572212	0.9733204222634888
72.7%	7270000	-31616.263513309357	317.50051301546284	30.17006119387322	0.9875846297125038
72.8%	7280000	-32001.96461316076	305.66314091066454	30.834434342450123	0.9663056692282195
72.9%	7290000	-31758.436389070877	307.27201166296	30.291488177384476	    0.9836257808819072
73.0%	7300000	-31934.145347624028	306.19009574084333	30.340725978892785	0.9820295247148263
73.1%	7310000	-32063.85404468974	303.1852019169755	30.15362778277054	0.9881228529848635
73.2%	7320000	-31525.721520412655	304.3647196998717	30.936435675106686	0.9631196374872011
73.3%	7330000	-32260.728963724745	304.6891130157457	30.74762709680717	0.9690337605157447
73.4%	7340000	-32089.52319621475	302.6605169787869	30.294887642687552	0.9835154057667143
73.5%	7350000	-32375.584780647827	290.3882883411399	30.594648601750468	0.9738790956680613
73.6%	7360000	-31797.310322627367	305.96950681791037	30.526168213904405	0.9760638316532397
73.7%	7370000	-31837.10576612613	308.4563610264868	30.935877149679467	0.9631370259324805
73.8%	7380000	-32056.847830074315	295.65710349930697	30.503571870373467	0.9767868772605502
73.9%	7390000	-31914.048737392703	306.5677610129957	30.571695779866253	0.9746102711180785
74.0%	7400000	-32000.559622346365	305.5114409166327	30.53735751871778	0.9757061885361827
74.1%	7410000	-31930.630417420936	307.95826065754653	30.52174511836153	0.97620527912181
74.2%	7420000	-32125.371860964166	298.5506863779207	29.83788789634849	0.9985790152459546
74.3%	7430000	-31902.754886968934	305.86602529947936	30.35415127797957	0.9815951841213233
74.4%	7440000	-31501.53000621387	309.57507253121076	31.29145428750534	0.9521925200022482
74.5%	7450000	-31628.307165242673	307.48109281198043	30.511705461070143	0.9765264924496239
74.6%	7460000	-31762.998967693595	317.71756084530307	29.911473085597507	0.9961224118681574
74.7%	7470000	-32085.302015487978	304.23311097260665	30.08268835949287	0.9904529926479334
74.8%	7480000	-31947.713807784196	307.09534666681486	30.986379251619653	0.9615672896341207
74.9%	7490000	-31942.634883117804	313.0468267091447	29.981960483981258	0.9937805344141515
75.0%	7500000	-31526.78059457516	314.7317537461827	30.563590493190745	0.9748687321011252
75.1%	7510000	-31789.563888598175	312.1548920998915	30.337728002822754	0.9821265689303617
75.2%	7520000	-32583.634688682563	302.28728637020396	30.174712381358813	0.9874324015416888
75.3%	7530000	-31555.26451567182	310.76372063358264	30.110243610226995	0.9895465841543301
75.4%	7540000	-31987.146588138712	306.4933443510201	30.467646130043608	0.9779386495884912
75.5%	7550000	-31670.74122808868	304.698687107434	30.932279008058508	0.9632490611116146
75.6%	7560000	-31879.379933845194	302.1257605706961	30.233537825820452	0.9855111526878114
75.7%	7570000	-32225.221150202153	298.02189318283155	30.653415381853875	0.9720120365508476
75.8%	7580000	-31425.34489513858	315.5887199265778	30.393257947779848	0.9803321764237305
75.9%	7590000	-31852.99059991393	303.2048725694097	30.804134031163155	0.9672561703053267
76.0%	7600000	-31946.329885459447	306.82827467662713	30.583228051339628	0.9742427667392599
76.1%	7610000	-32176.477125219244	303.82900211264695	30.401023111777672	0.9800817756364187
76.2%	7620000	-31375.64156874892	321.6672844036815	30.482958596185775	0.977447402900159
76.3%	7630000	-31759.489354597812	303.8492748656715	31.06183025352827	0.9592315864635965
76.4%	7640000	-32080.667192431807	306.2647260235247	30.139278941112394	0.9885932828974029
76.5%	7650000	-31945.743882385024	309.4078882724554	29.967503640490403	0.9942599513793626
76.6%	7660000	-31764.03838186752	310.6954297287946	30.400031894198214	0.9801137319938561
76.7%	7670000	-31632.743938593456	304.21090909031085	30.810791602135655	0.9670471663730179
76.8%	7680000	-31803.226570592436	307.66178706036305	30.1091688961567	0.9895819049445141
76.9%	7690000	-32042.220028646232	301.45764412264555	30.613341626809696	0.9732844285924476
77.0%	7700000	-31804.10344371287	313.084589345351	30.22164207673072	0.9858990665333843
77.1%	7710000	-32020.999684879964	305.02933210987953	30.533880996036466	0.9758172803654586
77.2%	7720000	-31588.889009917795	306.3703165134706	30.565979440981376	0.9747925392047646
77.3%	7730000	-32106.988085915276	297.08048218612043	30.544847484351866	0.9754669335906523
77.4%	7740000	-32027.47598866507	305.4009147373944	30.33986889417137	0.982057266512411
77.5%	7750000	-32011.164003409853	298.88500879251893	30.683157064014384	0.9710698495070903
77.6%	7760000	-31860.716542348207	309.6059446049502	29.840455649530544	0.9984930881249332
77.7%	7770000	-32087.388903879502	303.1057710498256	30.45691471253838	0.9782832238187531
77.8%	7780000	-32154.915607031377	299.5532078617146	30.548558330688508	0.9753484400153468
77.9%	7790000	-32170.959842998942	301.14972174979823	30.36504663238062	0.9812429756251917
78.0%	7800000	-32090.693658033793	303.46853107208904	30.46362184735636	0.9780678365117154
78.1%	7810000	-31737.530816082784	305.76933506046606	30.270684673096323	0.9843017769279663
78.2%	7820000	-31720.89589757641	306.288865865369	30.477497284620835	0.9776225532662054
78.3%	7830000	-32072.770132484788	317.4700424411787	30.349436748358983	0.9817476666734493
78.4%	7840000	-31568.704252142168	307.2436052749659	30.446601794521108	0.9786145893600706
78.5%	7850000	-31883.63971055596	301.59805522434783	29.966041406473778	0.9943084676549213
78.6%	7860000	-31485.30186901329	314.37033665074733	30.836609695500687	0.9662375016830164
78.7%	7870000	-32226.459315388405	304.1160281646911	30.524786477347618	0.976108014208913
78.8%	7880000	-31818.38871487783	305.8933567880777	30.530798579332206	0.9759157997499905
78.9%	7890000	-31747.609446253337	303.50401420688985	30.277569551341244	0.9840779545409375
79.0%	7900000	-31676.987431725196	318.6153361236834	30.161409920081294	0.9878679011194763
79.1%	7910000	-32037.300380560977	300.05432662480496	30.649472140658922	0.9721370918172786
79.2%	7920000	-32282.785946440563	302.08235187169515	30.53704651668298	0.9757161255354871
79.3%	7930000	-31670.61208627507	307.4505647752997	30.608118788332963	0.9734505056845294
79.4%	7940000	-31860.027139072597	304.0503717545187	30.081488862700645	0.990492486876193
79.5%	7950000	-32328.37417476013	297.11464437384166	30.405351361719525	0.9799422594427742
79.6%	7960000	-31659.226715500874	304.1990176960216	30.860378889437147	0.9654932889613103
79.7%	7970000	-31749.65925680002	306.0863385671784	30.79675816599061	0.9674878294644186
79.8%	7980000	-31928.70732649404	302.2598203440845	30.67608223410396	0.9712938075068107
79.9%	7990000	-31684.75757769769	306.04588247889114	30.556279074768845	0.9751019958826667
80.0%	8000000	-32225.543354045076	301.42008240373775	30.398520758190774	0.9801624542709558
80.1%	8010000	-31653.087294418307	309.31666061253895	30.746935615884574	0.9690555535284574
80.2%	8020000	-32170.490695720015	293.82274910157656	30.98260313663427	0.9616844840685532
80.3%	8030000	-31946.56820331741	300.3097136741806	30.30056745314298	0.983331046807319
80.4%	8040000	-32170.116851859668	305.0353108126171	30.477552222190653	0.9776207910443943
80.5%	8050000	-31945.890670324152	315.94429054825304	30.422186525513425	0.9793999746720051
80.6%	8060000	-31809.927050421888	314.8938654627734	30.549400485719946	0.9753215525942157
80.7%	8070000	-31647.244064834842	303.68107538718687	30.422900683545137	0.9793769838873511
80.8%	8080000	-31722.74139123311	300.735033896071	30.58098288024045	0.9743142929459887
80.9%	8090000	-31665.609180993342	316.95613441409216	30.308196230409116	0.983083535755261
81.0%	8100000	-32109.104573416465	306.7467364248885	30.572319597336488	0.9745903845369552
81.1%	8110000	-31741.446027188504	310.1630279167196	30.081649192481862	0.9904872077293383
81.2%	8120000	-31489.226790904242	311.7858836152516	30.770181006559287	0.9683234787017779
81.3%	8130000	-32200.239591483434	305.385894171316	30.63011231803526	0.9727515329746617
81.4%	8140000	-32010.441794443817	297.95385788263377	30.29521241089017	0.9835048623671089
81.5%	8150000	-31909.89695790474	303.9285058831096	30.44556401027376	0.9786479469554406
81.6%	8160000	-32363.92127023096	300.10546141751286	30.376524885463326	0.9808721973596619
81.7%	8170000	-31848.845843595394	303.0552774122339	30.616140077988987	0.9731954660730038
81.8%	8180000	-31776.230323084572	313.8018588205688	30.370517348426976	0.9810662219126834
81.9%	8190000	-32124.140574486868	311.662247195013	30.223641163973763	0.9858338560501025
82.0%	8200000	-32206.801706281432	302.7090795823007	29.95607847534859	0.9946391593637373
82.1%	8210000	-32082.790728135908	306.1829824752695	30.616248504750132	0.9731920195229692
82.2%	8220000	-32576.566543465422	294.28156416433615	30.170751876576812	0.9875620214717524
82.3%	8230000	-31928.338898231916	294.4681804351398	30.367272122408263	0.9811710644423846
82.4%	8240000	-31941.599970543233	292.68569813023487	30.739852016817434	0.9692788597763605
82.5%	8250000	-32072.987814366992	305.49482601384227	30.594151107101272	0.9738949320165634
82.6%	8260000	-32049.009275851713	313.71008081409457	30.111664433487885	0.9894998922549961
82.7%	8270000	-31879.11308620585	295.0712864726594	30.309313874508746	0.9830472849342186
82.8%	8280000	-31797.23973581061	302.9456563102949	30.648608957736535	0.9721644709435885
82.9%	8290000	-31813.897344818208	306.29069533245865	30.493926272274944	0.977095846776704
83.0%	8300000	-31985.518056823348	308.5284815217443	30.69251966184236	0.9707736295628179
83.1%	8310000	-31884.028966521088	312.4772160542531	30.61290226460903	0.9732983973558377
83.2%	8320000	-31487.837970553606	313.44136806064097	30.996559868579855	0.9612514691592445
83.3%	8330000	-31751.01023095468	309.90559599476575	30.694697321543632	0.9707047572559825
83.4%	8340000	-32253.66044914996	299.52069457260455	30.15865201910359	0.9879582381096248
83.5%	8350000	-31901.564981866104	304.7724854119028	30.31967651498904	0.9827112996349076
83.6%	8360000	-31843.607053114043	307.73204228404956	30.4831386137425	0.977441630604349
83.7%	8370000	-31731.870424441004	303.8477719206085	30.390567056103215	0.9804189786110344
83.8%	8380000	-31874.5872508373	300.9344212329225	30.721150112483144	0.9698689210352138
83.9%	8390000	-31995.686028584314	293.3731490553749	30.480972217565927	0.9775111010200642
84.0%	8400000	-32081.269104291743	296.59596890512256	30.409521673973988	0.979807871757988
84.1%	8410000	-31689.28449946217	307.50402936345	30.404454982893956	    0.9799711499291237
84.2%	8420000	-31652.34155801119	302.90883471835394	31.2362680730528	0.9538747920485137
84.3%	8430000	-31959.358938222227	299.02691990966315	30.365767552748824	0.981219679719825
84.4%	8440000	-31501.375631232688	308.5958838002866	30.98039191886341	0.9617531240595092
84.5%	8450000	-32209.648723301616	298.39732604338445	30.333586436492375	0.9822606626135654
84.6%	8460000	-32161.308802725456	295.92296026847697	30.625682486828822	0.9728922359646679
84.7%	8470000	-32416.198439718806	303.1637814355486	30.094660752874205	0.9900589661808775
84.8%	8480000	-31900.46463483473	300.9620122307816	30.462240943394825	0.9781121739507306
84.9%	8490000	-31904.834599678346	307.94059907570505	30.39825198752662	0.9801711205230126
85.0%	8500000	-32143.76296560507	297.7106181229364	30.218416401836766	0.9860043066566454
85.1%	8510000	-32090.98322089523	305.27917820364956	30.8399139858435	0.9661339758026545
85.2%	8520000	-32053.464164722653	294.60282923330004	30.64271280626922	0.9723515310452205
85.3%	8530000	-32136.822014234902	301.6970567628495	30.525322377587365	0.9760908777307994
85.4%	8540000	-31848.645315716334	301.93321981868957	30.52029704933623	0.9762515962538075
85.5%	8550000	-32063.423625152966	306.41296999831025	30.291839020695207	0.9836143884231906
85.6%	8560000	-31588.74082235404	310.22981219082925	30.458465242353864	0.9782334229737517
85.7%	8570000	-32049.14208421338	298.94126553504833	30.26548157360263	0.9844709934680936
85.8%	8580000	-31658.0492921627	308.9362362038399	30.807346862066478	0.967155297272368
85.9%	8590000	-31606.148367050977	310.6677181492555	30.634027631211676	0.9726272062964889
86.0%	8600000	-32195.705941375985	305.3557868216737	29.80994071591467	0.9995151951660174
86.1%	8610000	-31776.751871238404	305.968085271927	30.488604825320344	0.9772663879919536
86.2%	8620000	-32240.1542459529	299.63609716370433	30.217017265611652	0.9860499615381793
86.3%	8630000	-32270.42442586826	288.6661960116175	30.43796457417279	0.9788922856503002
86.4%	8640000	-31916.73280619242	301.02735169855606	30.844403273637425	0.9659933586078137
86.5%	8650000	-31528.61530457338	311.8004413960413	30.550285020469957	0.9752933137150979
86.6%	8660000	-31904.312805988768	305.7416182567403	30.710598921645413	0.9702021373329336
86.7%	8670000	-31999.753102479444	298.82164183054056	30.566474714706093	0.9747767444774947
86.8%	8680000	-31945.21128007298	303.66666444187626	30.124783534696356	0.989068973001508
86.9%	8690000	-31796.468996223004	306.4816188300131	30.61364184345326	0.9732748839526469
87.0%	8700000	-31551.04309611296	301.3766745314198	30.493411471815357	0.9771123424512348
87.1%	8710000	-31690.39805018477	305.29771020266804	30.254611958105684	0.9848246856979498
87.2%	8720000	-31556.38050384511	304.9410027486547	31.11482580510168	0.9575977991710145
87.3%	8730000	-31846.564646001614	308.6360948065536	30.051063122810938	0.9914953288270832
87.4%	8740000	-31675.27507442789	311.16727400209555	30.419697940516897	0.9794800977582807
87.5%	8750000	-32206.055661165097	293.56465725514136	30.56485156550814	0.9748285100843912
87.6%	8760000	-31566.823264833947	306.1879646584863	31.05644708341546	0.9593978548971249
87.7%	8770000	-31918.95901035407	302.2433920279796	30.44006892667639	0.978824613844529
87.8%	8780000	-31812.139308344747	312.9069549649556	30.229142018264795	0.9856544619940615
87.9%	8790000	-31418.446694261336	315.0793324077726	30.211633912918206	0.9862256638762792
88.0%	8800000	-31803.85134411225	300.68970461353024	30.344674991639458	0.9819017247923761
88.1%	8810000	-32377.928880049323	297.87698020384323	30.134181189753342	0.9887605216459757
88.2%	8820000	-31884.378727097937	305.94787452820765	30.567719003281265	0.9747370652470502
88.3%	8830000	-31733.231227348966	307.79625905369954	30.42330229288143	0.9793640554111227
88.4%	8840000	-31877.1121372559	306.42299724115554	30.70673801869389	0.9703241254221053
88.5%	8850000	-31832.64438361762	305.6565304433396	30.808536907020827	0.9671179388517115
88.6%	8860000	-32244.12003571482	299.85141992682674	30.38974844572313	0.9804453882127511
88.7%	8870000	-32141.215813618095	305.84935060771517	30.01519212477537	0.9926802596729287
88.8%	8880000	-31777.895477866696	302.5863749354293	30.71316335413735	0.9701211291392794
88.9%	8890000	-31673.63808971754	311.4660212175227	30.411475680585863	0.9797449168695147
89.0%	8900000	-31557.82514317095	318.22921972152335	30.885754080244503	0.964700056703909
89.1%	8910000	-31528.92014581262	308.5607408512218	31.03197662564649	0.9601543940301334
89.2%	8920000	-31902.76080353785	295.56999621239777	30.562474006482425	0.974904345316911
89.3%	8930000	-31995.907618932833	303.31518690428413	30.224640595977878	0.985801257683768
89.4%	8940000	-31663.97068613948	304.38488930225606	30.15955506027372	0.9879286565404805
89.5%	8950000	-32158.170853224292	303.33353143702317	30.725497937941007	0.9697316792956597
89.6%	8960000	-31613.08580520324	313.0639051787599	30.449381660398284	0.9785252470760726
89.7%	8970000	-32188.018035082787	297.53674092583424	30.359961935549833	0.9814073145350685
89.8%	8980000	-31609.06969413528	311.32530661277247	30.480383190157443	0.9775299912297775
89.9%	8990000	-32145.585172812862	298.49175586989975	30.52003781609453	0.9762598884082123
90.0%	9000000	-31794.977673971036	308.44201280053056	30.49276108612572	0.977133183459463
90.1%	9010000	-31749.76962849073	305.58101056482934	30.95344246244682	0.9625904694995782
90.2%	9020000	-31825.53996317432	298.76289561342765	30.460636171241283	0.9781637042986514
90.3%	9030000	-31620.61394011596	302.0055886431396	30.807263822454495	0.9671579041965362
90.4%	9040000	-32080.119974221976	312.0406268939577	30.48773110662835	0.9772943945335775
90.5%	9050000	-31623.150064107904	308.62195759539844	30.35202752398147	0.9816638670682913
90.6%	9060000	-31587.66674496251	310.63551552676165	30.551714674222666	0.975247675302956
90.7%	9070000	-31837.862400314945	307.8897687270389	30.255461907341314	0.984797019586244
90.8%	9080000	-31990.550971715653	299.4118384233632	30.393024219509737	0.9803397153689197
90.9%	9090000	-31882.924971063097	302.31523887446	30.43979618487912	    0.9788333841524104
91.0%	9100000	-32282.463573568908	305.0760923951122	30.325978211977734	0.9825070935646407
91.1%	9110000	-31390.03725987632	312.1912024999423	31.108644751098865	0.957788066659586
91.2%	9120000	-31606.610368528345	302.45501707916816	31.022762113130657	0.9604395831647647
91.3%	9130000	-32113.86556646874	306.9394735060235	30.16608354803218	0.9877148508560206
91.4%	9140000	-32264.58447132242	307.8638357275949	30.13167031648886	0.9888429150988676
91.5%	9150000	-31917.60241540213	307.16590392668996	30.76102399302254	0.9686117314987082
91.6%	9160000	-32530.265672071546	289.8171953533161	30.30888299504075	0.9830612602064586
91.7%	9170000	-32039.219385889242	303.4599439579636	30.71438351665415	0.9700825900151622
91.8%	9180000	-31915.170006073953	307.7055955365016	30.361465369927277	0.981358717358451
91.9%	9190000	-31919.380529325863	306.6896878656782	30.302501017121898	0.9832683017061674
92.0%	9200000	-31734.028616217838	304.96964672362066	30.78511659949855	0.9678536904758774
92.1%	9210000	-31909.47599667631	311.86394261795016	30.696923951559867	0.9706343462808364
92.2%	9220000	-31741.127299598942	311.07128666842453	30.38421583977086	0.9806239157093731
92.3%	9230000	-31956.755034787057	295.0039034042462	30.252065033687547	0.9849075981879499
92.4%	9240000	-31612.983740462863	308.76268606287374	30.7360966713977	0.9693972865553178
92.5%	9250000	-31798.415844794305	306.8915134365127	30.65688792413136	0.971901935587583
92.6%	9260000	-32172.81804372178	312.1371057607544	30.27188019290718	0.9842629041434983
92.7%	9270000	-31708.026653123496	314.3826786478361	30.06244555476929	0.9911199226380943
92.8%	9280000	-31871.39841377799	304.18455205975295	30.03875679453045	0.9919015262968579
92.9%	9290000	-31964.209122065862	311.9199962048654	30.438032705204524	0.9788900945447834
93.0%	9300000	-32097.680762853648	297.3017697502139	30.234358697920023	0.9854843957581493
93.1%	9310000	-31685.808169962314	303.66905499279056	30.54685843549652	0.9754027169593147
93.2%	9320000	-32086.491661232372	304.0442495167237	30.208749708235256	0.9863198245650091
93.3%	9330000	-32105.854372679663	297.93975952874985	30.115891151947324	0.9893610174848922
93.4%	9340000	-31648.335068090295	304.9107407805683	30.454850311570677	0.9783495373554568
93.5%	9350000	-31941.39264940092	312.7079773692021	30.34729151643738	0.981817065829956
93.6%	9360000	-31551.264498804638	311.51882148263905	29.81996515423927	0.9991791928140155
93.7%	9370000	-31935.23284899135	302.54950606720746	30.28315719670947	0.9838963790668566
93.8%	9380000	-31620.7483571865	311.8580081141493	30.542663220217005	0.9755366942864511
93.9%	9390000	-31872.753447800817	312.67960378966194	30.42097222041781	0.9794390690957885
94.0%	9400000	-31959.492205302173	306.9752747649732	30.509665075900678	0.9765917993013322
94.1%	9410000	-31544.809440613666	310.48063660267445	30.4448697770872	0.9786702630266773
94.2%	9420000	-31780.950822861807	305.82918906091913	30.427764438326047	0.9792204344472054
94.3%	9430000	-31792.667037491163	310.0540766153137	30.573744460768484	0.9745449645786024
94.4%	9440000	-32220.393262366008	298.96953434484186	30.346184092442112	0.9818528953027607
94.5%	9450000	-32118.586996594386	303.90952614073274	30.226060510756994	0.9857549481829134
94.6%	9460000	-32057.94829834526	307.4653410961313	30.05704844746497	0.9912978902313955
94.7%	9470000	-31569.147017634066	309.19406866162956	30.631791055675674	0.9726982225231048
94.8%	9480000	-31550.595416625903	309.754291613394	30.470692964029134	0.977840863275694
94.9%	9490000	-31915.081509809883	297.669473451469	30.710279457560144	0.9702122298734054
95.0%	9500000	-31827.964259358065	308.7540318539803	30.27387261124444	0.9841981267202699
95.1%	9510000	-31576.13031892752	312.94507199533666	30.64425074257386	0.9723027318517592
95.2%	9520000	-31701.461295823567	304.5690085104569	30.38182330669419	0.9807011386966319
95.3%	9530000	-32023.404644579336	301.74092283348165	30.075418669490336	0.9906924003282641
95.4%	9540000	-32123.13170136063	303.14759161906875	30.628926937450117	0.9727891797646947
95.5%	9550000	-32136.644562283473	305.6967952571616	30.428243948765363	0.9792050031781023
95.6%	9560000	-31637.04930133553	301.9112872549018	30.75777763043943	0.9687139646613403
95.7%	9570000	-31984.18438035244	308.47458957846345	30.538455029717003	0.9756711229681018
95.8%	9580000	-32277.16995685076	295.0331289194679	30.391519047620257	0.9803882677226012
95.9%	9590000	-32007.870659868175	302.8504009652309	30.685664205925846	0.9709905092033473
96.0%	9600000	-31460.57441019587	303.73069672996473	30.896218772848524	0.9643733083201439
96.1%	9610000	-31616.051289219817	307.0062455944055	30.358992999677767	0.9814386370743957
96.2%	9620000	-32056.175637218694	303.8442898908425	30.160902305175785	0.9878845271628957
96.3%	9630000	-31721.80873903999	307.6987499809542	30.311491314542504	0.9829766672766748
96.4%	9640000	-31480.739231666492	311.1158604502224	30.60937687730788	0.9734104954826315
96.5%	9650000	-31484.90319511009	308.9446368262314	30.60298014329246	0.9736139608967271
96.6%	9660000	-31840.18667100038	306.87242646924994	30.329306209014923	0.982399284283615
96.7%	9670000	-31815.3009230154	302.669468367084	30.57411808674131	0.9745330553124243
96.8%	9680000	-31898.045527843933	303.73500613101083	30.121528554440303	0.9891758533669309
96.9%	9690000	-31800.082127229718	306.04791422059407	30.697624222608912	0.9706122042698788
97.0%	9700000	-31977.16532657243	301.22891228313233	30.381285220475696	0.9807185080002465
97.1%	9710000	-31748.457988938608	300.9786403780491	30.92824208435898	0.963374789659417
97.2%	9720000	-32120.087922145554	297.79317749170116	30.743849009806226	0.9691528442990704
97.3%	9730000	-31340.988045538717	311.1284932208006	30.79734765855124	0.9674693107632536
97.4%	9740000	-31868.0728215244	304.8407579585346	30.218127650839932	0.9860137284755522
97.5%	9750000	-31953.300695786194	305.85977573538554	30.299668640714778	0.9833602164387227
97.6%	9760000	-31471.85952841112	308.9640143758893	30.49438836236378	0.9770810405670737
97.7%	9770000	-31795.0203389909	309.6673323703585	30.542902965807794	0.9755290368407468
97.8%	9780000	-31939.0713658444	302.5585263185296	30.312358703812684	0.9829485393628307
97.9%	9790000	-31891.949359890015	307.9838004621743	30.887378075162907	0.9646493347557379
98.0%	9800000	-31923.851174451353	300.2089643380214	30.976619871435986	0.9618702374957877
98.1%	9810000	-31886.92489747604	301.10456456574303	30.380675438193524	0.9807381923805755
98.2%	9820000	-31730.387256266957	303.6249687692174	30.42167300240705	0.979416507113115
98.3%	9830000	-32338.079878826335	300.588001290657	30.364149731202552	0.9812719597393065
98.4%	9840000	-32433.340757274942	291.13056281730996	30.65198885108893	0.972057273585246
98.5%	9850000	-32104.715512874944	296.8945039557843	30.54381556351606	0.9754998896779924
98.6%	9860000	-31907.980766588298	303.3361526066173	30.53759538757879	0.9756985883922682
98.7%	9870000	-31560.224487369356	312.76131410252987	30.63537677937581	0.9725843728683509
98.8%	9880000	-32009.57942909107	314.5177297844355	30.44681194575819	0.9786078347262211
98.9%	9890000	-31921.0684676221	298.09914728306575	30.550554243307403	0.9752847190679708
99.0%	9900000	-31881.77936460852	312.8786616127394	30.24911935489865	0.9850035091262807
99.1%	9910000	-31602.070371351612	310.37888712711793	30.320593842396075	0.9826815684227472
99.2%	9920000	-31635.575408661272	316.6145531666462	30.325692984078696	0.9825163345219449
99.3%	9930000	-32240.017570924887	302.04219063143233	30.489710685540178	0.9772309425909197
99.4%	9940000	-32096.04856855696	300.7685985084318	30.535194799833956	0.9757752949628107
99.5%	9950000	-32351.674906979373	299.819635394114	30.2924070768418	0.9835959432663631
99.6%	9960000	-31664.968851327838	308.1887802990792	30.163798009313112	0.9877896909187452
99.7%	9970000	-31726.32054567052	300.5915234063	30.564854609330677	    0.9748284130054082
99.8%	9980000	-31476.950099398324	312.3444741611746	30.535845981746778	0.9757544863949579
99.9%	9990000	-32376.959433366486	302.54038105920023	30.06124429592923	0.9911595281699515
100.0%	10000000	-31601.947631651245	302.076469733568	30.67706505082624	0.9712626896735145
