<openmm.openmm.HarmonicBondForce; proxy of <Swig Object of type 'OpenMM::HarmonicBondForce *' at 0x2b163d4c3a80> >
<openmm.openmm.HarmonicAngleForce; proxy of <Swig Object of type 'OpenMM::HarmonicAngleForce *' at 0x2b163d4c3e40> >
<openmm.openmm.NonbondedForce; proxy of <Swig Object of type 'OpenMM::NonbondedForce *' at 0x2b163d4c3ba0> >
<openmm.openmm.CMMotionRemover; proxy of <Swig Object of type 'OpenMM::CMMotionRemover *' at 0x2b163d4c3a80> >
<openmm.openmm.MonteCarloBarostat; proxy of <Swig Object of type 'OpenMM::MonteCarloBarostat *' at 0x2b163d4c3e40> >
#"Progress (%)"	"Step"	"Total Energy (kJ/mole)"	"Temperature (K)"	"Box Volume (nm^3)"	"Density (g/mL)"
0.1%	10000	-31699.35866367811	313.3650246899655	30.74453378616196	0.9691312582520195
0.2%	20000	-31456.748633783252	304.2931517741193	31.04590236649462	0.9597237136425053
0.3%	30000	-31966.448397166037	315.31963738242604	30.066336668998193	0.9909916542402517
0.4%	40000	-31622.406087818963	308.4983819807212	31.127234979018883	0.9572160435271018
0.5%	50000	-31688.08213087049	305.1103313631613	30.572591689830105	0.9745817107964142
0.6%	60000	-31609.3046879521	307.1489485027452	30.710813473936543	0.9701953592939344
0.7%	70000	-31453.621515411127	304.0918770399457	30.511353283922084	0.9765377640019514
0.8%	80000	-31436.653355878254	313.4204866081517	30.89417254780171	0.9644371820107214
0.9%	90000	-31414.099525339843	306.98668402498146	30.330149800159308	0.9823719602070137
1.0%	100000	-31382.19239515619	313.40821716559185	30.469969814462228	0.9778640705581787
1.1%	110000	-31537.807038933446	310.25483252236916	30.084888361381733	0.9903805643102084
1.2%	120000	-31758.79818100523	307.685331671113	30.45396797863068	0.9783778827593874
1.3%	130000	-31294.729100572353	316.2421401022677	30.774755671712775	0.9681795374883181
1.4%	140000	-31534.96091967536	305.4682221108819	30.522111325420724	0.9761935665223563
1.5%	150000	-31621.787442735804	307.9846579400015	30.173973891295315	0.9874565683623914
1.6%	160000	-31729.544351780147	301.715160539298	30.93945541153097	0.9630256355918355
1.7%	170000	-31641.087615308294	307.1123844440353	30.497875545626965	0.9769693193212333
1.8%	180000	-31201.174709303246	303.13830860111653	31.138950544518927	0.9568559052739002
1.9%	190000	-31281.59491829056	314.04265139657434	30.356434632292295	0.9815213503650158
2.0%	200000	-31501.678745805926	306.6292258279984	30.662369885160217	0.971728174441438
2.1%	210000	-31826.298266324622	306.3670491887202	30.535092837289355	0.9757785532640892
2.2%	220000	-31153.07215681247	313.22554286309656	30.582699639052567	0.9742595998460359
2.3%	230000	-31544.287763778062	304.6376635084303	30.686641402439246	0.9709595886301997
2.4%	240000	-31583.59539285436	305.39799384122665	30.214985883672508	0.9861162546051582
2.5%	250000	-31304.68748373905	311.13808044775243	30.53135654902855	0.975897964596103
2.6%	260000	-31186.21224233712	312.8637457574995	30.87933621021739	0.9649005571141812
2.7%	270000	-31086.30390704813	310.42359768760065	30.83041675691245	0.9664315908371383
2.8%	280000	-31442.710538197716	306.6556324907337	30.43329807657279	0.9790423843510768
2.9%	290000	-31727.619648138003	309.97292406109733	30.58533403095223	0.9741756844114228
3.0%	300000	-31230.336199824873	310.22974664930916	30.881959849675816	0.9648185820326958
3.1%	310000	-31848.85151610378	297.59126999041746	30.418894393911607	0.9795059717396725
3.2%	320000	-31497.519128069456	310.3142502820436	31.058342484294975	0.9593393056188144
3.3%	330000	-31401.013968772197	314.7085117952938	30.412586795567382	0.9797091221749522
3.4%	340000	-31387.734717990214	305.0072818515056	30.633436365477365	0.9726459792846867
3.5%	350000	-31403.568566313887	302.4113945281405	30.55351889552482	0.9751900857782706
3.6%	360000	-31612.036812698876	301.35490382217677	30.732761391811984	0.9695024906057795
3.7%	370000	-31110.96016334457	310.7243790016598	31.13616427718584	0.9569415309896306
3.8%	380000	-31875.694233744347	303.2709233426424	30.219457201948384	0.9859703472977607
3.9%	390000	-31605.34958331933	305.28456005731624	30.108654229780303	0.9895988204974075
4.0%	400000	-31596.26908664516	306.3952820691196	30.69798736901361	0.9706007222685314
4.1%	410000	-31506.775679886283	301.7064737418545	30.742128366872237	0.9692070879732103
4.2%	420000	-31345.085724827775	304.2846104416538	30.600668785789765	0.9736875007905446
4.3%	430000	-31657.71434350632	312.0217244498885	31.04107415606336	0.9598729915966779
4.4%	440000	-31676.6667193794	306.4182821088178	30.458300194284785	0.9782387238453217
4.5%	450000	-31920.212342806568	298.20473041537673	30.866903739700934	0.9652891966041925
4.6%	460000	-31415.683804806264	309.98795934713377	30.488275562777876	0.9772769421216851
4.7%	470000	-30957.92651558685	311.2970931929312	31.027860190710104	0.9602817767457835
4.8%	480000	-30990.676359323727	315.7584829890841	30.4846689484082	0.9773925628971173
4.9%	490000	-31620.514957630716	300.17845695496266	30.84528127071139	0.9659658620408388
5.0%	500000	-31424.027704847394	316.05518316886673	30.680383362092886	0.9711576404018682
5.1%	510000	-31436.467372982705	307.6942492238012	30.80810737465836	0.967131422589872
5.2%	520000	-31378.798736779892	303.16918102351855	30.81371795574392	0.9669553266940561
5.3%	530000	-31569.83812717296	309.2820183180543	30.676337541714695	0.9712857237940474
5.4%	540000	-31436.40806256322	313.4989533281776	30.952582440170648	0.9626172152242103
5.5%	550000	-31428.94205595361	304.99515643431744	30.249352485215706	0.9849959177512092
5.6%	560000	-31203.64030854305	308.24542963684553	30.680584939591522	0.9711512597044885
5.7%	570000	-31366.786168793624	305.90755452717315	30.361456940684846	0.9813589898127854
5.8%	580000	-31571.116302615905	312.45356284972434	30.224799841685954	0.985796063782729
5.9%	590000	-31248.703959393955	306.32617035824063	30.735851337835165	0.9694050242843695
6.0%	600000	-31499.103545914462	308.6716539872587	30.89049296358051	0.9645520629173306
6.1%	610000	-31482.565001250186	304.8794571553192	30.59485892273138	0.9738724008437053
6.2%	620000	-31581.112170193286	305.80066752477285	29.98920305816609	0.9935405303957059
6.3%	630000	-31429.25875029218	307.77375614467076	30.369979889830304	0.9810835838759375
6.4%	640000	-31536.407204189978	296.67032211273886	30.745243587073507	0.9691088843765754
6.5%	650000	-31423.846573920397	308.1181946389608	30.153277771059027	0.9881343228679582
6.6%	660000	-31374.027425064647	320.7896725008072	30.205771146496602	0.9864170846043993
6.7%	670000	-31498.702872698137	317.59860115621257	30.293165478056782	0.9835713185582267
6.8%	680000	-31673.151968821825	313.84843256390997	30.358683090986677	0.981448655834514
6.9%	690000	-31514.61609710072	297.5340502716431	30.59848786088681	0.9737569009297874
7.0%	700000	-31755.832973091805	305.2197869698352	30.30451357084173	0.9832030018532737
7.1%	710000	-31503.75212936994	308.6304322250713	30.5944279874912	0.9738861182414332
7.2%	720000	-31950.53296738019	298.07540694347	30.285379982686244	0.9838241663003258
7.3%	730000	-32215.0995837737	305.7118208850857	30.439285258129253	0.9788498139783866
7.4%	740000	-31646.163601792126	299.8616211860551	30.969766700346913	0.9620830857670332
7.5%	750000	-31529.77126748889	309.62639371868255	30.658690496927846	0.971844792768971
7.6%	760000	-31383.48068239767	310.3195740673348	30.913753669362226	0.9638262965808762
7.7%	770000	-31202.847636111022	314.1772014747618	30.83767260728964	0.9662041974436029
7.8%	780000	-31209.647121979797	310.59729227492716	30.59309450305003	0.9739285677551957
7.9%	790000	-31911.384292642993	304.40221204504155	30.884513386086308	0.9647388106810173
8.0%	800000	-31459.60425535281	309.457558843465	30.830239698590848	0.9664371410617583
8.1%	810000	-31769.39472516527	314.80958924655874	29.99813747472868	0.9932446218587894
8.2%	820000	-31536.993320080044	316.96772211739795	30.460633933342354	0.9781637761629307
8.3%	830000	-31472.723475473875	307.46936116371165	30.670509833947744	0.9714702779272237
8.4%	840000	-31827.833403140714	301.0440657120124	30.532768688858344	0.9758528293383194
8.5%	850000	-31311.630043614598	312.28499968432425	30.190533460038015	0.986914946434913
8.6%	860000	-31362.993822588294	317.9380055985498	30.687037043379384	0.970947070270609
8.7%	870000	-31462.76804988802	307.6236200975896	30.432999698573553	0.9790519832966524
8.8%	880000	-31645.794925864728	309.9614605239092	30.370416087248767	0.9810694929881028
8.9%	890000	-31039.076722664235	314.81484484446213	30.823165166515683	0.9666589576894841
9.0%	900000	-31363.155488256307	307.93648574996854	30.882108445785924	0.9648139395942269
9.1%	910000	-31375.61590898881	321.2504956798275	30.53770453952759	0.9756951009198479
9.2%	920000	-31789.645897355804	311.0780887010896	30.605566052566513	0.9735316988217013
9.3%	930000	-32021.969886606967	307.2568191467706	30.294390889629934	0.9835315329860008
9.4%	940000	-31496.373426585167	310.4950495128708	30.416055910460678	0.9795973810762103
9.5%	950000	-31089.918762703834	307.1531639852912	31.430875989909996	0.947968765557787
9.6%	960000	-31532.693140987947	309.0374156466993	30.56557990579039	0.9748052811165662
9.7%	970000	-31261.74298454693	313.5760773673906	30.647103823360215	0.9722122156888371
9.8%	980000	-31348.714379398094	312.1425390316196	30.852863069789382	0.9657284850730796
9.9%	990000	-31135.549902916828	316.991871918825	30.93068707119473	0.9632986374978699
10.0%	1000000	-31548.949313704798	313.5765775796575	30.770549032293392	0.9683118972392981
10.1%	1010000	-31572.95846045384	301.48831400378555	30.22724380121923	0.9857163593378319
10.2%	1020000	-31538.847580508736	307.1749081395412	30.744473190725838	0.96913316834919
10.3%	1030000	-31329.766378337925	308.43164459593595	30.327805432614632	0.9824478984724917
10.4%	1040000	-31696.100027691515	308.81023070429166	30.751888035049298	0.9688994925643465
10.5%	1050000	-31167.69542786706	319.6842359433958	31.034409180583076	0.9600791347172367
10.6%	1060000	-31596.836486638116	302.19546929229324	30.878010888279928	0.9649419718244887
10.7%	1070000	-31414.989932125376	306.21145663860796	31.12230642972896	0.9573676289008362
10.8%	1080000	-31412.287738542014	319.77490592828076	30.336535785013943	0.9821651662439864
10.9%	1090000	-31263.28480873903	314.6648835183398	30.522853675214535	0.9761698244076598
11.0%	1100000	-31517.54767976835	301.45451695595244	30.65367143462273	0.9720039172502329
11.1%	1110000	-31387.77255799988	309.19404690001255	30.59411325752651	0.9738961368728289
11.2%	1120000	-31179.401898411976	316.7417275500005	30.801296845177607	0.9673452667373577
11.3%	1130000	-31936.23937846668	295.24994147090104	30.503265741962526	0.9767966802179483
11.4%	1140000	-31327.55078793032	311.57399255937463	30.493562378001705	0.9771075069290548
11.5%	1150000	-31657.359586946608	311.71131813626766	30.57603285288381	0.9744720270257256
11.6%	1160000	-31573.980239832716	298.1700301585375	30.744917166800874	0.9691191734524748
11.7%	1170000	-31560.477983476536	304.67216273849033	30.144028935346196	0.988437503707985
11.8%	1180000	-31665.743426645815	311.040181492999	30.59079097840763	0.9740019057887674
11.9%	1190000	-31159.942216510826	318.19681793669446	31.023989799546904	0.9604015764919448
12.0%	1200000	-31628.565848866885	307.2466620523554	30.653164513952355	0.9720199915735582
12.1%	1210000	-31340.944707031304	313.38610030678444	29.9935377972869	0.9933969414988467
12.2%	1220000	-31507.030759680027	313.5116310727401	31.130175397483892	0.9571256291399853
12.3%	1230000	-31640.00329294236	309.7825423747297	30.165712059538283	0.9877270144907335
12.4%	1240000	-31748.53154424712	303.03080912008613	30.56610481195454	0.9747885409625932
12.5%	1250000	-31649.99779344938	302.940927062003	30.400483250673908	0.980099180229129
12.6%	1260000	-31437.448528032226	313.03230784788656	30.873732988136997	0.9650756752998921
12.7%	1270000	-31317.831780395645	318.97335534452617	30.387756431061668	0.980509659544941
12.8%	1280000	-31402.87151958415	313.6803905278261	30.78547009793338	0.9678425769614941
12.9%	1290000	-31037.11052777007	321.2305763877898	30.99871315060298	0.9611846971775112
13.0%	1300000	-31576.871218259388	312.451477136461	30.369280190487796	0.9811061877550639
13.1%	1310000	-31425.70416949311	306.23743762717623	30.869932514872918	0.9651944881382427
13.2%	1320000	-31496.609260355996	307.8729054256741	31.289159822437764	0.952262345222457
13.3%	1330000	-31055.44120385073	311.7483032686209	30.449324635986386	0.978527079623343
13.4%	1340000	-31536.157360096404	313.4624851097215	30.421230317520354	0.9794307594257584
13.5%	1350000	-31748.983211711922	313.9741570285086	30.553028949593042	0.9752057238485917
13.6%	1360000	-31394.39176180953	310.4244643508445	30.82167774704428	0.966705607562592
13.7%	1370000	-31438.309402694635	311.76242066795334	31.06325274740272	0.9591876599286961
13.8%	1380000	-31281.009414908185	320.86905407367686	30.337177582985664	0.9821443880549191
13.9%	1390000	-31317.562425812648	314.4529725259038	30.732524881751992	0.969509951661879
14.0%	1400000	-31295.937415095686	313.4285537271611	30.749135957686317	0.9689862100046075
14.1%	1410000	-31933.995651621663	302.40426294702223	30.3823703853014	0.980683479751453
14.2%	1420000	-32012.498124320933	296.4879535362203	30.46785828268029	0.9779318400431304
14.3%	1430000	-31358.533803327125	310.06447622390607	30.320826680297948	0.9826740222724717
14.4%	1440000	-31536.03984969732	312.3440059870281	30.796941856702094	0.9674820588093783
14.5%	1450000	-31505.31126046012	313.23479118307796	30.67120970246319	0.9714481105113374
14.6%	1460000	-31436.95769495325	315.44259596958614	30.30957745702408	0.9830387360167543
14.7%	1470000	-31375.8697182319	309.71492868026667	31.120996371119865	0.957407929914639
14.8%	1480000	-31461.147236683348	314.2859519849651	30.363617799527002	0.9812891503666276
14.9%	1490000	-31547.02030067466	307.78587599039264	30.158547792984166	0.9879616524336174
15.0%	1500000	-31657.816780770372	310.22549469251595	30.927386692217258	0.9634014347566188
15.1%	1510000	-32197.423880077607	298.2289323918391	30.207318642618358	0.9863665512673986
15.2%	1520000	-31921.578326107876	303.37375419809945	30.157349435752337	0.9880009108901169
15.3%	1530000	-31386.008256239293	303.754126137372	31.177523387653725	0.9556720828041736
15.4%	1540000	-31184.75958176091	314.92011651659067	30.472903158205312	0.9777699406540449
15.5%	1550000	-31371.68616300373	307.0593342193165	30.644752818289813	0.9722868018949045
15.6%	1560000	-31337.293842618295	313.421750676441	30.55385219980756	0.9751794476750963
15.7%	1570000	-31676.7905547283	301.4113856358674	30.612780971177123	0.9733022537419334
15.8%	1580000	-32014.050529852917	295.81254540877353	30.308426360980302	0.9830760712444705
15.9%	1590000	-31262.961114213744	307.92669457920914	30.61455991402142	0.9732456973490112
16.0%	1600000	-31055.64527333522	302.1314353200297	30.39417555861497	0.9803025798510132
16.1%	1610000	-31406.642909255752	302.4700671023779	30.576770982921506	0.9744485030547201
16.2%	1620000	-31642.968307581672	319.8418855669758	30.776358661705476	0.9681291097516649
16.3%	1630000	-31130.636944292986	316.72974477958616	30.58451022115562	0.9742019243435527
16.4%	1640000	-31615.9083208511	304.14262257267706	30.837276694189317	0.966216602329519
16.5%	1650000	-31527.863471363613	305.61876183314075	30.771267265871238	0.9682892958263498
16.6%	1660000	-31629.79158012144	315.79411482513024	30.019311180745472	0.9925440504999272
16.7%	1670000	-31188.733861771354	313.34236370725915	30.626968529783205	0.9728513836940874
16.8%	1680000	-31422.108765897283	308.35115544604787	30.881280907489906	0.9648397941073845
16.9%	1690000	-31454.028992653766	317.5389031399367	29.709437592400125	1.0028964237336069
17.0%	1700000	-31464.112442749494	316.214117139809	30.380535563169516	0.9807427077972941
17.1%	1710000	-31160.2657616706	323.8464101463068	30.61853417641152	0.9731193707995751
17.2%	1720000	-31238.611634575704	317.70924802275766	30.956379186361104	0.9624991518931352
17.3%	1730000	-31607.26457111904	310.1149615047414	30.22572223642376	0.9857659803625657
17.4%	1740000	-31331.055465573387	307.11745467929944	30.513828457215503	0.976458550729947
17.5%	1750000	-31860.872618439316	310.8751491439843	30.142504587477166	0.9884874903505373
17.6%	1760000	-31567.870777800912	315.22019549713923	30.111074146842927	0.989519290054249
17.7%	1770000	-31400.970105485932	307.21465057259553	30.537645653504672	0.9756969823616826
17.8%	1780000	-31605.498289051873	308.38329157679186	30.493115791306273	0.977121817149617
17.9%	1790000	-31725.577772648016	309.52658437047256	30.798198809967857	0.9674425733920365
18.0%	1800000	-31697.760451078473	308.32868627537886	30.292640657477076	0.9835883589501629
18.1%	1810000	-31133.566229190154	311.32670465335696	30.840901407168275	0.9661030434612905
18.2%	1820000	-31722.22289694933	305.59799454128336	30.51579468804176	0.9763956343640902
18.3%	1830000	-31560.446261293662	311.73929009325246	30.435183242227826	0.9789817421310807
18.4%	1840000	-31543.022597205767	311.33475430244204	30.503651764174872	0.9767843189040167
18.5%	1850000	-31779.345279483998	303.56688049515986	30.469750281565815	0.9778711160157136
18.6%	1860000	-31629.07609348552	305.15525126082895	31.103855072638357	0.9579355563151898
18.7%	1870000	-31628.791056566813	313.0770337987981	30.41017930084677	0.9797866831954262
18.8%	1880000	-31484.260189628636	309.26502101501757	30.752561359450905	0.9688782786022501
18.9%	1890000	-31531.161345919536	304.6421253594321	30.747608726323968	0.9690343394751877
19.0%	1900000	-30829.998771832732	314.2252304477762	31.073450789561306	0.9588728627000205
19.1%	1910000	-31773.33074536355	310.88312795828557	30.297240006415834	0.9834390428384
19.2%	1920000	-31800.03215979779	306.9862507199936	30.318955972047974	0.9827346541887618
19.3%	1930000	-31282.086383334303	304.75211677739566	30.897081864764477	0.964346369115658
19.4%	1940000	-31504.119464825548	312.84545833933356	30.622824534841634	0.9729830335753172
19.5%	1950000	-31329.402207390347	313.06311877970404	30.519476539116972	0.9762778425890049
19.6%	1960000	-31686.379256164597	306.4298588300072	30.28988385098529	0.9836778793585785
19.7%	1970000	-31338.228565949423	309.0743732709605	30.76719137229205	0.9684175702624496
19.8%	1980000	-31377.69624926563	317.28801832525323	30.78816317658592	0.9677579185761245
19.9%	1990000	-31851.03720855614	311.4814104071149	30.383152207499524	0.9806582447097243
20.0%	2000000	-31466.94979187468	308.48970017903736	30.451394916055644	0.9784605531106575
20.1%	2010000	-31863.568278712162	300.8345052558803	30.56422081010939	0.9748486276705518
20.2%	2020000	-31738.19667419506	304.50289683781523	30.787143522756566	0.9677899702040005
20.3%	2030000	-31208.498638884572	305.7586751481956	31.040574830183875	0.959888432336044
20.4%	2040000	-31118.81559585681	314.16842379790575	30.531563343630747	0.9758913547009891
20.5%	2050000	-31492.448288041458	307.75479657616887	31.112775949834255	0.9576608901949679
20.6%	2060000	-31169.442872457614	316.78349570262594	30.330905138866097	0.9823474959332766
20.7%	2070000	-31705.314973608067	319.21818124252354	30.501384264439206	0.9768569339094776
20.8%	2080000	-31819.699196928123	309.3348070787437	30.62770628667068	0.9728279497548269
20.9%	2090000	-31451.16567554156	309.19394652035146	30.260755639382936	0.9846247419472054
21.0%	2100000	-31426.440131114738	310.17459186600246	30.60296526965901	0.9736144340919568
21.1%	2110000	-31019.98690250807	327.6136344595445	30.349759020479798	0.981737241882187
21.2%	2120000	-31970.574803665222	306.0331071518541	30.318740790423718	0.9827416289652066
21.3%	2130000	-31200.741980110237	313.4603357920412	30.66468236139747	0.9716548947548599
21.4%	2140000	-31569.541844077146	311.7794882924344	30.234157499703645	0.9854909538275349
21.5%	2150000	-31721.708858518337	299.09777668542995	30.587999858418367	0.9740907823482485
21.6%	2160000	-31299.852958554344	322.99781561260176	30.38733908939149	0.9805231259276912
21.7%	2170000	-31374.763803929032	312.89187327539423	30.62317100263125	0.972972025333194
21.8%	2180000	-31438.339030819887	310.1283233666734	31.06830809194018	0.9590315837084312
21.9%	2190000	-31419.646776086127	308.56105274691726	30.499565770595535	0.9769151776344479
22.0%	2200000	-31486.074562418216	320.22774155895655	30.507518585882526	0.976660511692447
22.1%	2210000	-31442.250215210195	312.00140232006066	30.515733476680435	0.976397592911343
22.2%	2220000	-31761.11606700177	306.68649479167607	30.401267467391488	0.9800738980542051
22.3%	2230000	-31206.567587482685	321.34368295447496	30.854263530010087	0.9656846511204061
22.4%	2240000	-31517.34294982854	303.46188954143764	31.04319312986699	0.9598074717348682
22.5%	2250000	-31666.45439437538	312.5739774954614	30.012598072253798	0.9927660591336928
22.6%	2260000	-31170.22076699877	311.66153468201344	31.16010254181775	0.9562063755267962
22.7%	2270000	-31524.947784256598	300.87585431789194	30.86939083167033	0.965211424968785
22.8%	2280000	-31737.52162835555	304.4602355242718	30.422355512335084	0.9793945344065798
22.9%	2290000	-31403.75573412882	307.6977383445094	31.235131808133865	0.9539094919009079
23.0%	2300000	-31570.66060203727	308.9399337834026	30.516758049921336	0.9763648112231788
23.1%	2310000	-31566.316373037116	306.84266235213425	30.26724828681168	0.9844135294432306
23.2%	2320000	-31226.63999077113	319.2296329039075	30.58346145224649	0.9742353317029867
23.3%	2330000	-31168.4083075886	310.61446081194964	31.076548580426294	0.9587772797691468
23.4%	2340000	-31328.846490939788	320.16896744032067	30.450732280619988	0.9784818452959785
23.5%	2350000	-31739.00053478818	305.83851356431677	30.506591774257622	0.9766901833228447
23.6%	2360000	-31286.651387680264	320.04782836155067	30.630142278405888	0.9727505814937251
23.7%	2370000	-31955.404181941354	307.4192947415961	30.27619020388081	0.9841227879700555
23.8%	2380000	-31339.58489191759	308.24954912611224	30.69443128345756	0.970713170652972
23.9%	2390000	-31133.922610979935	308.396407287054	30.767327829488558	0.9684132752015517
24.0%	2400000	-31376.34651696909	309.82220631564354	30.918331429260377	0.9636835927166858
24.1%	2410000	-31838.91263586277	297.1061737164116	30.60758100351523	0.9734676095158551
24.2%	2420000	-31499.038353388954	308.44963712072644	30.760611256383072	0.9686247280398911
24.3%	2430000	-32013.700296841038	302.5571095091144	31.069311561691364	0.9590006091185127
24.4%	2440000	-31363.277512985456	301.56670638785846	30.959616104809292	0.9623985197906381
24.5%	2450000	-31300.241187165433	307.24148857723304	30.468536612649267	0.9779100680596854
24.6%	2460000	-31379.233895862417	314.11948625907655	30.56957831335242	0.9746777795603597
24.7%	2470000	-31379.199403645413	314.779700228086	30.90528922795485	0.9640902724703792
24.8%	2480000	-31559.28212497657	314.78643687615244	30.160355462210042	0.9879024386794001
24.9%	2490000	-31612.1122703235	307.24227556646827	30.242363555016414	0.9852235477016007
25.0%	2500000	-31420.75508200965	306.99615069890353	30.93171360489713	0.9632666684149571
25.1%	2510000	-31399.552294428402	312.64680338090074	31.090265904412107	0.9583542580228143
25.2%	2520000	-31694.11468620872	306.9829272156254	30.295269737700583	0.983503001311001
25.3%	2530000	-31472.806058726448	307.24453932041376	30.574162032232298	0.974531654576288
25.4%	2540000	-32026.00229266932	301.2442874879354	30.303943293200334	0.9832215043525521
25.5%	2550000	-31684.847935142752	303.63473256172676	30.683971444080484	0.9710440764441193
25.6%	2560000	-31454.49686164403	310.9739718938639	30.34164564961037	0.9819997589002716
25.7%	2570000	-31504.64438474219	312.2321943765608	30.39528223046226	0.9802668876913312
25.8%	2580000	-31637.300143828557	312.893556045339	30.45075281810908	0.9784811853595774
25.9%	2590000	-31507.150750127563	315.00063865223393	30.92779960872656	0.9633885724009864
26.0%	2600000	-32024.73240439495	303.7979562527025	30.29249903923353	0.9835929572520592
26.1%	2610000	-31334.03583141073	311.46321761342426	30.559779626369906	0.9749903002194578
26.2%	2620000	-31757.298464018793	314.85814263636667	29.92995743989147	0.9955072195606471
26.3%	2630000	-31476.390952602436	314.42589858893797	30.61838621705046	0.973124073272113
26.4%	2640000	-31012.598870384914	317.3636744845484	30.990833899552708	0.9614290731616906
26.5%	2650000	-31314.009732012113	310.8419402987138	30.772098021440435	0.968263154881246
26.6%	2660000	-31687.47599310655	307.7731875919227	30.50780029624843	0.9766514931664491
26.7%	2670000	-31582.912524928048	305.6111230962763	30.41185799654966	0.9797326002224288
26.8%	2680000	-31498.526266819274	314.5752447483774	30.896871556335885	0.9643529332161409
26.9%	2690000	-31190.10960837541	320.9373828477283	30.595832755049987	0.973841403536793
27.0%	2700000	-31259.963579585718	314.40283774988217	30.50593284635285	0.9767112798229697
27.1%	2710000	-31697.633828453196	302.100433721348	30.997867176350145	0.9612109292244262
27.2%	2720000	-30929.258783813973	319.36076689997105	30.75447157376729	0.9688180998684297
27.3%	2730000	-31744.246932131646	310.30822240549577	30.34713152328791	0.9818222420689174
27.4%	2740000	-31213.286480537092	321.3210241882931	30.95999982935554	0.962386591627287
27.5%	2750000	-31053.381056175043	321.80425504685394	30.408379958874093	0.9798446596909098
27.6%	2760000	-31935.405066218635	306.45084316222926	30.720068360918418	0.9699030732125652
27.7%	2770000	-31708.07545746112	309.4285145856286	30.57752419185122	0.9744244996949502
27.8%	2780000	-31639.73368691973	311.76546989432586	30.433897033807845	0.9790231162133526
27.9%	2790000	-31483.832133669348	309.84418006483145	30.71331305657271	0.9701164005873529
28.0%	2800000	-31862.608415767492	303.9904660659924	30.74899880083341	0.9689905321973377
28.1%	2810000	-31517.950525825087	308.2656575710115	30.60372209782604	0.9735903566668254
28.2%	2820000	-31263.7607517782	322.5182648560656	30.912113721158764	0.9638774294544733
28.3%	2830000	-31702.68112424476	305.9885533994573	30.10866552981971	0.9895984490925153
28.4%	2840000	-31487.099459788704	306.53677281369636	30.94305108189028	0.9629137292796884
28.5%	2850000	-31507.2932482608	307.89318286933104	31.003042727392636	0.9610504676764888
28.6%	2860000	-31335.655135798675	310.61836404715115	30.778194530965656	0.968071362424391
28.7%	2870000	-31835.26567263616	306.4935825801924	30.385132975894848	0.9805943168388382
28.8%	2880000	-31448.83740122507	313.1783644295045	30.743166336979723	0.969174364994248
28.9%	2890000	-30899.447480891773	318.968066602957	31.0854798294965	0.9585018110057422
29.0%	2900000	-31155.270620283147	312.2359201196931	30.927856753955336	0.9633867923532835
29.1%	2910000	-31174.24524026079	318.56342314666557	30.478886760463897	0.9775779852696093
29.2%	2920000	-31572.430250094447	311.390071817747	30.66002280143938	0.9718025621023371
29.3%	2930000	-30943.487665868306	313.8298793682825	31.197767399549658	0.9550519539095276
29.4%	2940000	-31775.952321810357	303.2284378604954	30.88122433539225	0.9648415616218605
29.5%	2950000	-31229.466967800574	309.13587761543994	30.770757424762802	0.9683053394251813
29.6%	2960000	-31768.449424057908	298.86910957860556	31.08065813663003	0.9586505080289618
29.7%	2970000	-31501.65286368545	312.23436991304703	30.758995574454833	0.9686756071222249
29.8%	2980000	-31573.370575301757	312.1551262130175	30.631937502608704	0.9726935721913572
29.9%	2990000	-31603.030737351568	308.22844778405056	30.796412848744296	0.9674986778133726
30.0%	3000000	-31517.556567609718	314.54130346731307	30.093826790157017	0.9900864027801298
30.1%	3010000	-31503.359321885684	309.9053809047439	30.350230871225218	0.9817219789521832
30.2%	3020000	-31479.094188729476	308.34922549731584	30.401138984982264	0.9800780400784791
30.3%	3030000	-31424.899041900353	316.7600908415655	30.21131108064321	0.9862362024945429
30.4%	3040000	-31665.19219824107	305.02283771034075	30.662229855226894	0.9717326121823368
30.5%	3050000	-31365.789086986508	312.47051598136323	30.752781329541698	0.9688713483594006
30.6%	3060000	-31285.04966940306	318.03077330648404	31.15341388460604	0.9564116736264924
30.7%	3070000	-31646.59500833362	310.43515670923045	30.7477424129987	0.9690301262559924
30.8%	3080000	-31295.344280012592	315.47925517431895	30.57697753845714	0.9744419203984636
30.9%	3090000	-31461.6615733066	309.89635488349137	31.084392043495257	0.9585353533973939
31.0%	3100000	-31446.00064772152	316.78934922851397	30.40588383571551	0.9799250984954543
31.1%	3110000	-31650.27579934051	305.8972748734776	30.298877066702936	0.9833859072387447
31.2%	3120000	-30986.03870930703	305.976040481016	31.68644033100507	0.9403230025620797
31.3%	3130000	-31403.9210451112	309.20757378010694	30.58809141057517	0.9740878668308712
31.4%	3140000	-32027.26346506452	310.5126921371972	30.11262728328477	0.9894682530439334
31.5%	3150000	-31457.579015572264	304.3138261433607	30.517364929311203	0.9763453948783437
31.6%	3160000	-31470.426558370178	312.16923216605767	30.87469315485223	0.9650456625792325
31.7%	3170000	-31584.72940217884	306.94999111667113	30.31599967661109	0.9828304865546689
31.8%	3180000	-31393.866066618764	304.3878440402587	30.895996283711	0.9643802529929631
31.9%	3190000	-31017.20593286486	319.593830115797	31.009019275186557	0.9608652388564006
32.0%	3200000	-31724.728010423656	305.1850005185853	30.39680771717942	0.9802176922583647
32.1%	3210000	-30951.411854399572	323.29244982537	30.505725752060947	0.976717910425124
32.2%	3220000	-31626.293622504978	303.50540656119676	30.166142481982785	0.9877129212112785
32.3%	3230000	-31627.550737752055	304.2872779417669	30.757680123864077	0.9687170356335595
32.4%	3240000	-31249.674824148708	315.5659942703722	30.19031661350509	0.9869220351013608
32.5%	3250000	-31293.170417607704	311.8145823871026	30.55049746865908	0.9752865315244453
32.6%	3260000	-31718.310269772017	305.22258902855975	30.59262845965751	0.97394340443307
32.7%	3270000	-31127.96988114895	316.2953683988551	30.861151567901402	0.9654691156614217
32.8%	3280000	-31573.56848750374	306.4895678689426	30.71815805274347	0.9699633897773308
32.9%	3290000	-31431.29507562	309.2900445919998	30.871681476091364	0.9651398073548421
33.0%	3300000	-30796.234699737222	313.3630952153591	30.894131615890796	0.9644384598021578
33.1%	3310000	-32014.956684052886	303.5359655034105	30.092581042789533	0.990127389544545
33.2%	3320000	-31436.711374062754	304.1486662650962	30.467987468024376	0.9779276935775528
33.3%	3330000	-31463.019821261347	310.1801920856774	30.773544315438226	0.9682176484821512
33.4%	3340000	-30861.307059232087	312.19669764152235	30.74401275555957	0.9691476824919943
33.5%	3350000	-31728.959159629827	304.50994502597104	30.68045907507715	0.9711552437870403
33.6%	3360000	-31756.110347883718	310.15703964233546	30.322988848586878	0.9826039531041613
33.7%	3370000	-31105.897947044694	318.4062533037252	30.61064376867467	0.9733702086672875
33.8%	3380000	-31510.658119152708	306.90818506729966	30.76219798512903	0.9685747659175235
33.9%	3390000	-31730.72340066725	305.7326337858283	30.22601723154127	0.9857563596391672
34.0%	3400000	-31472.411034455698	321.3147496514722	30.623551707605216	0.972959929568042
34.1%	3410000	-31878.38314082328	300.93131465070854	30.313800024907586	0.9829018034054837
34.2%	3420000	-31586.240486951487	308.81590063024896	30.72792548559819	0.9696550691819287
34.3%	3430000	-31121.03793339798	320.5104914964346	30.19729899875208	0.9866938335705514
34.4%	3440000	-31592.770106949552	309.58994394772714	30.670808895911104	0.9714608054085937
34.5%	3450000	-31600.559917393082	307.8170015529068	30.347525711998756	0.9818094890277784
34.6%	3460000	-31798.644889023562	307.11070716659685	30.38484671883893	0.9806035550635621
34.7%	3470000	-31468.46139255067	307.13005269090286	30.68160213870641	0.9711190627482369
34.8%	3480000	-31524.056835137715	301.7196918105409	30.728142355096413	0.9696482256635061
34.9%	3490000	-31391.63517390279	315.3473535159154	31.149582571444398	0.9565293096373346
35.0%	3500000	-31487.160498253943	311.6696250767242	30.867730268809375	0.9652633495590063
35.1%	3510000	-31285.850279394945	307.23646596383685	31.023920745625947	0.9604037141809589
35.2%	3520000	-31459.176944889303	315.8377449250089	30.35032155412682	0.9817190456917413
35.3%	3530000	-31366.32152624306	312.86815417703065	30.59761696891744	0.9737846167177849
35.4%	3540000	-31282.239284119278	311.0340558194504	30.612699316326744	0.9733048498818255
35.5%	3550000	-31655.426054092066	308.91791699330145	30.74029644606289	0.9692648463827996
35.6%	3560000	-31720.76768647408	306.48091647606384	30.539339671875155	0.9756428604117682
35.7%	3570000	-31576.720022883208	304.6561228238984	30.773138336572075	0.9682304218268395
35.8%	3580000	-31609.014515686955	304.1830226533313	30.714723534205383	0.9700718510252317
35.9%	3590000	-31383.29335341876	305.01750548782593	30.317815197953617	0.9827716317291225
36.0%	3600000	-31558.276375182846	306.049530217389	30.94232661289241	0.9629362744862338
36.1%	3610000	-31767.98865358479	306.99429530401227	30.85641799952155	0.9656172246894263
36.2%	3620000	-31914.294484702346	305.37864950997505	29.891660933397638	0.9967826404475464
36.3%	3630000	-31103.75206946995	316.2991061116322	30.481393061933087	0.9774976049163966
36.4%	3640000	-31338.91999681428	304.9582897916872	30.560260085658406	0.9749749717129391
36.5%	3650000	-31323.653263977903	312.7755089141421	30.792524878614234	0.9676208375250248
36.6%	3660000	-31567.898923214932	305.8400886659488	30.381056255995436	0.9807258991094155
36.7%	3670000	-31134.39332778746	317.90744396829734	30.704250385399558	0.9704027402904185
36.8%	3680000	-31463.631260340975	311.989203117811	30.78638429935634	0.9678138368843074
36.9%	3690000	-31383.99854921823	314.6971770190225	30.605292804820202	0.9735403906301529
37.0%	3700000	-31070.033917125722	313.77075497435	30.608544486782538	0.9734369670998643
37.1%	3710000	-31485.565671040153	315.6345735997797	30.36830705154672	0.9811376268680516
37.2%	3720000	-31658.782306295296	306.11221637372313	30.497048097906745	0.9769958265108276
37.3%	3730000	-31222.85947107413	306.23055407035764	30.901468046887025	0.9642094889260908
37.4%	3740000	-31860.86320121534	306.35184912738356	30.21891840608912	0.9859879269057845
37.5%	3750000	-31763.957819346746	301.31970078453844	30.679325907328415	0.9711911142557919
37.6%	3760000	-31152.36214150017	313.28937461410595	31.28028926579808	0.9525323905854445
37.7%	3770000	-31370.179257383046	315.1945581516431	30.76789341423143	0.968395473535189
37.8%	3780000	-31313.439973116794	306.5117331553174	31.000610089582263	0.9611258819247439
37.9%	3790000	-31103.217574200302	321.6484922579181	30.698735597053272	0.9705770655718762
38.0%	3800000	-31334.009830187948	312.503156718494	30.682067933902115	0.9711043198503702
38.1%	3810000	-31122.284180025978	319.78763423970054	30.67531508027612	0.9713180984313028
38.2%	3820000	-31350.026920447068	311.54915449507536	30.381727777269084	0.9807042223203373
38.3%	3830000	-31556.954514372686	306.9566566498993	30.47975013794899	0.9775502941363622
38.4%	3840000	-31451.676891718467	308.4742619106571	30.83767505957738	0.9662041206086697
38.5%	3850000	-31577.42060683755	306.54397558136475	31.072683570119036	0.9588965383475156
38.6%	3860000	-31746.684845703596	303.84643604722106	30.51875137245982	0.9763010402660959
38.7%	3870000	-31506.739762243757	309.8416075463045	30.222216260315733	0.985880335707835
38.8%	3880000	-31357.386921239027	307.3130173407042	30.766762555559627	0.9684310677390642
38.9%	3890000	-31624.62347663188	302.70744774638047	30.458380371370197	0.9782361487796499
39.0%	3900000	-31408.10644546518	313.23800549327694	30.676282544804376	0.9712874651300051
39.1%	3910000	-31208.61127617414	317.8237859820589	30.721725479563357	0.9698507569952526
39.2%	3920000	-31142.16682975361	310.7966001482737	30.565351519577895	0.9748125649224118
39.3%	3930000	-31258.826252332132	317.15756206242656	30.2475866663652	0.9850534206646951
39.4%	3940000	-31376.61869293981	307.40184645074316	30.959898389734064	0.9623897448718597
39.5%	3950000	-31370.56441162055	311.6514709235422	30.485594827728036	0.977362878465291
39.6%	3960000	-31188.742069484142	316.1730295527129	31.013122834751634	0.960738100168605
39.7%	3970000	-31471.215652814077	304.35992199872294	30.74109454106144	0.9692396824959009
39.8%	3980000	-31592.333949895517	301.33475725846375	30.296482824924585	0.9834636213297486
39.9%	3990000	-30996.678590716736	318.0205473850404	30.441213229428715	0.9787878192630771
40.0%	4000000	-31475.468581289693	309.28557417066474	30.178463551381668	0.9873096641194223
40.1%	4010000	-31684.963316485868	305.0194702356291	30.492660159441492	0.9771364176414514
40.2%	4020000	-31524.32602333784	312.8125990575383	30.49854130419163	0.9769479928687559
40.3%	4030000	-31626.484757156897	306.1323795271584	30.368572122523723	0.9811290630439679
40.4%	4040000	-31537.354006647074	308.1537625661893	30.844669164943536	0.9659850314238055
40.5%	4050000	-31487.422047625238	306.31109500560075	30.626731276704003	0.9728589199859725
40.6%	4060000	-31563.76283964602	311.91468663928345	30.128276349435012	0.9889543088021234
40.7%	4070000	-31666.527572575433	311.37608444364776	30.46591014689602	0.9779943736750807
40.8%	4080000	-31495.66181814688	313.6378663645465	30.020480534442104	0.9925053890583426
40.9%	4090000	-31914.772351859545	310.78857506021905	30.45533743306064	0.978333889028283
41.0%	4100000	-31769.819949868543	304.355721746801	31.00027275696695	0.9611363405136065
41.1%	4110000	-31553.77261731442	301.70659707777634	30.979162168284212	0.9617913018660922
41.2%	4120000	-31596.988176701532	304.80074851584527	30.61721906330803	0.9731611695675543
41.3%	4130000	-31630.963480115344	310.52099763293785	30.708363970934126	0.9702727485175274
41.4%	4140000	-31696.058802254905	307.80823695978074	30.80610444779582	0.9671943027735443
41.5%	4150000	-31352.727510036842	309.31604784901145	30.48553877313382	0.9773646755691562
41.6%	4160000	-31238.261049435765	310.11069857901185	30.822182971137806	0.9666897617360732
41.7%	4170000	-31928.07315684663	306.2175437640023	30.42386092585902	0.9793460726488509
41.8%	4180000	-31626.566716712376	300.49477308434837	31.12282471605358	0.9573516859215527
41.9%	4190000	-31078.54296838719	310.51024547883645	30.950433046831336	0.9626840654368578
42.0%	4200000	-31470.279358121392	307.9805787726759	30.541795181070814	0.9755644203593344
42.1%	4210000	-31612.7987133399	309.6032646641702	30.615414735310964	0.9732185230922114
42.2%	4220000	-31952.098334893526	305.665935919671	30.30414676012442	0.9832149028449507
42.3%	4230000	-31757.399517677666	308.638969355062	30.73277764407076	0.9695019779086995
42.4%	4240000	-31788.19834231393	305.74496943860674	30.358033139496467	0.9814696681976502
42.5%	4250000	-30943.083644864324	313.96130288170485	31.04403115871393	0.959781561879775
42.6%	4260000	-32204.130850306654	300.1133817104853	30.092701155578684	0.9901234375243606
42.7%	4270000	-31221.350084123143	311.40273901459153	30.950663276538712	0.9626769044119485
42.8%	4280000	-31476.454603847174	310.24448503583693	30.216422970318224	0.9860693551259577
42.9%	4290000	-31967.0933940275	308.93446013314133	30.09482344137033	0.9900536140576263
43.0%	4300000	-31956.820245470095	304.2298598140358	31.022469084892222	0.9604486551673319
43.1%	4310000	-31566.758956987353	297.82844933448297	30.684445047744234	0.971029088718855
43.2%	4320000	-31488.047327895125	304.2937077649709	30.856928697902916	0.965601243217048
43.3%	4330000	-31826.964367347828	308.93713929618747	30.278593518497697	0.9840446748080389
43.4%	4340000	-31648.900560618087	302.50373847428483	30.65873380367078	0.9718434199975812
43.5%	4350000	-31700.905074305774	314.8009922140394	30.708452959256626	0.9702699368179483
43.6%	4360000	-31296.45301217673	310.35403866022165	30.9757314365861	0.9618978255139046
43.7%	4370000	-31544.435790072603	309.0068784258959	30.412699443081795	0.9797054933685826
43.8%	4380000	-31711.53761082975	314.2312173250344	30.53321349424886	0.9758386131930413
43.9%	4390000	-31045.680228907557	312.6668212080572	31.031327546264844	0.960174477489967
44.0%	4400000	-31541.389163645625	316.60065912279236	30.582829727600238	0.9742554556900659
44.1%	4410000	-31423.289470201882	308.75918321403634	30.699565401347947	0.9705508310305464
44.2%	4420000	-31272.224491490924	316.37509749908986	30.597959867821388	0.973773703909245
44.3%	4430000	-31348.30553767731	312.01868112755005	30.770720292388123	0.9683065079216068
44.4%	4440000	-31451.036796494096	305.49977515673226	30.73748305734657	0.9693535627808485
44.5%	4450000	-31616.31299825682	309.12823477518754	30.678745556931094	0.9712094862960692
44.6%	4460000	-31238.186609019933	311.27277520472626	31.04996322753689	0.9595981964362044
44.7%	4470000	-31547.811771645618	310.29113843474784	30.172635660749396	0.9875003644880401
44.8%	4480000	-31620.158329586673	303.9532179282912	30.64195471429806	0.9723755873397913
44.9%	4490000	-31979.666445341834	306.61776543971155	30.097920108221864	0.9899517509987547
45.0%	4500000	-31313.056858526368	312.23068523198503	31.10091138611778	0.9580262244615246
45.1%	4510000	-31761.512883808406	308.53246535029785	30.893979238930324	0.964443216657852
45.2%	4520000	-31484.354887942027	306.85369628236464	30.520764159398496	0.9762366550504504
45.3%	4530000	-31563.157804535178	311.3116902276862	30.612708911376266	0.9733045448154473
45.4%	4540000	-31461.306369800528	304.72437997619136	30.398876601076015	0.980150980694471
45.5%	4550000	-31279.430925269087	312.17786580424604	30.463222683316946	0.9780806522768923
45.6%	4560000	-31283.638027410256	316.88953069621465	30.581345975435408	0.9743027248208177
45.7%	4570000	-31537.369187137985	311.13957238880596	30.521443675429577	0.9762149205458744
45.8%	4580000	-31602.845994491072	311.2732781831456	30.6055942403339	0.9735308021985265
45.9%	4590000	-31163.818116745388	311.6198592036471	30.23791727826986	0.9853684180149224
46.0%	4600000	-31479.905221445428	314.14090289001297	30.132545507379753	0.9888141944482475
46.1%	4610000	-31123.885033418366	302.3457927501586	30.736604778842203	0.9693812614288756
46.2%	4620000	-31329.468657127116	316.07014614202217	30.518005273482594	0.9763249087070729
46.3%	4630000	-31361.66465673683	311.88654890507576	30.684021390489473	0.9710424958115166
46.4%	4640000	-31945.988424485608	297.36363111488083	30.41268690876596	0.979705897145405
46.5%	4650000	-31414.587441095005	309.5463310072153	30.738615202927775	0.9693178601525588
46.6%	4660000	-31765.296174880525	298.0207595387293	30.385580077952955	0.9805798880954639
46.7%	4670000	-31415.380557461584	311.30586577052435	30.373640404338964	0.9809653474497082
46.8%	4680000	-30926.214571357646	314.8004838986521	30.86577846985469	0.96532438803236
46.9%	4690000	-31106.337216970453	315.93889222049944	30.748268647437996	0.9690135420043392
47.0%	4700000	-31246.472919432854	314.2640265843472	30.843151127809445	0.9660325752413161
47.1%	4710000	-31232.902336687257	314.10892730780444	30.7016396177463	0.9704852601856594
47.2%	4720000	-31649.358662616578	317.2210695997308	30.156139747952885	0.9880405437031274
47.3%	4730000	-31157.18152152648	305.22211072779646	30.766412604613034	0.9684420831074537
47.4%	4740000	-31514.11977116199	302.7573077342748	30.746908318196315	0.9690564138743538
47.5%	4750000	-31431.54944914108	309.35279347566774	30.6052605842977	0.9735414155513415
47.6%	4760000	-31410.652487105865	308.94340683870104	30.32199274953732	0.9826362323435852
47.7%	4770000	-31697.25641592586	308.05197871682833	30.65777612033975	0.9718737783066788
47.8%	4780000	-31287.91967827914	315.6693985280814	30.628554206548962	0.9728010180181482
47.9%	4790000	-31341.490908978274	317.54798784775875	30.061764957516385	0.9911423615566874
48.0%	4800000	-31316.298348415585	316.6873774532348	30.262202876096595	0.9845776539978729
48.1%	4810000	-31413.714619735198	307.00281419711854	30.456564490429116	0.9782944731641682
48.2%	4820000	-30964.103551941866	314.950940906394	30.45310350936838	0.9784056558763801
48.3%	4830000	-31327.374907729158	312.57277383140746	30.457987785091944	0.9782487576916901
48.4%	4840000	-31682.422701526724	309.9896649987909	30.79647422685306	0.9674967495653972
48.5%	4850000	-31337.48884614132	305.1719791396357	30.4648428199312	0.9780286374253531
48.6%	4860000	-31570.958346107684	306.7148702839029	30.148611515805204	0.988287261485816
48.7%	4870000	-31531.700229525974	311.89895982050194	30.422342392761497	0.9793949567684906
48.8%	4880000	-31218.390526330506	320.09671803082074	30.791583499465077	0.9676504202218923
48.9%	4890000	-31351.848198557214	318.9909424062778	30.720610964727836	0.9698859422673867
49.0%	4900000	-31650.097966948466	304.7573135332546	30.56721765018426	0.9747530525525359
49.1%	4910000	-31038.143234183954	316.1285575879227	30.584193077128944	0.9742120263697955
49.2%	4920000	-31616.33202922804	310.45141065742496	30.27963941660852	0.9840106846256531
49.3%	4930000	-31187.05674852332	314.22163710968493	30.89749790454716	0.9643333840365724
49.4%	4940000	-31135.396138621436	313.6353515598297	30.342018235871187	0.9819877003873723
49.5%	4950000	-31513.081929017848	307.88407411583523	30.94912813486254	0.962724655205774
49.6%	4960000	-31446.52623556921	314.3927634658498	30.557392288286866	0.9750664726707046
49.7%	4970000	-32002.827841917227	305.79072349087045	30.040771190176176	0.9918350139525869
49.8%	4980000	-31248.49824252393	316.0928661840302	30.269410157265874	0.9843432216799491
49.9%	4990000	-31341.343530389422	312.6961119873653	30.450984167835255	0.9784737514010212
50.0%	5000000	-31159.596317380085	310.849150584396	30.423950461781924	0.9793431904901199
50.1%	5010000	-30990.441875355726	322.3775696157168	30.61667976107394	0.9731783114652707
50.2%	5020000	-31331.835954520328	314.3299504501271	30.21560020280169	0.9860962056875551
50.3%	5030000	-31481.575068404374	312.3985909215309	31.047996605160808	0.9596589786924368
50.4%	5040000	-30934.753326215723	312.52103765048383	30.706146060863254	0.9703428314805982
50.5%	5050000	-31505.675260316522	302.6619440536013	31.00870488342361	0.9608749808987572
50.6%	5060000	-32013.926053134783	296.1862989192032	30.401825490863157	0.9800559088634163
50.7%	5070000	-31422.1361193349	316.3553741681225	30.559741449148014	0.9749915182409222
50.8%	5080000	-31787.141416151484	310.8636948699444	30.252485532150395	0.9848939083332554
50.9%	5090000	-31248.48562222434	316.0392589166819	30.75396048226642	0.9688342003865081
51.0%	5100000	-31032.974557890033	319.91085137006417	30.461404693852426	0.9781390258266075
51.1%	5110000	-31465.636411077052	308.76220096179003	30.610805465386683	0.9733650669939495
51.2%	5120000	-31636.245086026785	302.39421772240047	30.917346067531977	0.9637143061203678
51.3%	5130000	-31900.578974642267	303.5945948799775	30.285658653794318	0.9838151137195743
51.4%	5140000	-31369.845984403917	318.3756249363079	30.789323051343302	0.9677214618479545
51.5%	5150000	-31738.820784815995	309.5016957788476	30.340982830879724	0.9820212113310423
51.6%	5160000	-31527.774904614722	307.893921604812	30.794849212192442	0.9675478034410409
51.7%	5170000	-31095.28908180463	317.52213632588314	30.351667950739714	0.9816754967441157
51.8%	5180000	-31785.67635309318	308.4944196067071	30.651058772264324	0.9720867697893799
51.9%	5190000	-31774.732336604444	309.6134887903593	30.522463697415912	0.9761822966826038
52.0%	5200000	-31180.412506265973	309.86485480426876	30.812677274593703	0.9669879850759495
52.1%	5210000	-31304.602016738558	318.3961472567416	30.583533143746287	0.9742330479775662
52.2%	5220000	-31617.026159907633	304.9118546311509	30.531845462378794	0.9758823373211662
52.3%	5230000	-31325.21310712205	305.0339514203849	30.620031958199668	0.9730717705725972
52.4%	5240000	-31643.389304633427	309.99793171033645	30.325850914204327	0.9825112178006176
52.5%	5250000	-31678.479524365568	300.77641305786454	30.595481575534208	0.9738525814341468
52.6%	5260000	-31536.62983346294	317.0509487191552	30.58115993171341	0.9743086520945275
52.7%	5270000	-31485.75591501099	307.1068651771673	30.907222674968015	0.9640299623779024
52.8%	5280000	-31802.971727284894	313.42339640551774	30.328312180402605	0.9824314830090664
52.9%	5290000	-31178.941444745695	309.94800891251026	30.65053457474172	0.9721033948004458
53.0%	5300000	-31140.33194080944	318.90224361835266	30.535616997438993	0.9757618035048644
53.1%	5310000	-31166.179684966744	311.04904099989056	30.537069795165554	0.9757153817447118
53.2%	5320000	-31403.356359390367	311.9581141719037	30.84789486779535	0.9658840202953629
53.3%	5330000	-31632.944139497296	305.9420939887609	30.65938558353635	0.9718227598322979
53.4%	5340000	-31165.207222827652	316.8873733078802	30.70883138125777	0.9702579802740283
53.5%	5350000	-31272.620131835283	312.6579149353492	30.528131834109736	0.9760010496044742
53.6%	5360000	-31597.871214463317	317.2369246153238	30.342328651365804	0.9819776542171782
53.7%	5370000	-31288.92775740096	308.5554003161353	30.72479449183969	0.9697538813634166
53.8%	5380000	-31289.775320954563	311.36359011811413	30.46159023319536	0.9781330680525466
53.9%	5390000	-31160.375602085318	313.7481851325824	30.77093148233953	0.968299862149298
54.0%	5400000	-31509.972229091858	309.2363457553072	31.12590703576204	0.9572568818097865
54.1%	5410000	-31669.99905520439	313.8589954534864	30.647433587571133	0.9722017547543762
54.2%	5420000	-31694.298779684585	314.8656809255689	30.348264320311916	0.9817855939989594
54.3%	5430000	-31779.51002972707	312.10609184337613	30.0213336791283	0.9924771840922426
54.4%	5440000	-31215.43796163838	316.30357561323007	30.68992125391095	0.9708558215592651
54.5%	5450000	-31708.824507416866	302.91329688089183	30.708632408674102	0.9702642669342282
54.6%	5460000	-31617.381504624558	303.493687119842	30.687682103271676	0.9709266608108634
54.7%	5470000	-31756.65475436527	300.50695888473086	30.518180364496107	0.9763193072683324
54.8%	5480000	-31560.88492353441	309.8225473565217	30.44824232897796	0.9785618621472326
54.9%	5490000	-31727.242110876774	307.7341542383037	30.647126994862983	0.9722114806242403
55.0%	5500000	-31827.105307791673	307.2186444562367	30.178514736061185	0.9873079895794662
55.1%	5510000	-31376.77659052977	313.79873703731374	30.349106844927874	0.9817583385500673
55.2%	5520000	-31610.25884196878	306.31263362414353	30.74534300304278	0.969105750734545
55.3%	5530000	-31045.93959135277	311.79556196776457	30.448351169256135	0.9785583641927886
55.4%	5540000	-31381.14678282611	313.55855709915227	30.629876000683087	0.9727590380023212
55.5%	5550000	-31806.985765056626	300.2167583569183	30.44307235948786	0.9787280456030855
55.6%	5560000	-31576.7295207532	301.4950168649168	30.786409677805597	0.9678130390772685
55.7%	5570000	-31931.104901951214	307.84539394116564	30.48015861047091	0.9775371937309788
55.8%	5580000	-31539.667024299677	311.3314549337743	30.543580112139022	0.9755074095165799
55.9%	5590000	-31440.190741458617	304.5937477814048	30.74809068862385	0.9690191503038129
56.0%	5600000	-31249.776572046743	317.85362569338673	30.6787487489585	0.9712093852447738
56.1%	5610000	-31901.276708759775	301.4031337388565	30.981519667099242	0.9617181155963798
56.2%	5620000	-31385.117861122533	308.4602786876724	30.904185348594886	0.9641247092089931
56.3%	5630000	-31333.412939326314	313.87064376474734	30.817714497985847	0.9668299287574427
56.4%	5640000	-31350.988347867446	315.0537434279938	30.939450627342044	0.9630257845051641
56.5%	5650000	-32019.482383830647	300.3081357961968	30.631619915825073	0.9727036570195152
56.6%	5660000	-31311.04949239822	312.3241109017043	30.311546696439713	0.9829748712906997
56.7%	5670000	-30839.686820237373	317.49919684856184	30.746704308950022	0.9690628437169357
56.8%	5680000	-31545.75254031422	313.9935146313893	30.633528958201815	0.9726430393706706
56.9%	5690000	-31592.616975510784	314.24249390313526	30.324602081792214	0.9825516797282215
57.0%	5700000	-31289.869637681113	316.0904943577268	30.040653746633218	0.991838891518603
57.1%	5710000	-31645.331636247167	307.2195977568914	30.485410039535076	0.9773688027785918
57.2%	5720000	-31305.742219974694	314.44069785265	30.733766529894726	0.9694707833344409
57.3%	5730000	-31521.36961205135	305.0735839127833	30.74951422763109	0.9689742898696282
57.4%	5740000	-31366.646654222102	303.6478725499176	31.152372302678053	0.9564436513232559
57.5%	5750000	-31601.576082625834	308.1460776206448	30.843787494430867	0.96601264413246
57.6%	5760000	-31832.5616506589	306.09719111413375	30.199004285355603	0.9866381166416002
57.7%	5770000	-31692.484748804418	310.38170606897233	30.189581537988015	0.9869460653193468
57.8%	5780000	-31785.08058199886	299.5679584931408	30.572509373552407	0.9745843348511742
57.9%	5790000	-31508.35682547459	313.10521840968124	30.75451045249961	0.9688168751238635
58.0%	5800000	-31547.292322193913	306.45538359061374	30.367997226444885	0.9811476367828607
58.1%	5810000	-31920.544390709547	308.8521140762467	30.31450120957388	0.9828790685543227
58.2%	5820000	-31507.9554298984	314.5189479801967	30.198758713581903	0.9866461398346922
58.3%	5830000	-31435.615461221605	317.1515782906843	30.079505455297916	0.9905577987920999
58.4%	5840000	-31383.872008274717	309.83879873351407	30.40018957341872	0.9801086483555155
58.5%	5850000	-31559.075466989947	311.94425626753747	30.74436182255897	0.9691366789305783
58.6%	5860000	-31356.672163213545	312.33427270491427	30.613353718223763	0.9732840441724608
58.7%	5870000	-31400.466197052214	312.54896142243524	30.59162621833349	0.9739753127180436
58.8%	5880000	-30696.339079334808	321.43657570549277	30.836829201293924	0.9662306237148609
58.9%	5890000	-31310.732608684746	307.8006081755229	30.22652802135627	0.985739701612542
59.0%	5900000	-31461.40502203902	310.6775181417805	30.435094812773205	0.9789845865717525
59.1%	5910000	-31341.160223577113	308.3276886370893	30.400776395449878	0.9800897294522514
59.2%	5920000	-31818.72660070582	304.9673367418012	30.707326483667018	0.9703055304538755
59.3%	5930000	-31162.445156353933	312.40571049122707	30.560096893923614	0.9749801781053652
59.4%	5940000	-31518.323234994838	309.4393013412161	31.00926670243852	0.9608575719790173
59.5%	5950000	-31826.769863893685	305.9616974202773	30.50372183798028	0.9767820750140859
59.6%	5960000	-31186.149466236762	318.46785863667395	30.536935876841792	0.9757196606995132
59.7%	5970000	-31665.067837184528	311.46444567717793	30.280338669056754	0.9839879612377865
59.8%	5980000	-31447.450322082208	304.10883934150183	30.872348520854842	0.9651189540189163
59.9%	5990000	-31447.93394682737	302.8421890209638	31.03283485520817	0.9601278404494314
60.0%	6000000	-31203.011058022676	312.7050965665391	30.513891758413706	0.9764565250625314
60.1%	6010000	-31334.654055622814	311.5390005049946	30.4854953437193	0.977366067915751
60.2%	6020000	-31357.61199603317	311.39407904620373	30.587110818343692	0.9741190951152512
60.3%	6030000	-31386.30732275633	314.0183661884685	30.439560737354615	0.9788409553489593
60.4%	6040000	-31191.841174256697	315.78456656796834	30.15963152883014	0.9879261516863299
60.5%	6050000	-31105.71577976359	311.6497797753056	30.530528509490818	0.975924432598425
60.6%	6060000	-31170.906229368004	310.0431853776007	30.802108972083225	0.9673197617591482
60.7%	6070000	-31825.845631934528	305.5049567370403	30.509243689494276	0.9766052877546358
60.8%	6080000	-31798.52802387759	309.1730615234671	30.491157244422066	0.9771845808838736
60.9%	6090000	-31817.33011703164	305.00973244186025	30.258862166728782	0.9846863556329153
61.0%	6100000	-31350.193120723066	308.7410396461677	30.69324204670848	0.9707507817913978
61.1%	6110000	-30952.778714137094	318.35064703887724	30.858153073330833	0.9655629305405717
61.2%	6120000	-30900.42974416766	319.2708209643834	30.7119268115534	0.9701601887559271
61.3%	6130000	-31147.94282825658	308.77943568301123	30.603151132797805	0.9736085210069312
61.4%	6140000	-31921.79964037513	304.17531561015613	30.316581265705437	0.9828116320707954
61.5%	6150000	-31332.941309833375	306.91314091332214	31.108354674822674	0.9577969977521708
61.6%	6160000	-31120.771212691383	305.28142369853975	30.843075399134825	0.9660349471308122
61.7%	6170000	-31371.169407928886	318.0580429527033	30.833270359623825	0.9663421481093377
61.8%	6180000	-31768.61968799465	309.4091143292202	30.178872924255888	0.9872962713795423
61.9%	6190000	-31654.310842333478	308.08942961496143	30.712557853803403	0.9701402551485964
62.0%	6200000	-31541.49163321586	310.5324488538486	30.603190091265926	0.9736072815839687
62.1%	6210000	-31511.215459444968	315.2207872281029	30.502481884701343	0.9768217820825565
62.2%	6220000	-31157.949963543506	311.96504179700605	31.030680906907282	0.960194486287361
62.3%	6230000	-31329.0967828547	311.2078044194441	31.106614209602554	0.9578505880385095
62.4%	6240000	-31531.655482613423	314.5027112036065	30.708282941710177	0.9702753087534083
62.5%	6250000	-31661.83926455927	296.9801322472063	30.839937830185182	0.9661332288222694
62.6%	6260000	-31368.845703196654	319.0401244104967	30.19127204324746	0.9868908030729657
62.7%	6270000	-31611.925920890237	305.69301538250016	30.39964460190708	0.9801262186692039
62.8%	6280000	-31696.974122099986	298.9876724657134	31.108116444509164	0.9578043326957525
62.9%	6290000	-31620.14176240092	301.98496142944185	30.640506968498507	0.9724215315101542
63.0%	6300000	-31774.522176859842	307.6977054128382	30.49320203963257	0.977119053414893
63.1%	6310000	-31077.289765931608	319.2777166694562	30.475499372169857	0.9776866442347462
63.2%	6320000	-31542.620292784122	298.64073230191383	30.755308292598983	0.9687917425209133
63.3%	6330000	-31925.989825583238	302.1678995200964	30.66405546073721	0.9716747594167877
63.4%	6340000	-31589.152169818	310.09368887515393	30.467675839223954	0.9779376959957111
63.5%	6350000	-31621.314790280478	311.62188091749647	30.674362725025073	0.9713482552074929
63.6%	6360000	-31614.48951046908	307.2258248476266	30.523717355241434	0.9761422033164804
63.7%	6370000	-31622.738986560318	310.92961227926116	30.03128132396047	0.9921484331999689
63.8%	6380000	-31492.047584933636	302.4713890037754	30.371287105313346	0.9810413568986428
63.9%	6390000	-31982.03786799073	305.54252101503107	30.507937419152405	0.9766471034469123
64.0%	6400000	-31042.635472051275	315.0767639480386	30.640510661481173	0.9724214143079343
64.1%	6410000	-31512.144971424656	309.9763089924583	30.576502493974115	0.9744570595811876
64.2%	6420000	-31700.547051739355	306.84784521060305	30.65279360372653	0.972031753377694
64.3%	6430000	-31336.41654904833	308.38721266109627	30.497894617049266	0.9769687083874394
64.4%	6440000	-31236.080949907366	315.2400477005318	30.728641488409963	0.9696324754152553
64.5%	6450000	-32037.758573831117	294.76087032521883	30.645662216126347	0.9722579496707986
64.6%	6460000	-31836.920029188914	301.80196977821083	30.3256611974706	0.9825173643712687
64.7%	6470000	-31298.13508154807	316.25221893867985	30.197872806194734	0.9866750848239442
64.8%	6480000	-31056.753339043527	312.0000180167335	30.866421762280847	0.9653042695400903
64.9%	6490000	-31514.814639878634	300.5357579818121	30.71302618002638	0.9701254620077711
65.0%	6500000	-31677.39197496482	301.428066493853	30.9072882136382	0.9640279181596805
65.1%	6510000	-31914.857049073034	307.6653419317917	30.434070917221028	0.9790175226178884
65.2%	6520000	-30978.75662881689	312.32206160339075	31.047827860401853	0.9596641944332532
65.3%	6530000	-31518.434711116308	310.21067739829283	30.841641370574017	0.9660798643804579
65.4%	6540000	-31738.871370786044	303.3034324370086	30.529050578801236	0.9759716777188039
65.5%	6550000	-31262.0620423769	320.8342136524231	30.11894381225655	0.9892607422850578
65.6%	6560000	-31740.02507518645	304.6054534961494	30.750724087740416	0.9689361664310732
65.7%	6570000	-31253.980215076997	319.1089588635286	30.344173451826205	0.9819179540302054
65.8%	6580000	-31642.04219328327	298.56396275775086	30.755832184299145	0.9687752402214453
65.9%	6590000	-31334.629857436463	313.1206513699828	30.14271808165512	0.9884804891131708
66.0%	6600000	-31254.790722282545	307.7561080647067	30.55746162035883	0.9750642603344938
66.1%	6610000	-31242.05201291124	311.26875690831196	30.654716393582937	0.9719707835493809
66.2%	6620000	-31899.037683608418	303.98198808959637	30.524616136858896	0.9761134613115215
66.3%	6630000	-31310.020269958244	313.4591965030261	30.633699569137907	0.972637622344919
66.4%	6640000	-31635.627369719266	314.33457507827535	30.55084480028459	0.9752754435215261
66.5%	6650000	-31229.83485674992	313.8461013007456	30.6905275734346	0.9708366414119752
66.6%	6660000	-31213.546414238925	309.8833735665459	30.803302522589604	0.9672822805510657
66.7%	6670000	-31296.028399952687	307.21356143758544	31.031716202492102	0.9601624518002663
66.8%	6680000	-31478.228411211574	308.9321689705891	30.80371201528149	0.9672694218727127
66.9%	6690000	-31577.758969845658	305.4606237827152	30.87025967231576	0.9651842591811838
67.0%	6700000	-31151.957091487886	310.17642583826733	30.56371241966425	0.9748648431001753
67.1%	6710000	-31037.46292619029	317.4207477419871	30.874501151293423	0.9650516640430526
67.2%	6720000	-31679.185356076516	307.5552158273862	30.274936074627604	0.9841635549323406
67.3%	6730000	-31381.188120430394	306.6458380468571	30.702570881919748	0.9704558236229315
67.4%	6740000	-31746.558657577436	307.6635152536918	30.548420236683103	0.9753528490738743
67.5%	6750000	-31872.626013017667	299.7907711952498	30.274917738235924	0.9841641510036025
67.6%	6760000	-31181.26490530715	307.4890872059013	31.20080736963828	0.9549589008888616
67.7%	6770000	-31690.28594495164	304.7314950273056	30.282780058195065	0.9839086324074684
67.8%	6780000	-31465.669791182445	311.446496281738	30.299659921339774	0.983360499421651
67.9%	6790000	-31396.800482445804	313.01750468641455	30.700154360147078	0.9705322117609093
68.0%	6800000	-32193.64440418774	302.04526305296156	30.356299145769587	0.9815257311004304
68.1%	6810000	-31687.884287608264	311.84938767226583	30.576420037908377	0.9744596874197397
68.2%	6820000	-31390.484985294694	311.38723827112557	30.87568742866488	0.9650145857122792
68.3%	6830000	-31603.51932419039	305.3482002672662	30.144625711883766	0.9884179354998174
68.4%	6840000	-31734.613390256593	309.7252515228094	30.107860813129314	0.9896248988756374
68.5%	6850000	-31327.492639622593	310.2914055196391	31.016212764372945	0.960642388511718
68.6%	6860000	-31694.5087473967	307.1646421243209	30.444774067935786	0.9786733396696563
68.7%	6870000	-31606.305117080163	305.74570340538617	30.85118609148679	0.9657809791882446
68.8%	6880000	-31339.440669695556	312.937607547528	30.31235462227576	0.9829486717161502
68.9%	6890000	-31519.622757961915	309.93756081431746	30.131340749978545	0.988853730731384
69.0%	6900000	-31594.600952180976	313.1388051965136	30.489543931338634	0.9772362872876433
69.1%	6910000	-31659.591344240995	303.09761836975446	30.558544851968268	0.9750296965019178
69.2%	6920000	-31643.469687133038	294.2974205161192	30.80582851069362	0.9672029662247833
69.3%	6930000	-31463.454894616676	305.54837952006824	30.77352657600121	0.9682182066123981
69.4%	6940000	-31515.559365286434	310.2471878337628	30.554053969444475	0.9751730078879806
69.5%	6950000	-31540.987590358534	311.9364687334867	30.02978576865909	0.9921978445697488
69.6%	6960000	-31100.230417838728	317.1224080012407	30.902612702679406	0.9641737738884276
69.7%	6970000	-31767.51302914851	298.88479632792394	30.37965260317914	0.9807712122895327
69.8%	6980000	-31561.547509859724	305.34014342217927	30.500707046930476	0.9768786233941884
69.9%	6990000	-31686.78647179919	304.77489206985865	30.284554040404245	0.9838509978652189
70.0%	7000000	-31360.414648608712	305.1837767253216	30.868571594240844	0.9652370412278427
70.1%	7010000	-31367.632449632452	315.77346557353985	30.57224826429422	0.9745926585109365
70.2%	7020000	-31650.56227305607	305.068971317764	30.798063598886095	0.9674468207031206
70.3%	7030000	-31160.6324065121	318.7919802387828	30.980073022775304	0.9617630239493113
70.4%	7040000	-31566.39409907529	318.7373938436046	30.29631897689853	0.983468940080623
70.5%	7050000	-31847.94926373934	307.70441727153616	30.54494693127491	0.9754637577074106
70.6%	7060000	-31838.479387730535	304.8331942225805	30.992046327206285	0.9613914614730997
70.7%	7070000	-31495.849146803143	307.8261189581549	30.871345639072032	0.9651503067247084
70.8%	7080000	-31552.432262666465	304.8690715512276	30.898861066504104	0.9642908406373155
70.9%	7090000	-31603.469142320973	313.4172080057933	30.53215503971543	0.975872442472458
71.0%	7100000	-31572.228746018314	306.31384564853323	30.524786268092946	0.9761080209003655
71.1%	7110000	-31650.849503350386	308.89457133952124	30.46477531124553	0.9780308046964782
71.2%	7120000	-31446.481570257747	312.26392124861195	30.340206321072312	0.9820463446176659
71.3%	7130000	-31402.98489745235	313.37126750481303	30.447781111284005	0.9785766852321661
71.4%	7140000	-32086.775985388493	300.4001381449455	30.219990223831314	0.9859529566974615
71.5%	7150000	-31838.59918394586	306.85077974304255	30.54912236706132	0.9753304319040262
71.6%	7160000	-31369.34191961767	317.08834284393976	30.502865751747724	0.976809489149316
71.7%	7170000	-31047.015009633673	319.949494306133	30.756852644623283	0.9687430978983319
71.8%	7180000	-31267.26295138843	310.05650647138924	30.707303889291865	0.9703062444028191
71.9%	7190000	-31088.51681384485	310.43641800796587	30.40275956449958	0.9800257982945139
72.0%	7200000	-31445.545411367897	314.9910373526044	30.41154531149163	0.9797426736252046
72.1%	7210000	-31862.29569001979	306.497407720979	30.483666038809954	0.9774247190157858
72.2%	7220000	-31304.853952539095	314.2549741170572	31.281802113359934	0.9524863243038582
72.3%	7230000	-31417.22886837175	306.19931719536453	30.97127803747972	0.9620361380146476
72.4%	7240000	-31334.75762601447	309.1795462376686	30.762631046866858	0.9685611307810912
72.5%	7250000	-31244.815479406563	313.88904142477213	30.58072055168515	0.974322650841299
72.6%	7260000	-31102.855140910426	308.87987155039815	30.721559024768613	0.9698560118167465
72.7%	7270000	-31398.329971631232	310.8258973551654	30.95011107682625	0.9626940801147592
72.8%	7280000	-31790.004514336062	307.76134173230423	30.481456846545328	0.9774955594332688
72.9%	7290000	-31593.43403793749	310.4561120637351	30.433207612627132	0.9790452945943277
73.0%	7300000	-32095.44997528178	302.87174752969395	30.333282924550673	0.9822704910202602
73.1%	7310000	-31147.78403511009	322.4682456784772	30.545438341847465	0.975448064588251
73.2%	7320000	-31543.92220821505	306.423724313652	30.359968179530416	0.9814071126940067
73.3%	7330000	-31448.84047596174	311.28042217696515	30.647206584126565	0.9722089558396215
73.4%	7340000	-31542.568081887322	305.93081007829267	30.465230285818457	0.9780161985653738
73.5%	7350000	-31046.656710940355	313.0736346651026	30.609701153398206	0.9734001832699058
73.6%	7360000	-30988.182270719146	319.25310021111756	30.965170055174394	0.962225902827746
73.7%	7370000	-31670.060718383116	305.9027903650339	30.496537367861425	0.9770121884051874
73.8%	7380000	-31650.20219735423	305.3741858550548	30.414788562785176	0.9796381997214316
73.9%	7390000	-31508.07024470152	305.1271705467443	30.920101961834973	0.9636284107126091
74.0%	7400000	-31048.996629861824	316.296808175014	30.8876326274896	0.9646413848511414
74.1%	7410000	-31395.124774988217	324.39261383479123	30.858283968375474	0.9655588348039768
74.2%	7420000	-31829.066822044493	304.7384317965819	30.058649291563686	0.9912450963296385
74.3%	7430000	-31824.05823374068	305.72544188667797	31.350351490938294	0.9504036572338637
74.4%	7440000	-31646.13046215981	306.7633128371437	30.670185050200242	0.9714805653694721
74.5%	7450000	-31820.627559204062	304.98328109474505	30.44900340657348	0.9785374028406615
74.6%	7460000	-31394.69028460508	305.4627606252042	30.59601636488659	0.9738355594145109
74.7%	7470000	-31807.447718535026	314.1077289397616	30.31426283134301	0.9828867974895379
74.8%	7480000	-31839.322882310895	308.8201334052866	30.108359259625317	0.9896085155496995
74.9%	7490000	-31442.22543679879	311.148507754475	30.60849920346068	0.9734384072377553
75.0%	7500000	-31193.866728844063	313.0475578182212	31.409424715973675	0.948616187083553
75.1%	7510000	-31712.198659220652	302.51186944919056	30.359862380363893	0.9814105327376567
75.2%	7520000	-31406.209898099012	309.207267592513	30.751823185338747	0.9689015357879718
75.3%	7530000	-31975.70904321823	297.20876032245866	30.337392569620576	0.9821374280659715
75.4%	7540000	-31114.03840422578	317.2861948102881	30.720769616051555	0.9698809334837357
75.5%	7550000	-31170.903509773023	314.27248510206977	30.80843210548888	0.9671212287121373
75.6%	7560000	-31276.07217977842	313.76292155903917	30.989885698729577	0.9614584901091237
75.7%	7570000	-31388.046176350617	312.6464205180432	30.508341684470892	0.9766341619191028
75.8%	7580000	-31112.081093534303	316.4746306939785	30.813314690057933	0.966967981609863
75.9%	7590000	-31720.88638114481	303.1159406476837	30.60017041903258	0.9737033586591654
76.0%	7600000	-31447.620515790943	313.01720130347087	30.669090173929053	0.9715152469010374
76.1%	7610000	-31688.847656236903	296.4310881741144	30.792596038778367	0.9676186014012004
76.2%	7620000	-31061.62742132909	309.5591936761204	31.32866326760599	0.9510616031729501
76.3%	7630000	-31922.19008052541	316.7143906237816	30.475993028915767	0.977670807454404
76.4%	7640000	-31610.537454131	300.50035629828085	30.69939328811734	0.9705562723315335
76.5%	7650000	-31941.419495727925	300.75240202576094	30.486198960135358	0.9773435104689935
76.6%	7660000	-31509.51223336946	310.32270819730354	30.748311652641735	0.9690121867226161
76.7%	7670000	-31367.1234297817	314.57510730152364	30.601701036698806	0.973654656544187
76.8%	7680000	-31442.69243327732	309.1670696767738	30.558720557480807	0.9750240903086793
76.9%	7690000	-31738.278292994888	303.9641180143665	30.295519369189574	0.9834948973628345
77.0%	7700000	-31135.279302843905	317.2532110837227	30.419876445364764	0.9794743501364537
77.1%	7710000	-31125.11814777489	315.17751240395006	30.82165822116814	0.9667062199817494
77.2%	7720000	-31373.776994102227	316.6983054365994	30.77517641295304	0.9681663010716055
77.3%	7730000	-31878.41029540164	299.41246974002297	30.701146760937164	0.9705008397427479
77.4%	7740000	-31962.515854859666	308.995473804227	30.078830882929424	0.9905800138483651
77.5%	7750000	-31132.017463770637	306.09204885734164	31.18597583564235	0.9554130635380566
77.6%	7760000	-31889.209619888978	305.90497405408087	30.16352657325507	0.9877985798574849
77.7%	7770000	-31418.61059879948	320.5497248742068	30.38282641542072	0.9806687602122575
77.8%	7780000	-31390.743880975933	303.1820874293575	30.7936021172954	0.9675869876820957
77.9%	7790000	-31720.88206891896	306.41212655077646	30.130999998395723	0.9888649136816329
78.0%	7800000	-32055.586722228618	302.79450593928334	30.194968250454878	0.9867699964250171
78.1%	7810000	-31640.463048341626	310.0503359155027	30.469049492159776	0.977893607092068
78.2%	7820000	-31367.493899090623	312.72026034446026	30.384783537888588	0.9806055940928822
78.3%	7830000	-31575.003484259418	304.0714603858968	30.276914150527926	0.9840992567611231
78.4%	7840000	-31309.59242164198	307.2028029036952	30.380837245311245	0.980732969008393
78.5%	7850000	-31481.044667633192	314.57072820978374	30.679242113574663	0.9711937668555131
78.6%	7860000	-31465.86298046907	313.6643739114673	30.76068656369823	0.968622356684248
78.7%	7870000	-31423.83044338663	308.86261791519706	31.00864496111351	0.9608768377308969
78.8%	7880000	-31579.78396151791	303.2056433110675	30.665230944586973	0.9716375124125508
78.9%	7890000	-31671.81501246657	299.43203822878405	31.120815908523255	0.9574134817074184
79.0%	7900000	-31606.057123657723	307.37726821334496	30.356637636917185	0.9815147866152377
79.1%	7910000	-31078.171972750628	312.0045533011009	30.41837775751734	0.9795226080125677
79.2%	7920000	-31673.934634928533	305.174162334088	30.574514699640407	0.9745204136602467
79.3%	7930000	-31333.78282587271	316.64521356760105	30.433106281412403	0.9790485544603451
79.4%	7940000	-31120.235335444508	321.9888305536151	30.42974024622967	0.9791568535076998
79.5%	7950000	-31308.817799711076	316.13096623555606	30.798189506619927	0.9674428656317757
79.6%	7960000	-31490.32316055143	313.6760455418148	30.705917299364543	0.9703500606110042
79.7%	7970000	-31402.66711455345	314.87224184520517	30.306760149811453	0.9831301189988871
79.8%	7980000	-31298.952941559604	320.0765854401877	30.96231475873969	0.9623146378015722
79.9%	7990000	-31439.44143823482	314.4169436795372	30.974758116778883	0.9619280512287451
80.0%	8000000	-31362.597215350426	311.6816123585099	30.74316154666039	0.9691745160084724
80.1%	8010000	-31598.64897369122	308.6943652749397	30.867650660577564	0.9652658389907204
80.2%	8020000	-31504.152364743815	321.3396395537055	30.050223035222544	0.9915230471877329
80.3%	8030000	-31502.94373787887	307.3554059805153	30.37663338425847	0.9808686938953294
80.4%	8040000	-31919.067784063926	301.34673479152667	30.545901838378914	0.9754332633623145
80.5%	8050000	-31288.018135426042	305.40488065392833	30.8987675263554	0.9642937598446448
80.6%	8060000	-31147.083274176053	316.5500528921323	30.786500532305016	0.9678101829498206
80.7%	8070000	-31476.988450902456	315.8509992078274	30.39019492101658	0.9804309840720883
80.8%	8080000	-31473.922229258984	310.02680977630916	30.09050802957184	0.9901956019909322
80.9%	8090000	-31651.65221998113	303.4714583660041	30.790614372739775	0.9676808767717887
81.0%	8100000	-31264.47841748636	315.26620064207094	30.574822049916786	0.9745106173933056
81.1%	8110000	-31521.541743268317	309.0963697489198	31.170634918272924	0.9558832789475226
81.2%	8120000	-31276.637575580215	312.1305300722731	30.690075454540906	0.9708509435465176
81.3%	8130000	-31599.118524758553	302.2168320579103	30.881676803474033	0.9648274250834404
81.4%	8140000	-31175.023188391642	304.2808364081611	31.382964041250343	0.9494160167086553
81.5%	8150000	-31749.88686731452	296.5874508507541	30.463698456128803	0.9780653769096278
81.6%	8160000	-31351.254739889817	311.63373801949524	30.714092325351675	0.970091787083723
81.7%	8170000	-31342.402863895462	311.12688965557714	30.670249305382534	0.9714785300856961
81.8%	8180000	-31174.05028815422	311.54129167900504	30.49568065243579	0.9770396356172165
81.9%	8190000	-31546.011397917697	316.4434579688414	30.743306594283887	0.9691699434209444
82.0%	8200000	-31756.08306555875	304.40427506264206	30.615338112704055	0.9732209588170778
82.1%	8210000	-31568.44538002665	312.2867732067369	30.847953553551356	0.9658821827785289
82.2%	8220000	-31355.612084370514	309.4572435531931	30.256109362894453	0.9847759457498365
82.3%	8230000	-31164.54592337174	300.9889425848743	30.717828089690766	0.9699738088759781
82.4%	8240000	-31083.151609291264	313.928991061038	30.245375643158297	0.9851254308787135
82.5%	8250000	-31708.57482004835	312.2400298876729	30.360823228333388	0.9813794734244576
82.6%	8260000	-31965.38225806126	304.41110348371626	30.12892413734342	0.9889330457580037
82.7%	8270000	-31139.500363866042	310.651025529766	30.612941392106737	0.9732971533482684
82.8%	8280000	-31412.761185649724	319.16560262935985	30.51618823443884	0.9763830424577524
82.9%	8290000	-31962.396165321057	306.5839733991103	30.459684430060836	0.9781942679336993
83.0%	8300000	-31004.519925855973	317.3498639855127	30.929851290373637	0.9633246675786047
83.1%	8310000	-31360.425038675137	301.2190824051219	30.274724963272497	0.9841704176900364
83.2%	8320000	-31179.47678558802	316.86141547055814	30.64891736141935	0.9721546885718457
83.3%	8330000	-31133.458914639778	317.2812157637761	30.50412062672953	0.976769305273671
83.4%	8340000	-31863.304410251265	305.29330101907874	30.766830617982567	0.9684289253745891
83.5%	8350000	-31990.187499314954	308.12397164277013	30.487367761668295	0.9773060418163312
83.6%	8360000	-31229.76358266204	314.7997686152408	30.888963492323146	0.964599822844815
83.7%	8370000	-31325.921130927047	305.620215267529	31.301825846774573	0.9518770201587163
83.8%	8380000	-31462.66301224957	310.275734769682	30.30078615073224	0.9833239495614485
83.9%	8390000	-31028.02498452546	318.7774288337571	30.76730741795249	0.9684139176627923
84.0%	8400000	-31520.441274766985	301.8376106843045	31.068793512293578	0.9590165997519382
84.1%	8410000	-31440.924627753848	307.4291686000555	30.584693970066173	0.974196071463598
84.2%	8420000	-31492.613434419443	317.1290069089859	29.930191678390432	0.9954994285608659
84.3%	8430000	-31292.96672376996	312.2091451340518	30.964964081185865	0.962232303400553
84.4%	8440000	-31315.742100205098	304.21979262788426	30.38335901536943	0.9806515697452283
84.5%	8450000	-31612.84531688731	320.9266318921197	30.406116089788775	0.9799176134357068
84.6%	8460000	-31309.389491751266	310.1168524514657	30.54720811913373	0.9753915512132181
84.7%	8470000	-31401.49546237936	315.72612531355213	31.174362340523206	0.9557689869352688
84.8%	8480000	-32016.632233752054	307.63538218766195	30.4443053164996	0.9786884083180868
84.9%	8490000	-31617.858436111535	304.50896736327985	30.647553826314496	0.9721979405407543
85.0%	8500000	-31392.10237526492	313.56349173156593	30.612801136801398	0.9733016125968298
85.1%	8510000	-31240.94973769778	312.88312684869265	30.172062786183538	0.9875191140792297
85.2%	8520000	-31891.131088788563	309.4929747153034	30.197115880460807	0.9866998169793488
85.3%	8530000	-31300.572744302393	315.75888027331257	30.58777739538671	0.9740978668508508
85.4%	8540000	-31279.777962293418	321.2552959702237	30.50171557488374	0.9768463232635213
85.5%	8550000	-31765.961856586335	306.25663480687433	30.055533145049004	0.9913478682531047
85.6%	8560000	-31125.37382302055	303.2227896624885	30.803621200152616	0.9672722735730578
85.7%	8570000	-31200.20625628991	309.36598529113616	30.878802971520876	0.9649172197521667
85.8%	8580000	-31344.833747575	315.8798824267249	30.501915224157496	0.9768399293483335
85.9%	8590000	-31597.652502619603	305.79463850594465	30.877568625184253	0.9649557928033612
86.0%	8600000	-31633.222092859738	307.6229538788828	30.6916844985145	0.9708000456604781
86.1%	8610000	-32001.82464288216	298.97670254030714	30.23960457025114	0.9853134369973481
86.2%	8620000	-31797.290329924144	312.7227952325026	30.54976421082022	0.9753099404283386
86.3%	8630000	-31700.63615480432	300.42401765760053	30.395374226947798	0.9802639207560375
86.4%	8640000	-31409.749620651768	307.8823548379674	30.4359176939753	0.9789581182384651
86.5%	8650000	-31218.41885223257	315.18050443470315	30.79263591300213	0.9676173484054926
86.6%	8660000	-31968.43106061255	306.68261886811126	30.03922505200075	0.9918860643367479
86.7%	8670000	-31210.206125592056	308.838049685896	30.73914222959961	0.9693012410692424
86.8%	8680000	-31900.742686817364	309.2418143830152	30.27877711820659	0.9840387079119808
86.9%	8690000	-31512.949455345457	314.77843964573844	30.708635279616193	0.9702641762244817
87.0%	8700000	-31689.11977900419	313.5067875854283	30.617689581786646	0.9731462144772387
87.1%	8710000	-31998.96958574088	306.2342997833405	30.46107459372241	0.9781496257093727
87.2%	8720000	-31496.77258204104	310.8999430653904	30.23854961228123	0.9853478124643115
87.3%	8730000	-31388.683785832516	315.4045453291408	30.266905022889272	0.9844246939031956
87.4%	8740000	-31862.927281300566	303.39242207877675	30.666385537196412	0.9716009301590105
87.5%	8750000	-31628.05480813881	315.77470460205035	30.853555881128408	0.9657067998045339
87.6%	8760000	-31673.555073088442	308.48168479219447	30.562961924769414	0.9748887815878684
87.7%	8770000	-31485.960423783807	315.54442459701767	30.479665738968308	0.9775530009983435
87.8%	8780000	-31817.225811607612	301.8966278299285	30.27749542581072	0.9840803637659884
87.9%	8790000	-31941.21370728704	305.1975322873209	31.10492646858907	0.9579025606327496
88.0%	8800000	-31334.604803359078	302.33631292297474	30.65401188337943	0.9719931220066481
88.1%	8810000	-31551.904875699372	308.44242753262023	30.48034806774236	0.9775311176347004
88.2%	8820000	-31657.326476284477	303.27126092114213	30.90740227444456	0.9640243605070274
88.3%	8830000	-31254.440181512327	314.786364123328	30.950376955437783	0.9626858101099794
88.4%	8840000	-31842.98333248397	310.71086093103844	29.922114353254106	0.9957681586533517
88.5%	8850000	-31657.626217943558	309.3308243375146	30.639158051699685	0.9724643432524732
88.6%	8860000	-31459.333946512954	319.8837930653579	30.489445364655136	0.9772394465100783
88.7%	8870000	-31422.536666045373	305.439372396582	30.8064833104172	0.9671824080770534
88.8%	8880000	-31422.92872059386	310.41164944380057	30.755076128962244	0.9687990557271379
88.9%	8890000	-31823.522980570735	308.2470084193016	30.75472735109743	0.9688100425150303
89.0%	8900000	-31399.084561982367	312.8317619435546	30.839201182190767	0.9661563065959493
89.1%	8910000	-31146.054082322808	309.98563253046433	30.625577349090147	0.9728955759078955
89.2%	8920000	-31536.458227267314	303.0312447415947	30.648068823332995	0.9721816041430628
89.3%	8930000	-31326.27532708732	308.0575096277776	31.098176273938368	0.9581104837174901
89.4%	8940000	-31796.935921336466	308.96723038072287	30.00839256697609	0.992905189641663
89.5%	8950000	-31524.475246598886	300.9729113762662	30.56029103696055	0.974973984263412
89.6%	8960000	-31590.761291204893	317.19982093644444	30.445534171717775	0.9786489060925472
89.7%	8970000	-31337.912761520536	304.1191614827624	30.76265465313965	0.9685603875383988
89.8%	8980000	-31377.790094686847	316.5215878101214	30.41093168417078	0.9797624427292287
89.9%	8990000	-31512.851207143103	307.1999320933485	30.737092755470126	0.9693658717040606
90.0%	9000000	-31459.723815614532	301.02393826634125	30.845243566060248	0.9659670428195142
90.1%	9010000	-31412.27272075083	316.0610471397221	30.230704849749625	0.9856035067869624
90.2%	9020000	-31411.30257256044	309.83089779682297	30.491941446590506	0.9771594493169434
90.3%	9030000	-31292.499033878034	314.18683563605487	30.31726195924077	0.9827895656478679
90.4%	9040000	-31071.61601927498	318.6435079022127	30.748524251887215	0.9690054868479141
90.5%	9050000	-31124.448965539166	309.0585755851303	31.1576306264512	0.9562822369188768
90.6%	9060000	-31306.31350845372	314.782026749769	30.422116495926737	0.9794022291823196
90.7%	9070000	-31771.43786237127	306.3079411134394	30.24822170713648	0.9850327401403964
90.8%	9080000	-31392.451163169986	316.87314458921446	30.386976629805407	0.9805348217278591
90.9%	9090000	-31120.376538782322	311.6124724297147	30.77084952138295	0.9683024413040563
91.0%	9100000	-31579.371873789874	304.9765883062404	30.758016143895084	0.9687064527556905
91.1%	9110000	-31382.28277595056	315.32630728151537	30.68607571913066	0.970977487811497
91.2%	9120000	-31437.243189954606	314.5400803119647	30.86691521433491	0.9652888377623667
91.3%	9130000	-31605.75115746766	306.57911590429006	30.625379745434195	0.972901853306715
91.4%	9140000	-31224.414014294918	313.4294961244215	30.754252801578534	0.9688249916130476
91.5%	9150000	-31485.160301158146	307.85889415733953	30.46822011008192	0.9779202265476463
91.6%	9160000	-31603.79284914647	311.539703512368	30.819365277225533	0.9667781423964862
91.7%	9170000	-31542.583649197768	304.5282138361986	31.00841332724513	0.9608840155125079
91.8%	9180000	-31485.348678049573	317.6311135404098	30.886952015544196	0.9646626412849011
91.9%	9190000	-31741.60265223024	312.49375533709286	30.610033731635955	0.9733896072698788
92.0%	9200000	-31291.635080703476	309.2625084010867	30.895369950193146	0.9643998036142174
92.1%	9210000	-31588.06958346715	313.97319566496594	30.279372614823203	0.9840193550763513
92.2%	9220000	-31298.718739071803	304.2616346868523	31.06218346183061	0.9592206790346123
92.3%	9230000	-31553.949562500988	310.8777137033093	30.59361243662501	0.9739120796629208
92.4%	9240000	-31329.72917847283	310.21769611048916	30.637260306082933	0.9725245800336484
92.5%	9250000	-31686.75545831019	307.6574774432248	30.650599519311342	0.9721013350418245
92.6%	9260000	-31530.18303465977	311.5283947088336	30.704927630297867	0.97038133654985
92.7%	9270000	-31838.784753061773	303.859402331008	30.151117319315063	0.988205126762172
92.8%	9280000	-31813.915626726986	301.26980145450176	30.626389495680332	0.9728697767902853
92.9%	9290000	-31323.602240162378	302.58119445309285	30.81058885540609	0.9670535299531247
93.0%	9300000	-31734.88192800613	310.0441640422661	30.84554581591302	0.9659575774854195
93.1%	9310000	-31552.747533955204	312.76353222092337	30.945358891050283	0.9628419181518049
93.2%	9320000	-31268.23020836193	307.51376677682833	30.278712406998903	0.9840408109846722
93.3%	9330000	-30972.970768645348	324.67568604187886	30.69003575134276	0.9708521995205315
93.4%	9340000	-31151.903213781712	323.3708248179547	31.103954639380312	0.9579324898715992
93.5%	9350000	-31322.988598540367	311.33486499671994	30.54072372649733	0.9755986459058305
93.6%	9360000	-31422.430213263433	320.49091809729214	30.613947290753224	0.9732651732092853
93.7%	9370000	-31227.08450994821	319.66353282516866	30.941383204815214	0.9629656345782879
93.8%	9380000	-31679.07614114968	304.4781761890605	30.663313079419666	0.9716982843759547
93.9%	9390000	-31859.302806953376	308.14827347901974	30.438276901774042	0.9788822412223435
94.0%	9400000	-31273.229176136607	310.3385122317385	30.963843455312865	0.9622671279667145
94.1%	9410000	-31394.31144219119	322.129234614282	30.205710130554618	0.9864190771802187
94.2%	9420000	-31731.38521969592	303.711258055408	30.633359612637374	0.972648416279589
94.3%	9430000	-31548.960015633085	305.910621367944	30.95568587492289	0.9625207088915481
94.4%	9440000	-31302.970387609617	312.32540886004267	30.72303776637281	0.9698093313274779
94.5%	9450000	-30879.14503603702	322.54620721667715	31.26443543483065	0.953015408663376
94.6%	9460000	-31699.343443322985	307.0165037166692	31.08723818849456	0.9584475961451676
94.7%	9470000	-31385.341951966693	301.87307312009136	30.713391316562277	0.9701139286591113
94.8%	9480000	-31638.828350672673	302.2568342076912	30.70882421938386	0.9702582065563915
94.9%	9490000	-31430.55449671735	306.7298756099243	30.105230023492393	0.9897113786974613
95.0%	9500000	-31079.919199173746	313.53122584185485	30.63003054194016	0.9727541300279606
95.1%	9510000	-31145.174037346093	309.28862654504775	30.902245685418514	0.9641852251085465
95.2%	9520000	-31486.282315512828	307.1989309968579	30.42384678697342	0.9793465277807145
95.3%	9530000	-31712.447655922733	294.6060110764058	30.327574255199515	0.9824553873591316
95.4%	9540000	-31857.234201587446	302.5041455852584	30.60565468685429	0.9735288794639833
95.5%	9550000	-31497.522851556714	311.7412396506172	30.63362291543387	0.9726400561503048
95.6%	9560000	-31659.23307403637	305.6265301960502	30.7376461264128	0.9693484201755989
95.7%	9570000	-31499.996032585797	306.57743454315437	31.018693458169146	0.9605655619485115
95.8%	9580000	-31442.136513157922	314.2228295785883	30.37463166856443	0.9809333340292342
95.9%	9590000	-31245.72120825987	313.82991289909694	30.9980276369351	0.9612059535379155
96.0%	9600000	-31852.0416739778	301.35030329771746	30.364319624510287	0.9812664693630659
96.1%	9610000	-31790.253661923634	305.4369260380226	30.18122453840492	0.9872193447499382
96.2%	9620000	-31461.22418955987	315.3934794377446	30.446719322365375	0.9786108117950121
96.3%	9630000	-30861.249248840788	317.53192073120294	30.89734260629539	0.9643382310323341
96.4%	9640000	-31520.938386083057	309.3308377022038	30.790900312705105	0.9676718903948545
96.5%	9650000	-31874.99120235123	306.62671057744046	30.272648213850733	0.9842379332681719
96.6%	9660000	-31316.56730565097	315.70435453642284	30.353308254406095	0.981622446648126
96.7%	9670000	-31400.90778434457	319.81286045225414	30.679832066153306	0.9711750914512316
96.8%	9680000	-31780.877556940133	299.55725721589965	30.763643249971654	0.9685292626250408
96.9%	9690000	-31989.15135899867	302.79882463825084	30.501169191366163	0.9768638220264996
97.0%	9700000	-31024.059186185303	308.2984073583485	31.362613140407976	0.9500320837158174
97.1%	9710000	-31707.4402907411	311.52936099214367	30.68536716533212	0.9709999085889177
97.2%	9720000	-31285.738460271095	316.8735303104453	30.642283560900935	0.9723651520075817
97.3%	9730000	-31231.203099350387	314.5907763521766	30.721489159503836	0.9698582174144865
97.4%	9740000	-31604.42300076125	311.59612855922455	30.540327115025413	0.9756113155021152
97.5%	9750000	-31195.199042193533	308.9289469689592	30.52958861637885	0.9759544777019974
97.6%	9760000	-31734.88914963411	304.70909051329556	30.87517372554538	0.9650306416868123
97.7%	9770000	-31457.343751334527	306.2953706502847	30.486101749113153	0.9773466269239105
97.8%	9780000	-31470.140012029733	312.56335604889716	30.735538157097295	0.9694149020675155
97.9%	9790000	-31662.783231913054	310.1752472608	29.992512953741375	0.9934308858517329
98.0%	9800000	-31357.186372742814	303.3775831948781	30.604334657621347	0.973570869809285
98.1%	9810000	-31451.724619415298	317.50082085043357	30.233274099665742	0.9855197493441268
98.2%	9820000	-31299.85894276196	312.2940297098921	30.501614679010697	0.976849554560082
98.3%	9830000	-31157.728169305658	314.53565122254327	30.663116902747447	0.9717045011130346
98.4%	9840000	-31434.653204387927	310.4435102896097	30.421566096915317	0.9794199489149924
98.5%	9850000	-31508.91200244607	305.63568489319306	31.051761506690717	0.959542623890591
98.6%	9860000	-31540.95083761023	308.88482715401784	30.1909275888405	0.9869020627099978
98.7%	9870000	-31893.06078177871	298.728077698763	30.419974339494225	0.9794711981026034
98.8%	9880000	-31387.596447333635	306.97611073007016	30.34366990433762	0.981934248773765
98.9%	9890000	-31974.988919506257	300.97298999095824	30.360726061103556	0.9813826142559601
99.0%	9900000	-31357.936891458783	310.1627665807681	30.753691168426663	0.9688426845862477
99.1%	9910000	-31887.61039609596	302.68154601989926	30.40886015028463	0.9798291867995578
99.2%	9920000	-31655.085083020094	309.4935689597448	30.40550370130814	0.9799373496737358
99.3%	9930000	-31470.216390216578	301.44898114753676	30.86387687406776	0.9653838639302449
99.4%	9940000	-31447.615081549564	312.1993949673594	31.193891895412587	0.95517060879911
99.5%	9950000	-32055.794059271866	303.56390923487476	30.60090933858893	0.9736798466633014
99.6%	9960000	-31478.133224498422	307.5340330155363	30.690770445723494	0.9708289586684722
99.7%	9970000	-31296.002969349443	312.5896402876277	30.738685013277404	0.9693156587435301
99.8%	9980000	-31741.293401296192	294.63802247592355	30.79529449629001	0.9675338131981301
99.9%	9990000	-31443.15697608603	317.7288165338538	30.68735836979132	0.9709369035128675
100.0%	10000000	-31792.242242196982	302.6485493062997	30.24419438262368	0.9851639073472357
